{"/Users/ranga/personal/echohomes/frontend/src/App.jsx": {"path":"/Users/ranga/personal/echohomes/frontend/src/App.jsx","statementMap":{"0":{"start":{"line":30,"column":20},"end":{"line":30,"column":null}},"1":{"start":{"line":32,"column":18},"end":{"line":105,"column":null}},"2":{"start":{"line":33,"column":42},"end":{"line":33,"column":null}},"3":{"start":{"line":34,"column":19},"end":{"line":34,"column":null}},"4":{"start":{"line":36,"column":4},"end":{"line":36,"column":null}},"5":{"start":{"line":38,"column":25},"end":{"line":38,"column":null}},"6":{"start":{"line":42,"column":6},"end":{"line":42,"column":null}},"7":{"start":{"line":44,"column":2},"end":{"line":54,"column":null}},"8":{"start":{"line":45,"column":26},"end":{"line":50,"column":null}},"9":{"start":{"line":46,"column":24},"end":{"line":46,"column":null}},"10":{"start":{"line":47,"column":6},"end":{"line":49,"column":null}},"11":{"start":{"line":48,"column":8},"end":{"line":48,"column":null}},"12":{"start":{"line":52,"column":4},"end":{"line":52,"column":null}},"13":{"start":{"line":53,"column":4},"end":{"line":53,"column":null}},"14":{"start":{"line":53,"column":17},"end":{"line":53,"column":null}},"15":{"start":{"line":56,"column":2},"end":{"line":62,"column":null}},"16":{"start":{"line":57,"column":4},"end":{"line":60,"column":null}},"17":{"start":{"line":64,"column":2},"end":{"line":103,"column":null}},"18":{"start":{"line":108,"column":2},"end":{"line":249,"column":null}}},"fnMap":{"0":{"name":"(anonymous_0)","decl":{"start":{"line":32,"column":18},"end":{"line":32,"column":19}},"loc":{"start":{"line":32,"column":36},"end":{"line":105,"column":null}}},"1":{"name":"(anonymous_1)","decl":{"start":{"line":44,"column":12},"end":{"line":44,"column":18}},"loc":{"start":{"line":44,"column":18},"end":{"line":54,"column":5}}},"2":{"name":"(anonymous_2)","decl":{"start":{"line":45,"column":26},"end":{"line":45,"column":32}},"loc":{"start":{"line":45,"column":32},"end":{"line":50,"column":null}}},"3":{"name":"(anonymous_3)","decl":{"start":{"line":53,"column":11},"end":{"line":53,"column":17}},"loc":{"start":{"line":53,"column":17},"end":{"line":53,"column":null}}},"4":{"name":"App","decl":{"start":{"line":107,"column":9},"end":{"line":107,"column":15}},"loc":{"start":{"line":107,"column":15},"end":{"line":251,"column":null}}}},"branchMap":{"0":{"loc":{"start":{"line":36,"column":4},"end":{"line":36,"column":null}},"type":"binary-expr","locations":[{"start":{"line":36,"column":4},"end":{"line":36,"column":38}},{"start":{"line":36,"column":38},"end":{"line":36,"column":null}}]},"1":{"loc":{"start":{"line":47,"column":6},"end":{"line":49,"column":null}},"type":"if","locations":[{"start":{"line":47,"column":6},"end":{"line":49,"column":null}},{"start":{},"end":{}}]},"2":{"loc":{"start":{"line":56,"column":2},"end":{"line":62,"column":null}},"type":"if","locations":[{"start":{"line":56,"column":2},"end":{"line":62,"column":null}},{"start":{},"end":{}}]},"3":{"loc":{"start":{"line":69,"column":10},"end":{"line":71,"column":null}},"type":"cond-expr","locations":[{"start":{"line":70,"column":14},"end":{"line":70,"column":null}},{"start":{"line":71,"column":14},"end":{"line":71,"column":null}}]},"4":{"loc":{"start":{"line":73,"column":22},"end":{"line":73,"column":null}},"type":"binary-expr","locations":[{"start":{"line":73,"column":22},"end":{"line":73,"column":44}},{"start":{"line":73,"column":44},"end":{"line":73,"column":null}}]},"5":{"loc":{"start":{"line":74,"column":20},"end":{"line":74,"column":null}},"type":"binary-expr","locations":[{"start":{"line":74,"column":20},"end":{"line":74,"column":46}},{"start":{"line":74,"column":46},"end":{"line":74,"column":null}}]},"6":{"loc":{"start":{"line":94,"column":18},"end":{"line":94,"column":null}},"type":"cond-expr","locations":[{"start":{"line":94,"column":51},"end":{"line":94,"column":67}},{"start":{"line":94,"column":67},"end":{"line":94,"column":null}}]}},"s":{"0":0,"1":0,"2":0,"3":0,"4":0,"5":0,"6":0,"7":0,"8":0,"9":0,"10":0,"11":0,"12":0,"13":0,"14":0,"15":0,"16":0,"17":0,"18":0},"f":{"0":0,"1":0,"2":0,"3":0,"4":0},"b":{"0":[0,0],"1":[0,0],"2":[0,0],"3":[0,0],"4":[0,0],"5":[0,0],"6":[0,0]}}
,"/Users/ranga/personal/echohomes/frontend/src/main.jsx": {"path":"/Users/ranga/personal/echohomes/frontend/src/main.jsx","statementMap":{"0":{"start":{"line":8,"column":0},"end":{"line":14,"column":null}}},"fnMap":{},"branchMap":{},"s":{"0":0},"f":{},"b":{}}
,"/Users/ranga/personal/echohomes/frontend/src/supabase.js": {"path":"/Users/ranga/personal/echohomes/frontend/src/supabase.js","statementMap":{"0":{"start":{"line":3,"column":20},"end":{"line":3,"column":53}},"1":{"start":{"line":4,"column":24},"end":{"line":4,"column":62}},"2":{"start":{"line":6,"column":24},"end":{"line":6,"column":66}}},"fnMap":{},"branchMap":{},"s":{"0":3,"1":3,"2":3},"f":{},"b":{}}
,"/Users/ranga/personal/echohomes/frontend/src/auth/useAuth.jsx": {"path":"/Users/ranga/personal/echohomes/frontend/src/auth/useAuth.jsx","statementMap":{"0":{"start":{"line":5,"column":20},"end":{"line":5,"column":null}},"1":{"start":{"line":7,"column":28},"end":{"line":92,"column":null}},"2":{"start":{"line":8,"column":26},"end":{"line":8,"column":null}},"3":{"start":{"line":9,"column":34},"end":{"line":9,"column":null}},"4":{"start":{"line":10,"column":32},"end":{"line":10,"column":null}},"5":{"start":{"line":12,"column":2},"end":{"line":29,"column":null}},"6":{"start":{"line":13,"column":4},"end":{"line":13,"column":null}},"7":{"start":{"line":16,"column":4},"end":{"line":19,"column":null}},"8":{"start":{"line":17,"column":6},"end":{"line":17,"column":null}},"9":{"start":{"line":18,"column":6},"end":{"line":18,"column":null}},"10":{"start":{"line":24,"column":8},"end":{"line":26,"column":null}},"11":{"start":{"line":25,"column":6},"end":{"line":25,"column":null}},"12":{"start":{"line":28,"column":4},"end":{"line":28,"column":null}},"13":{"start":{"line":28,"column":17},"end":{"line":28,"column":null}},"14":{"start":{"line":31,"column":2},"end":{"line":85,"column":null}},"15":{"start":{"line":33,"column":6},"end":{"line":63,"column":null}},"16":{"start":{"line":35,"column":26},"end":{"line":35,"column":null}},"17":{"start":{"line":36,"column":8},"end":{"line":39,"column":null}},"18":{"start":{"line":37,"column":10},"end":{"line":37,"column":null}},"19":{"start":{"line":38,"column":10},"end":{"line":38,"column":null}},"20":{"start":{"line":42,"column":24},"end":{"line":42,"column":null}},"21":{"start":{"line":43,"column":8},"end":{"line":46,"column":null}},"22":{"start":{"line":44,"column":10},"end":{"line":44,"column":null}},"23":{"start":{"line":45,"column":10},"end":{"line":45,"column":null}},"24":{"start":{"line":49,"column":27},"end":{"line":53,"column":null}},"25":{"start":{"line":54,"column":8},"end":{"line":57,"column":null}},"26":{"start":{"line":55,"column":10},"end":{"line":55,"column":null}},"27":{"start":{"line":56,"column":10},"end":{"line":56,"column":null}},"28":{"start":{"line":60,"column":8},"end":{"line":60,"column":null}},"29":{"start":{"line":62,"column":8},"end":{"line":62,"column":null}},"30":{"start":{"line":68,"column":30},"end":{"line":72,"column":null}},"31":{"start":{"line":74,"column":6},"end":{"line":77,"column":null}},"32":{"start":{"line":75,"column":8},"end":{"line":75,"column":null}},"33":{"start":{"line":76,"column":8},"end":{"line":76,"column":null}},"34":{"start":{"line":79,"column":6},"end":{"line":79,"column":null}},"35":{"start":{"line":82,"column":4},"end":{"line":84,"column":null}},"36":{"start":{"line":83,"column":6},"end":{"line":83,"column":null}},"37":{"start":{"line":87,"column":2},"end":{"line":90,"column":null}},"38":{"start":{"line":94,"column":23},"end":{"line":94,"column":null}},"39":{"start":{"line":94,"column":29},"end":{"line":94,"column":null}}},"fnMap":{"0":{"name":"(anonymous_0)","decl":{"start":{"line":7,"column":28},"end":{"line":7,"column":29}},"loc":{"start":{"line":7,"column":46},"end":{"line":92,"column":null}}},"1":{"name":"(anonymous_1)","decl":{"start":{"line":12,"column":12},"end":{"line":12,"column":18}},"loc":{"start":{"line":12,"column":18},"end":{"line":29,"column":5}}},"2":{"name":"(anonymous_2)","decl":{"start":{"line":16,"column":36},"end":{"line":16,"column":37}},"loc":{"start":{"line":16,"column":63},"end":{"line":19,"column":5}}},"3":{"name":"(anonymous_3)","decl":{"start":{"line":24,"column":40},"end":{"line":24,"column":41}},"loc":{"start":{"line":24,"column":61},"end":{"line":26,"column":5}}},"4":{"name":"(anonymous_4)","decl":{"start":{"line":28,"column":11},"end":{"line":28,"column":17}},"loc":{"start":{"line":28,"column":17},"end":{"line":28,"column":null}}},"5":{"name":"(anonymous_5)","decl":{"start":{"line":31,"column":12},"end":{"line":31,"column":18}},"loc":{"start":{"line":31,"column":18},"end":{"line":85,"column":5}}},"6":{"name":"determineUserType","decl":{"start":{"line":32,"column":19},"end":{"line":32,"column":37}},"loc":{"start":{"line":32,"column":45},"end":{"line":64,"column":null}}},"7":{"name":"checkIdExists","decl":{"start":{"line":67,"column":19},"end":{"line":67,"column":33}},"loc":{"start":{"line":67,"column":53},"end":{"line":80,"column":null}}},"8":{"name":"(anonymous_8)","decl":{"start":{"line":94,"column":23},"end":{"line":94,"column":29}},"loc":{"start":{"line":94,"column":29},"end":{"line":94,"column":null}}}},"branchMap":{"0":{"loc":{"start":{"line":18,"column":14},"end":{"line":18,"column":35}},"type":"binary-expr","locations":[{"start":{"line":18,"column":14},"end":{"line":18,"column":31}},{"start":{"line":18,"column":31},"end":{"line":18,"column":35}}]},"1":{"loc":{"start":{"line":25,"column":14},"end":{"line":25,"column":35}},"type":"binary-expr","locations":[{"start":{"line":25,"column":14},"end":{"line":25,"column":31}},{"start":{"line":25,"column":31},"end":{"line":25,"column":35}}]},"2":{"loc":{"start":{"line":36,"column":8},"end":{"line":39,"column":null}},"type":"if","locations":[{"start":{"line":36,"column":8},"end":{"line":39,"column":null}},{"start":{},"end":{}}]},"3":{"loc":{"start":{"line":43,"column":8},"end":{"line":46,"column":null}},"type":"if","locations":[{"start":{"line":43,"column":8},"end":{"line":46,"column":null}},{"start":{},"end":{}}]},"4":{"loc":{"start":{"line":54,"column":8},"end":{"line":57,"column":null}},"type":"if","locations":[{"start":{"line":54,"column":8},"end":{"line":57,"column":null}},{"start":{},"end":{}}]},"5":{"loc":{"start":{"line":74,"column":6},"end":{"line":77,"column":null}},"type":"if","locations":[{"start":{"line":74,"column":6},"end":{"line":77,"column":null}},{"start":{},"end":{}}]},"6":{"loc":{"start":{"line":79,"column":13},"end":{"line":79,"column":null}},"type":"cond-expr","locations":[{"start":{"line":79,"column":20},"end":{"line":79,"column":27}},{"start":{"line":79,"column":27},"end":{"line":79,"column":null}}]},"7":{"loc":{"start":{"line":82,"column":4},"end":{"line":84,"column":null}},"type":"if","locations":[{"start":{"line":82,"column":4},"end":{"line":84,"column":null}},{"start":{},"end":{}}]}},"s":{"0":1,"1":1,"2":7,"3":7,"4":7,"5":7,"6":4,"7":4,"8":4,"9":4,"10":4,"11":0,"12":4,"13":4,"14":7,"15":1,"16":1,"17":1,"18":0,"19":0,"20":1,"21":1,"22":1,"23":1,"24":0,"25":0,"26":0,"27":0,"28":0,"29":0,"30":2,"31":2,"32":0,"33":0,"34":2,"35":5,"36":1,"37":7,"38":1,"39":7},"f":{"0":7,"1":4,"2":4,"3":0,"4":4,"5":5,"6":1,"7":2,"8":7},"b":{"0":[4,2],"1":[0,0],"2":[0,1],"3":[1,0],"4":[0,0],"5":[0,2],"6":[1,1],"7":[1,4]}}
,"/Users/ranga/personal/echohomes/frontend/src/components/BuilderDashboard.jsx": {"path":"/Users/ranga/personal/echohomes/frontend/src/components/BuilderDashboard.jsx","statementMap":{"0":{"start":{"line":8,"column":25},"end":{"line":271,"column":null}},"1":{"start":{"line":9,"column":22},"end":{"line":9,"column":null}},"2":{"start":{"line":10,"column":36},"end":{"line":14,"column":null}},"3":{"start":{"line":15,"column":54},"end":{"line":15,"column":null}},"4":{"start":{"line":16,"column":34},"end":{"line":22,"column":null}},"5":{"start":{"line":23,"column":36},"end":{"line":27,"column":null}},"6":{"start":{"line":29,"column":27},"end":{"line":29,"column":null}},"7":{"start":{"line":31,"column":2},"end":{"line":137,"column":null}},"8":{"start":{"line":32,"column":4},"end":{"line":32,"column":null}},"9":{"start":{"line":32,"column":20},"end":{"line":32,"column":null}},"10":{"start":{"line":35,"column":25},"end":{"line":63,"column":null}},"11":{"start":{"line":36,"column":6},"end":{"line":36,"column":null}},"12":{"start":{"line":36,"column":15},"end":{"line":36,"column":null}},"13":{"start":{"line":38,"column":6},"end":{"line":62,"column":null}},"14":{"start":{"line":39,"column":25},"end":{"line":39,"column":null}},"15":{"start":{"line":40,"column":27},"end":{"line":44,"column":null}},"16":{"start":{"line":46,"column":8},"end":{"line":48,"column":null}},"17":{"start":{"line":47,"column":10},"end":{"line":47,"column":null}},"18":{"start":{"line":49,"column":23},"end":{"line":52,"column":null}},"19":{"start":{"line":53,"column":8},"end":{"line":53,"column":null}},"20":{"start":{"line":54,"column":8},"end":{"line":58,"column":null}},"21":{"start":{"line":55,"column":10},"end":{"line":57,"column":null}},"22":{"start":{"line":56,"column":12},"end":{"line":56,"column":null}},"23":{"start":{"line":59,"column":8},"end":{"line":59,"column":null}},"24":{"start":{"line":61,"column":8},"end":{"line":61,"column":null}},"25":{"start":{"line":66,"column":26},"end":{"line":108,"column":null}},"26":{"start":{"line":67,"column":6},"end":{"line":67,"column":null}},"27":{"start":{"line":67,"column":15},"end":{"line":67,"column":null}},"28":{"start":{"line":69,"column":6},"end":{"line":107,"column":null}},"29":{"start":{"line":70,"column":31},"end":{"line":74,"column":null}},"30":{"start":{"line":75,"column":26},"end":{"line":81,"column":null}},"31":{"start":{"line":82,"column":8},"end":{"line":82,"column":null}},"32":{"start":{"line":83,"column":8},"end":{"line":103,"column":null}},"33":{"start":{"line":84,"column":10},"end":{"line":102,"column":null}},"34":{"start":{"line":86,"column":14},"end":{"line":86,"column":null}},"35":{"start":{"line":87,"column":14},"end":{"line":87,"column":null}},"36":{"start":{"line":89,"column":14},"end":{"line":89,"column":null}},"37":{"start":{"line":90,"column":14},"end":{"line":90,"column":null}},"38":{"start":{"line":92,"column":14},"end":{"line":92,"column":null}},"39":{"start":{"line":93,"column":14},"end":{"line":93,"column":null}},"40":{"start":{"line":95,"column":14},"end":{"line":95,"column":null}},"41":{"start":{"line":96,"column":14},"end":{"line":96,"column":null}},"42":{"start":{"line":98,"column":14},"end":{"line":98,"column":null}},"43":{"start":{"line":99,"column":14},"end":{"line":99,"column":null}},"44":{"start":{"line":101,"column":14},"end":{"line":101,"column":null}},"45":{"start":{"line":104,"column":8},"end":{"line":104,"column":null}},"46":{"start":{"line":106,"column":8},"end":{"line":106,"column":null}},"47":{"start":{"line":111,"column":24},"end":{"line":132,"column":null}},"48":{"start":{"line":112,"column":6},"end":{"line":131,"column":null}},"49":{"start":{"line":113,"column":31},"end":{"line":115,"column":null}},"50":{"start":{"line":116,"column":27},"end":{"line":120,"column":null}},"51":{"start":{"line":121,"column":8},"end":{"line":127,"column":null}},"52":{"start":{"line":122,"column":10},"end":{"line":122,"column":null}},"53":{"start":{"line":123,"column":10},"end":{"line":125,"column":null}},"54":{"start":{"line":124,"column":12},"end":{"line":124,"column":null}},"55":{"start":{"line":126,"column":10},"end":{"line":126,"column":null}},"56":{"start":{"line":128,"column":8},"end":{"line":128,"column":null}},"57":{"start":{"line":130,"column":8},"end":{"line":130,"column":null}},"58":{"start":{"line":134,"column":4},"end":{"line":134,"column":null}},"59":{"start":{"line":135,"column":4},"end":{"line":135,"column":null}},"60":{"start":{"line":136,"column":4},"end":{"line":136,"column":null}},"61":{"start":{"line":139,"column":2},"end":{"line":269,"column":null}}},"fnMap":{"0":{"name":"(anonymous_0)","decl":{"start":{"line":8,"column":25},"end":{"line":8,"column":31}},"loc":{"start":{"line":8,"column":31},"end":{"line":271,"column":null}}},"1":{"name":"(anonymous_1)","decl":{"start":{"line":31,"column":12},"end":{"line":31,"column":18}},"loc":{"start":{"line":31,"column":18},"end":{"line":137,"column":5}}},"2":{"name":"(anonymous_2)","decl":{"start":{"line":35,"column":25},"end":{"line":35,"column":32}},"loc":{"start":{"line":35,"column":39},"end":{"line":63,"column":null}}},"3":{"name":"(anonymous_3)","decl":{"start":{"line":46,"column":41},"end":{"line":46,"column":42}},"loc":{"start":{"line":46,"column":55},"end":{"line":48,"column":9}}},"4":{"name":"(anonymous_4)","decl":{"start":{"line":54,"column":28},"end":{"line":54,"column":29}},"loc":{"start":{"line":54,"column":39},"end":{"line":58,"column":9}}},"5":{"name":"(anonymous_5)","decl":{"start":{"line":66,"column":26},"end":{"line":66,"column":33}},"loc":{"start":{"line":66,"column":40},"end":{"line":108,"column":null}}},"6":{"name":"(anonymous_6)","decl":{"start":{"line":83,"column":37},"end":{"line":83,"column":38}},"loc":{"start":{"line":83,"column":48},"end":{"line":103,"column":9}}},"7":{"name":"(anonymous_7)","decl":{"start":{"line":111,"column":24},"end":{"line":111,"column":31}},"loc":{"start":{"line":111,"column":38},"end":{"line":132,"column":null}}},"8":{"name":"(anonymous_8)","decl":{"start":{"line":121,"column":36},"end":{"line":121,"column":37}},"loc":{"start":{"line":121,"column":47},"end":{"line":127,"column":9}}}},"branchMap":{"0":{"loc":{"start":{"line":32,"column":4},"end":{"line":32,"column":null}},"type":"if","locations":[{"start":{"line":32,"column":4},"end":{"line":32,"column":null}},{"start":{},"end":{}}]},"1":{"loc":{"start":{"line":36,"column":6},"end":{"line":36,"column":null}},"type":"if","locations":[{"start":{"line":36,"column":6},"end":{"line":36,"column":null}},{"start":{},"end":{}}]},"2":{"loc":{"start":{"line":55,"column":10},"end":{"line":57,"column":null}},"type":"if","locations":[{"start":{"line":55,"column":10},"end":{"line":57,"column":null}},{"start":{},"end":{}}]},"3":{"loc":{"start":{"line":67,"column":6},"end":{"line":67,"column":null}},"type":"if","locations":[{"start":{"line":67,"column":6},"end":{"line":67,"column":null}},{"start":{},"end":{}}]},"4":{"loc":{"start":{"line":84,"column":10},"end":{"line":102,"column":null}},"type":"switch","locations":[{"start":{"line":85,"column":12},"end":{"line":87,"column":null}},{"start":{"line":88,"column":12},"end":{"line":90,"column":null}},{"start":{"line":91,"column":12},"end":{"line":93,"column":null}},{"start":{"line":94,"column":12},"end":{"line":96,"column":null}},{"start":{"line":97,"column":12},"end":{"line":99,"column":null}},{"start":{"line":100,"column":12},"end":{"line":101,"column":null}}]},"5":{"loc":{"start":{"line":123,"column":10},"end":{"line":125,"column":null}},"type":"if","locations":[{"start":{"line":123,"column":10},"end":{"line":125,"column":null}},{"start":{},"end":{}}]}},"s":{"0":0,"1":0,"2":0,"3":0,"4":0,"5":0,"6":0,"7":0,"8":0,"9":0,"10":0,"11":0,"12":0,"13":0,"14":0,"15":0,"16":0,"17":0,"18":0,"19":0,"20":0,"21":0,"22":0,"23":0,"24":0,"25":0,"26":0,"27":0,"28":0,"29":0,"30":0,"31":0,"32":0,"33":0,"34":0,"35":0,"36":0,"37":0,"38":0,"39":0,"40":0,"41":0,"42":0,"43":0,"44":0,"45":0,"46":0,"47":0,"48":0,"49":0,"50":0,"51":0,"52":0,"53":0,"54":0,"55":0,"56":0,"57":0,"58":0,"59":0,"60":0,"61":0},"f":{"0":0,"1":0,"2":0,"3":0,"4":0,"5":0,"6":0,"7":0,"8":0},"b":{"0":[0,0],"1":[0,0],"2":[0,0],"3":[0,0],"4":[0,0,0,0,0,0],"5":[0,0]}}
,"/Users/ranga/personal/echohomes/frontend/src/components/BuyerDashboard.jsx": {"path":"/Users/ranga/personal/echohomes/frontend/src/components/BuyerDashboard.jsx","statementMap":{"0":{"start":{"line":8,"column":23},"end":{"line":149,"column":null}},"1":{"start":{"line":9,"column":23},"end":{"line":9,"column":null}},"2":{"start":{"line":10,"column":28},"end":{"line":10,"column":null}},"3":{"start":{"line":11,"column":32},"end":{"line":11,"column":null}},"4":{"start":{"line":12,"column":32},"end":{"line":12,"column":null}},"5":{"start":{"line":13,"column":44},"end":{"line":17,"column":null}},"6":{"start":{"line":19,"column":19},"end":{"line":19,"column":null}},"7":{"start":{"line":20,"column":27},"end":{"line":20,"column":null}},"8":{"start":{"line":23,"column":23},"end":{"line":30,"column":null}},"9":{"start":{"line":24,"column":4},"end":{"line":29,"column":null}},"10":{"start":{"line":25,"column":23},"end":{"line":25,"column":null}},"11":{"start":{"line":26,"column":6},"end":{"line":26,"column":null}},"12":{"start":{"line":28,"column":6},"end":{"line":28,"column":null}},"13":{"start":{"line":33,"column":23},"end":{"line":41,"column":null}},"14":{"start":{"line":34,"column":4},"end":{"line":40,"column":null}},"15":{"start":{"line":35,"column":23},"end":{"line":35,"column":null}},"16":{"start":{"line":36,"column":6},"end":{"line":36,"column":null}},"17":{"start":{"line":37,"column":6},"end":{"line":37,"column":null}},"18":{"start":{"line":39,"column":6},"end":{"line":39,"column":null}},"19":{"start":{"line":44,"column":22},"end":{"line":54,"column":null}},"20":{"start":{"line":45,"column":4},"end":{"line":53,"column":null}},"21":{"start":{"line":46,"column":6},"end":{"line":49,"column":null}},"22":{"start":{"line":50,"column":6},"end":{"line":50,"column":null}},"23":{"start":{"line":52,"column":6},"end":{"line":52,"column":null}},"24":{"start":{"line":57,"column":29},"end":{"line":90,"column":null}},"25":{"start":{"line":58,"column":4},"end":{"line":58,"column":null}},"26":{"start":{"line":60,"column":21},"end":{"line":60,"column":null}},"27":{"start":{"line":61,"column":20},"end":{"line":61,"column":null}},"28":{"start":{"line":62,"column":20},"end":{"line":62,"column":null}},"29":{"start":{"line":63,"column":19},"end":{"line":63,"column":null}},"30":{"start":{"line":65,"column":29},"end":{"line":67,"column":null}},"31":{"start":{"line":66,"column":18},"end":{"line":66,"column":null}},"32":{"start":{"line":68,"column":30},"end":{"line":70,"column":null}},"33":{"start":{"line":69,"column":18},"end":{"line":69,"column":null}},"34":{"start":{"line":71,"column":27},"end":{"line":73,"column":null}},"35":{"start":{"line":72,"column":18},"end":{"line":72,"column":null}},"36":{"start":{"line":75,"column":28},"end":{"line":77,"column":null}},"37":{"start":{"line":76,"column":17},"end":{"line":76,"column":null}},"38":{"start":{"line":78,"column":29},"end":{"line":80,"column":null}},"39":{"start":{"line":79,"column":17},"end":{"line":79,"column":null}},"40":{"start":{"line":81,"column":26},"end":{"line":83,"column":null}},"41":{"start":{"line":82,"column":17},"end":{"line":82,"column":null}},"42":{"start":{"line":85,"column":4},"end":{"line":89,"column":null}},"43":{"start":{"line":93,"column":21},"end":{"line":103,"column":null}},"44":{"start":{"line":94,"column":4},"end":{"line":102,"column":null}},"45":{"start":{"line":95,"column":23},"end":{"line":95,"column":null}},"46":{"start":{"line":96,"column":19},"end":{"line":96,"column":null}},"47":{"start":{"line":97,"column":6},"end":{"line":97,"column":null}},"48":{"start":{"line":98,"column":6},"end":{"line":98,"column":null}},"49":{"start":{"line":99,"column":6},"end":{"line":99,"column":null}},"50":{"start":{"line":101,"column":6},"end":{"line":101,"column":null}},"51":{"start":{"line":104,"column":2},"end":{"line":106,"column":null}},"52":{"start":{"line":105,"column":4},"end":{"line":105,"column":null}},"53":{"start":{"line":108,"column":2},"end":{"line":147,"column":null}},"54":{"start":{"line":132,"column":16},"end":{"line":132,"column":null}}},"fnMap":{"0":{"name":"(anonymous_0)","decl":{"start":{"line":8,"column":23},"end":{"line":8,"column":29}},"loc":{"start":{"line":8,"column":29},"end":{"line":149,"column":null}}},"1":{"name":"(anonymous_1)","decl":{"start":{"line":23,"column":23},"end":{"line":23,"column":30}},"loc":{"start":{"line":23,"column":37},"end":{"line":30,"column":null}}},"2":{"name":"(anonymous_2)","decl":{"start":{"line":33,"column":23},"end":{"line":33,"column":30}},"loc":{"start":{"line":33,"column":37},"end":{"line":41,"column":null}}},"3":{"name":"(anonymous_3)","decl":{"start":{"line":44,"column":22},"end":{"line":44,"column":29}},"loc":{"start":{"line":44,"column":39},"end":{"line":54,"column":null}}},"4":{"name":"(anonymous_4)","decl":{"start":{"line":57,"column":29},"end":{"line":57,"column":30}},"loc":{"start":{"line":57,"column":40},"end":{"line":90,"column":null}}},"5":{"name":"(anonymous_5)","decl":{"start":{"line":66,"column":6},"end":{"line":66,"column":7}},"loc":{"start":{"line":66,"column":18},"end":{"line":66,"column":null}}},"6":{"name":"(anonymous_6)","decl":{"start":{"line":69,"column":6},"end":{"line":69,"column":7}},"loc":{"start":{"line":69,"column":18},"end":{"line":69,"column":null}}},"7":{"name":"(anonymous_7)","decl":{"start":{"line":72,"column":6},"end":{"line":72,"column":7}},"loc":{"start":{"line":72,"column":18},"end":{"line":72,"column":null}}},"8":{"name":"(anonymous_8)","decl":{"start":{"line":76,"column":6},"end":{"line":76,"column":7}},"loc":{"start":{"line":76,"column":17},"end":{"line":76,"column":null}}},"9":{"name":"(anonymous_9)","decl":{"start":{"line":79,"column":6},"end":{"line":79,"column":7}},"loc":{"start":{"line":79,"column":17},"end":{"line":79,"column":null}}},"10":{"name":"(anonymous_10)","decl":{"start":{"line":82,"column":6},"end":{"line":82,"column":7}},"loc":{"start":{"line":82,"column":17},"end":{"line":82,"column":null}}},"11":{"name":"(anonymous_11)","decl":{"start":{"line":93,"column":21},"end":{"line":93,"column":33}},"loc":{"start":{"line":93,"column":33},"end":{"line":103,"column":null}}},"12":{"name":"(anonymous_12)","decl":{"start":{"line":104,"column":12},"end":{"line":104,"column":18}},"loc":{"start":{"line":104,"column":18},"end":{"line":106,"column":5}}},"13":{"name":"(anonymous_13)","decl":{"start":{"line":131,"column":24},"end":{"line":131,"column":25}},"loc":{"start":{"line":131,"column":35},"end":{"line":133,"column":null}}}},"branchMap":{"0":{"loc":{"start":{"line":60,"column":21},"end":{"line":60,"column":null}},"type":"binary-expr","locations":[{"start":{"line":60,"column":21},"end":{"line":60,"column":49}},{"start":{"line":60,"column":49},"end":{"line":60,"column":null}}]},"1":{"loc":{"start":{"line":61,"column":20},"end":{"line":61,"column":null}},"type":"binary-expr","locations":[{"start":{"line":61,"column":20},"end":{"line":61,"column":47}},{"start":{"line":61,"column":47},"end":{"line":61,"column":null}}]},"2":{"loc":{"start":{"line":72,"column":18},"end":{"line":72,"column":null}},"type":"binary-expr","locations":[{"start":{"line":72,"column":18},"end":{"line":72,"column":36}},{"start":{"line":72,"column":36},"end":{"line":72,"column":null}}]},"3":{"loc":{"start":{"line":82,"column":17},"end":{"line":82,"column":null}},"type":"binary-expr","locations":[{"start":{"line":82,"column":17},"end":{"line":82,"column":34}},{"start":{"line":82,"column":34},"end":{"line":82,"column":null}}]},"4":{"loc":{"start":{"line":134,"column":21},"end":{"line":134,"column":null}},"type":"binary-expr","locations":[{"start":{"line":134,"column":21},"end":{"line":134,"column":40}},{"start":{"line":134,"column":40},"end":{"line":134,"column":null}}]},"5":{"loc":{"start":{"line":139,"column":7},"end":{"line":145,"column":null}},"type":"binary-expr","locations":[{"start":{"line":139,"column":7},"end":{"line":139,"column":null}},{"start":{"line":140,"column":8},"end":{"line":145,"column":null}}]},"6":{"loc":{"start":{"line":143,"column":16},"end":{"line":143,"column":null}},"type":"cond-expr","locations":[{"start":{"line":143,"column":32},"end":{"line":143,"column":62}},{"start":{"line":143,"column":62},"end":{"line":143,"column":null}}]}},"s":{"0":0,"1":0,"2":0,"3":0,"4":0,"5":0,"6":0,"7":0,"8":0,"9":0,"10":0,"11":0,"12":0,"13":0,"14":0,"15":0,"16":0,"17":0,"18":0,"19":0,"20":0,"21":0,"22":0,"23":0,"24":0,"25":0,"26":0,"27":0,"28":0,"29":0,"30":0,"31":0,"32":0,"33":0,"34":0,"35":0,"36":0,"37":0,"38":0,"39":0,"40":0,"41":0,"42":0,"43":0,"44":0,"45":0,"46":0,"47":0,"48":0,"49":0,"50":0,"51":0,"52":0,"53":0,"54":0},"f":{"0":0,"1":0,"2":0,"3":0,"4":0,"5":0,"6":0,"7":0,"8":0,"9":0,"10":0,"11":0,"12":0,"13":0},"b":{"0":[0,0],"1":[0,0],"2":[0,0],"3":[0,0],"4":[0,0],"5":[0,0],"6":[0,0]}}
,"/Users/ranga/personal/echohomes/frontend/src/components/ComparisionTool.jsx": {"path":"/Users/ranga/personal/echohomes/frontend/src/components/ComparisionTool.jsx","statementMap":{"0":{"start":{"line":7,"column":24},"end":{"line":447,"column":null}},"1":{"start":{"line":8,"column":19},"end":{"line":8,"column":null}},"2":{"start":{"line":9,"column":28},"end":{"line":9,"column":null}},"3":{"start":{"line":10,"column":32},"end":{"line":10,"column":null}},"4":{"start":{"line":11,"column":40},"end":{"line":11,"column":null}},"5":{"start":{"line":12,"column":44},"end":{"line":12,"column":null}},"6":{"start":{"line":13,"column":48},"end":{"line":13,"column":null}},"7":{"start":{"line":14,"column":46},"end":{"line":14,"column":null}},"8":{"start":{"line":15,"column":40},"end":{"line":15,"column":null}},"9":{"start":{"line":16,"column":50},"end":{"line":16,"column":null}},"10":{"start":{"line":17,"column":48},"end":{"line":17,"column":null}},"11":{"start":{"line":18,"column":42},"end":{"line":18,"column":null}},"12":{"start":{"line":20,"column":27},"end":{"line":20,"column":null}},"13":{"start":{"line":23,"column":31},"end":{"line":25,"column":null}},"14":{"start":{"line":24,"column":4},"end":{"line":24,"column":null}},"15":{"start":{"line":28,"column":31},"end":{"line":35,"column":null}},"16":{"start":{"line":29,"column":4},"end":{"line":29,"column":null}},"17":{"start":{"line":30,"column":20},"end":{"line":30,"column":null}},"18":{"start":{"line":31,"column":4},"end":{"line":33,"column":null}},"19":{"start":{"line":32,"column":6},"end":{"line":32,"column":null}},"20":{"start":{"line":34,"column":4},"end":{"line":34,"column":null}},"21":{"start":{"line":37,"column":29},"end":{"line":46,"column":null}},"22":{"start":{"line":40,"column":35},"end":{"line":44,"column":null}},"23":{"start":{"line":48,"column":29},"end":{"line":51,"column":null}},"24":{"start":{"line":54,"column":32},"end":{"line":56,"column":null}},"25":{"start":{"line":55,"column":4},"end":{"line":55,"column":null}},"26":{"start":{"line":59,"column":32},"end":{"line":66,"column":null}},"27":{"start":{"line":60,"column":4},"end":{"line":60,"column":null}},"28":{"start":{"line":61,"column":20},"end":{"line":61,"column":null}},"29":{"start":{"line":62,"column":4},"end":{"line":64,"column":null}},"30":{"start":{"line":63,"column":6},"end":{"line":63,"column":null}},"31":{"start":{"line":65,"column":4},"end":{"line":65,"column":null}},"32":{"start":{"line":68,"column":30},"end":{"line":77,"column":null}},"33":{"start":{"line":71,"column":35},"end":{"line":75,"column":null}},"34":{"start":{"line":79,"column":30},"end":{"line":82,"column":null}},"35":{"start":{"line":85,"column":25},"end":{"line":143,"column":null}},"36":{"start":{"line":101,"column":8},"end":{"line":103,"column":null}},"37":{"start":{"line":111,"column":8},"end":{"line":126,"column":null}},"38":{"start":{"line":118,"column":14},"end":{"line":121,"column":null}},"39":{"start":{"line":135,"column":8},"end":{"line":140,"column":null}},"40":{"start":{"line":146,"column":25},"end":{"line":172,"column":null}},"41":{"start":{"line":162,"column":8},"end":{"line":164,"column":null}},"42":{"start":{"line":175,"column":24},"end":{"line":232,"column":null}},"43":{"start":{"line":191,"column":8},"end":{"line":193,"column":null}},"44":{"start":{"line":201,"column":8},"end":{"line":216,"column":null}},"45":{"start":{"line":208,"column":14},"end":{"line":211,"column":null}},"46":{"start":{"line":225,"column":8},"end":{"line":229,"column":null}},"47":{"start":{"line":234,"column":2},"end":{"line":252,"column":null}},"48":{"start":{"line":236,"column":26},"end":{"line":249,"column":null}},"49":{"start":{"line":237,"column":6},"end":{"line":248,"column":null}},"50":{"start":{"line":238,"column":25},"end":{"line":240,"column":null}},"51":{"start":{"line":241,"column":29},"end":{"line":244,"column":null}},"52":{"start":{"line":242,"column":10},"end":{"line":242,"column":null}},"53":{"start":{"line":243,"column":10},"end":{"line":243,"column":null}},"54":{"start":{"line":245,"column":8},"end":{"line":245,"column":null}},"55":{"start":{"line":247,"column":8},"end":{"line":247,"column":null}},"56":{"start":{"line":251,"column":4},"end":{"line":251,"column":null}},"57":{"start":{"line":254,"column":2},"end":{"line":269,"column":null}},"58":{"start":{"line":255,"column":4},"end":{"line":255,"column":null}},"59":{"start":{"line":255,"column":19},"end":{"line":255,"column":null}},"60":{"start":{"line":258,"column":23},"end":{"line":266,"column":null}},"61":{"start":{"line":259,"column":6},"end":{"line":265,"column":null}},"62":{"start":{"line":260,"column":25},"end":{"line":260,"column":null}},"63":{"start":{"line":261,"column":21},"end":{"line":261,"column":null}},"64":{"start":{"line":262,"column":8},"end":{"line":262,"column":null}},"65":{"start":{"line":264,"column":8},"end":{"line":264,"column":null}},"66":{"start":{"line":268,"column":4},"end":{"line":268,"column":null}},"67":{"start":{"line":271,"column":2},"end":{"line":292,"column":null}},"68":{"start":{"line":272,"column":4},"end":{"line":272,"column":null}},"69":{"start":{"line":272,"column":26},"end":{"line":272,"column":null}},"70":{"start":{"line":275,"column":25},"end":{"line":289,"column":null}},"71":{"start":{"line":276,"column":6},"end":{"line":288,"column":null}},"72":{"start":{"line":277,"column":25},"end":{"line":279,"column":null}},"73":{"start":{"line":280,"column":25},"end":{"line":280,"column":null}},"74":{"start":{"line":281,"column":8},"end":{"line":281,"column":null}},"75":{"start":{"line":282,"column":14},"end":{"line":284,"column":null}},"76":{"start":{"line":283,"column":24},"end":{"line":283,"column":null}},"77":{"start":{"line":285,"column":8},"end":{"line":285,"column":null}},"78":{"start":{"line":287,"column":8},"end":{"line":287,"column":null}},"79":{"start":{"line":291,"column":4},"end":{"line":291,"column":null}},"80":{"start":{"line":295,"column":27},"end":{"line":303,"column":null}},"81":{"start":{"line":296,"column":4},"end":{"line":296,"column":null}},"82":{"start":{"line":296,"column":22},"end":{"line":296,"column":null}},"83":{"start":{"line":298,"column":4},"end":{"line":302,"column":null}},"84":{"start":{"line":299,"column":6},"end":{"line":300,"column":null}},"85":{"start":{"line":306,"column":28},"end":{"line":314,"column":null}},"86":{"start":{"line":307,"column":4},"end":{"line":307,"column":null}},"87":{"start":{"line":307,"column":22},"end":{"line":307,"column":null}},"88":{"start":{"line":309,"column":4},"end":{"line":313,"column":null}},"89":{"start":{"line":310,"column":6},"end":{"line":311,"column":null}},"90":{"start":{"line":316,"column":2},"end":{"line":445,"column":null}},"91":{"start":{"line":353,"column":22},"end":{"line":358,"column":null}},"92":{"start":{"line":373,"column":22},"end":{"line":378,"column":null}},"93":{"start":{"line":411,"column":22},"end":{"line":416,"column":null}},"94":{"start":{"line":431,"column":22},"end":{"line":436,"column":null}}},"fnMap":{"0":{"name":"(anonymous_0)","decl":{"start":{"line":7,"column":24},"end":{"line":7,"column":30}},"loc":{"start":{"line":7,"column":30},"end":{"line":447,"column":null}}},"1":{"name":"(anonymous_1)","decl":{"start":{"line":23,"column":31},"end":{"line":23,"column":32}},"loc":{"start":{"line":23,"column":55},"end":{"line":25,"column":null}}},"2":{"name":"(anonymous_2)","decl":{"start":{"line":28,"column":31},"end":{"line":28,"column":32}},"loc":{"start":{"line":28,"column":55},"end":{"line":35,"column":null}}},"3":{"name":"(anonymous_3)","decl":{"start":{"line":31,"column":31},"end":{"line":31,"column":32}},"loc":{"start":{"line":31,"column":42},"end":{"line":33,"column":5}}},"4":{"name":"(anonymous_4)","decl":{"start":{"line":40,"column":22},"end":{"line":40,"column":23}},"loc":{"start":{"line":40,"column":35},"end":{"line":44,"column":null}}},"5":{"name":"(anonymous_5)","decl":{"start":{"line":54,"column":32},"end":{"line":54,"column":33}},"loc":{"start":{"line":54,"column":56},"end":{"line":56,"column":null}}},"6":{"name":"(anonymous_6)","decl":{"start":{"line":59,"column":32},"end":{"line":59,"column":33}},"loc":{"start":{"line":59,"column":56},"end":{"line":66,"column":null}}},"7":{"name":"(anonymous_7)","decl":{"start":{"line":62,"column":31},"end":{"line":62,"column":32}},"loc":{"start":{"line":62,"column":42},"end":{"line":64,"column":5}}},"8":{"name":"(anonymous_8)","decl":{"start":{"line":71,"column":22},"end":{"line":71,"column":23}},"loc":{"start":{"line":71,"column":35},"end":{"line":75,"column":null}}},"9":{"name":"(anonymous_9)","decl":{"start":{"line":100,"column":14},"end":{"line":100,"column":15}},"loc":{"start":{"line":101,"column":8},"end":{"line":103,"column":null}}},"10":{"name":"(anonymous_10)","decl":{"start":{"line":110,"column":14},"end":{"line":110,"column":15}},"loc":{"start":{"line":110,"column":29},"end":{"line":128,"column":null}}},"11":{"name":"(anonymous_11)","decl":{"start":{"line":117,"column":22},"end":{"line":117,"column":23}},"loc":{"start":{"line":117,"column":33},"end":{"line":122,"column":null}}},"12":{"name":"(anonymous_12)","decl":{"start":{"line":134,"column":14},"end":{"line":134,"column":15}},"loc":{"start":{"line":135,"column":8},"end":{"line":140,"column":null}}},"13":{"name":"(anonymous_13)","decl":{"start":{"line":161,"column":14},"end":{"line":161,"column":15}},"loc":{"start":{"line":162,"column":8},"end":{"line":164,"column":null}}},"14":{"name":"(anonymous_14)","decl":{"start":{"line":190,"column":14},"end":{"line":190,"column":15}},"loc":{"start":{"line":191,"column":8},"end":{"line":193,"column":null}}},"15":{"name":"(anonymous_15)","decl":{"start":{"line":200,"column":14},"end":{"line":200,"column":15}},"loc":{"start":{"line":200,"column":29},"end":{"line":218,"column":null}}},"16":{"name":"(anonymous_16)","decl":{"start":{"line":207,"column":22},"end":{"line":207,"column":23}},"loc":{"start":{"line":207,"column":33},"end":{"line":212,"column":null}}},"17":{"name":"(anonymous_17)","decl":{"start":{"line":224,"column":14},"end":{"line":224,"column":15}},"loc":{"start":{"line":225,"column":8},"end":{"line":229,"column":null}}},"18":{"name":"(anonymous_18)","decl":{"start":{"line":234,"column":12},"end":{"line":234,"column":18}},"loc":{"start":{"line":234,"column":18},"end":{"line":252,"column":5}}},"19":{"name":"(anonymous_19)","decl":{"start":{"line":236,"column":26},"end":{"line":236,"column":38}},"loc":{"start":{"line":236,"column":38},"end":{"line":249,"column":null}}},"20":{"name":"(anonymous_20)","decl":{"start":{"line":241,"column":52},"end":{"line":241,"column":53}},"loc":{"start":{"line":241,"column":70},"end":{"line":244,"column":11}}},"21":{"name":"(anonymous_21)","decl":{"start":{"line":254,"column":12},"end":{"line":254,"column":18}},"loc":{"start":{"line":254,"column":18},"end":{"line":269,"column":5}}},"22":{"name":"(anonymous_22)","decl":{"start":{"line":258,"column":23},"end":{"line":258,"column":35}},"loc":{"start":{"line":258,"column":35},"end":{"line":266,"column":null}}},"23":{"name":"(anonymous_23)","decl":{"start":{"line":271,"column":12},"end":{"line":271,"column":18}},"loc":{"start":{"line":271,"column":18},"end":{"line":292,"column":5}}},"24":{"name":"(anonymous_24)","decl":{"start":{"line":275,"column":25},"end":{"line":275,"column":37}},"loc":{"start":{"line":275,"column":37},"end":{"line":289,"column":null}}},"25":{"name":"(anonymous_25)","decl":{"start":{"line":283,"column":10},"end":{"line":283,"column":11}},"loc":{"start":{"line":283,"column":24},"end":{"line":283,"column":null}}},"26":{"name":"(anonymous_26)","decl":{"start":{"line":295,"column":27},"end":{"line":295,"column":33}},"loc":{"start":{"line":295,"column":33},"end":{"line":303,"column":null}}},"27":{"name":"(anonymous_27)","decl":{"start":{"line":298,"column":33},"end":{"line":298,"column":34}},"loc":{"start":{"line":298,"column":49},"end":{"line":302,"column":7}}},"28":{"name":"(anonymous_28)","decl":{"start":{"line":306,"column":28},"end":{"line":306,"column":34}},"loc":{"start":{"line":306,"column":34},"end":{"line":314,"column":null}}},"29":{"name":"(anonymous_29)","decl":{"start":{"line":309,"column":34},"end":{"line":309,"column":35}},"loc":{"start":{"line":309,"column":50},"end":{"line":313,"column":7}}},"30":{"name":"(anonymous_30)","decl":{"start":{"line":352,"column":60},"end":{"line":352,"column":61}},"loc":{"start":{"line":352,"column":72},"end":{"line":359,"column":21}}},"31":{"name":"(anonymous_31)","decl":{"start":{"line":372,"column":59},"end":{"line":372,"column":60}},"loc":{"start":{"line":372,"column":70},"end":{"line":379,"column":21}}},"32":{"name":"(anonymous_32)","decl":{"start":{"line":410,"column":60},"end":{"line":410,"column":61}},"loc":{"start":{"line":410,"column":72},"end":{"line":417,"column":21}}},"33":{"name":"(anonymous_33)","decl":{"start":{"line":430,"column":59},"end":{"line":430,"column":60}},"loc":{"start":{"line":430,"column":70},"end":{"line":437,"column":21}}}},"branchMap":{"0":{"loc":{"start":{"line":32,"column":35},"end":{"line":32,"column":null}},"type":"binary-expr","locations":[{"start":{"line":32,"column":35},"end":{"line":32,"column":69}},{"start":{"line":32,"column":69},"end":{"line":32,"column":null}}]},"1":{"loc":{"start":{"line":43,"column":8},"end":{"line":43,"column":null}},"type":"binary-expr","locations":[{"start":{"line":43,"column":8},"end":{"line":43,"column":39}},{"start":{"line":43,"column":39},"end":{"line":43,"column":null}}]},"2":{"loc":{"start":{"line":63,"column":35},"end":{"line":63,"column":null}},"type":"binary-expr","locations":[{"start":{"line":63,"column":35},"end":{"line":63,"column":70}},{"start":{"line":63,"column":70},"end":{"line":63,"column":null}}]},"3":{"loc":{"start":{"line":74,"column":8},"end":{"line":74,"column":null}},"type":"binary-expr","locations":[{"start":{"line":74,"column":8},"end":{"line":74,"column":40}},{"start":{"line":74,"column":40},"end":{"line":74,"column":null}}]},"4":{"loc":{"start":{"line":111,"column":15},"end":{"line":126,"column":null}},"type":"cond-expr","locations":[{"start":{"line":112,"column":10},"end":{"line":124,"column":null}},{"start":{"line":126,"column":10},"end":{"line":126,"column":null}}]},"5":{"loc":{"start":{"line":115,"column":19},"end":{"line":115,"column":null}},"type":"binary-expr","locations":[{"start":{"line":115,"column":19},"end":{"line":115,"column":66}},{"start":{"line":115,"column":66},"end":{"line":115,"column":null}}]},"6":{"loc":{"start":{"line":126,"column":13},"end":{"line":126,"column":61}},"type":"binary-expr","locations":[{"start":{"line":126,"column":13},"end":{"line":126,"column":60}},{"start":{"line":126,"column":60},"end":{"line":126,"column":61}}]},"7":{"loc":{"start":{"line":138,"column":29},"end":{"line":138,"column":null}},"type":"binary-expr","locations":[{"start":{"line":138,"column":29},"end":{"line":138,"column":76}},{"start":{"line":138,"column":76},"end":{"line":138,"column":null}}]},"8":{"loc":{"start":{"line":201,"column":15},"end":{"line":216,"column":null}},"type":"cond-expr","locations":[{"start":{"line":202,"column":10},"end":{"line":214,"column":null}},{"start":{"line":216,"column":10},"end":{"line":216,"column":null}}]},"9":{"loc":{"start":{"line":205,"column":19},"end":{"line":205,"column":null}},"type":"binary-expr","locations":[{"start":{"line":205,"column":19},"end":{"line":205,"column":65}},{"start":{"line":205,"column":65},"end":{"line":205,"column":null}}]},"10":{"loc":{"start":{"line":216,"column":13},"end":{"line":216,"column":60}},"type":"binary-expr","locations":[{"start":{"line":216,"column":13},"end":{"line":216,"column":59}},{"start":{"line":216,"column":59},"end":{"line":216,"column":60}}]},"11":{"loc":{"start":{"line":227,"column":31},"end":{"line":227,"column":null}},"type":"binary-expr","locations":[{"start":{"line":227,"column":31},"end":{"line":227,"column":77}},{"start":{"line":227,"column":77},"end":{"line":227,"column":null}}]},"12":{"loc":{"start":{"line":255,"column":4},"end":{"line":255,"column":null}},"type":"if","locations":[{"start":{"line":255,"column":4},"end":{"line":255,"column":null}},{"start":{},"end":{}}]},"13":{"loc":{"start":{"line":272,"column":4},"end":{"line":272,"column":null}},"type":"if","locations":[{"start":{"line":272,"column":4},"end":{"line":272,"column":null}},{"start":{},"end":{}}]},"14":{"loc":{"start":{"line":282,"column":32},"end":{"line":282,"column":60}},"type":"binary-expr","locations":[{"start":{"line":282,"column":32},"end":{"line":282,"column":56}},{"start":{"line":282,"column":56},"end":{"line":282,"column":60}}]},"15":{"loc":{"start":{"line":296,"column":4},"end":{"line":296,"column":null}},"type":"if","locations":[{"start":{"line":296,"column":4},"end":{"line":296,"column":null}},{"start":{},"end":{}}]},"16":{"loc":{"start":{"line":300,"column":15},"end":{"line":300,"column":49}},"type":"binary-expr","locations":[{"start":{"line":300,"column":15},"end":{"line":300,"column":44}},{"start":{"line":300,"column":44},"end":{"line":300,"column":49}}]},"17":{"loc":{"start":{"line":307,"column":4},"end":{"line":307,"column":null}},"type":"if","locations":[{"start":{"line":307,"column":4},"end":{"line":307,"column":null}},{"start":{},"end":{}}]},"18":{"loc":{"start":{"line":311,"column":15},"end":{"line":311,"column":49}},"type":"binary-expr","locations":[{"start":{"line":311,"column":15},"end":{"line":311,"column":44}},{"start":{"line":311,"column":44},"end":{"line":311,"column":49}}]},"19":{"loc":{"start":{"line":338,"column":11},"end":{"line":383,"column":null}},"type":"binary-expr","locations":[{"start":{"line":338,"column":11},"end":{"line":338,"column":26}},{"start":{"line":338,"column":26},"end":{"line":338,"column":null}},{"start":{"line":339,"column":12},"end":{"line":383,"column":null}}]},"20":{"loc":{"start":{"line":346,"column":19},"end":{"line":348,"column":null}},"type":"cond-expr","locations":[{"start":{"line":347,"column":20},"end":{"line":347,"column":null}},{"start":{"line":348,"column":22},"end":{"line":348,"column":null}}]},"21":{"loc":{"start":{"line":366,"column":19},"end":{"line":368,"column":null}},"type":"cond-expr","locations":[{"start":{"line":367,"column":20},"end":{"line":367,"column":null}},{"start":{"line":368,"column":22},"end":{"line":368,"column":null}}]},"22":{"loc":{"start":{"line":396,"column":11},"end":{"line":441,"column":null}},"type":"binary-expr","locations":[{"start":{"line":396,"column":11},"end":{"line":396,"column":26}},{"start":{"line":396,"column":26},"end":{"line":396,"column":null}},{"start":{"line":397,"column":12},"end":{"line":441,"column":null}}]},"23":{"loc":{"start":{"line":404,"column":19},"end":{"line":406,"column":null}},"type":"cond-expr","locations":[{"start":{"line":405,"column":20},"end":{"line":405,"column":null}},{"start":{"line":406,"column":22},"end":{"line":406,"column":null}}]},"24":{"loc":{"start":{"line":424,"column":19},"end":{"line":426,"column":null}},"type":"cond-expr","locations":[{"start":{"line":425,"column":20},"end":{"line":425,"column":null}},{"start":{"line":426,"column":22},"end":{"line":426,"column":null}}]}},"s":{"0":0,"1":0,"2":0,"3":0,"4":0,"5":0,"6":0,"7":0,"8":0,"9":0,"10":0,"11":0,"12":0,"13":0,"14":0,"15":0,"16":0,"17":0,"18":0,"19":0,"20":0,"21":0,"22":0,"23":0,"24":0,"25":0,"26":0,"27":0,"28":0,"29":0,"30":0,"31":0,"32":0,"33":0,"34":0,"35":0,"36":0,"37":0,"38":0,"39":0,"40":0,"41":0,"42":0,"43":0,"44":0,"45":0,"46":0,"47":0,"48":0,"49":0,"50":0,"51":0,"52":0,"53":0,"54":0,"55":0,"56":0,"57":0,"58":0,"59":0,"60":0,"61":0,"62":0,"63":0,"64":0,"65":0,"66":0,"67":0,"68":0,"69":0,"70":0,"71":0,"72":0,"73":0,"74":0,"75":0,"76":0,"77":0,"78":0,"79":0,"80":0,"81":0,"82":0,"83":0,"84":0,"85":0,"86":0,"87":0,"88":0,"89":0,"90":0,"91":0,"92":0,"93":0,"94":0},"f":{"0":0,"1":0,"2":0,"3":0,"4":0,"5":0,"6":0,"7":0,"8":0,"9":0,"10":0,"11":0,"12":0,"13":0,"14":0,"15":0,"16":0,"17":0,"18":0,"19":0,"20":0,"21":0,"22":0,"23":0,"24":0,"25":0,"26":0,"27":0,"28":0,"29":0,"30":0,"31":0,"32":0,"33":0},"b":{"0":[0,0],"1":[0,0],"2":[0,0],"3":[0,0],"4":[0,0],"5":[0,0],"6":[0,0],"7":[0,0],"8":[0,0],"9":[0,0],"10":[0,0],"11":[0,0],"12":[0,0],"13":[0,0],"14":[0,0],"15":[0,0],"16":[0,0],"17":[0,0],"18":[0,0],"19":[0,0,0],"20":[0,0],"21":[0,0],"22":[0,0,0],"23":[0,0],"24":[0,0]}}
,"/Users/ranga/personal/echohomes/frontend/src/components/DashboardLayout.jsx": {"path":"/Users/ranga/personal/echohomes/frontend/src/components/DashboardLayout.jsx","statementMap":{"0":{"start":{"line":7,"column":24},"end":{"line":25,"column":null}},"1":{"start":{"line":8,"column":19},"end":{"line":8,"column":null}},"2":{"start":{"line":11,"column":27},"end":{"line":22,"column":null}},"3":{"start":{"line":12,"column":4},"end":{"line":21,"column":null}},"4":{"start":{"line":14,"column":8},"end":{"line":14,"column":null}},"5":{"start":{"line":16,"column":8},"end":{"line":16,"column":null}},"6":{"start":{"line":18,"column":8},"end":{"line":18,"column":null}},"7":{"start":{"line":20,"column":8},"end":{"line":20,"column":null}},"8":{"start":{"line":24,"column":2},"end":{"line":24,"column":null}}},"fnMap":{"0":{"name":"(anonymous_0)","decl":{"start":{"line":7,"column":24},"end":{"line":7,"column":30}},"loc":{"start":{"line":7,"column":30},"end":{"line":25,"column":null}}},"1":{"name":"(anonymous_1)","decl":{"start":{"line":11,"column":27},"end":{"line":11,"column":33}},"loc":{"start":{"line":11,"column":33},"end":{"line":22,"column":null}}}},"branchMap":{"0":{"loc":{"start":{"line":12,"column":4},"end":{"line":21,"column":null}},"type":"switch","locations":[{"start":{"line":13,"column":6},"end":{"line":14,"column":null}},{"start":{"line":15,"column":6},"end":{"line":16,"column":null}},{"start":{"line":17,"column":6},"end":{"line":18,"column":null}},{"start":{"line":19,"column":6},"end":{"line":20,"column":null}}]}},"s":{"0":0,"1":0,"2":0,"3":0,"4":0,"5":0,"6":0,"7":0,"8":0},"f":{"0":0,"1":0},"b":{"0":[0,0,0,0]}}
,"/Users/ranga/personal/echohomes/frontend/src/components/HeaderLayout.jsx": {"path":"/Users/ranga/personal/echohomes/frontend/src/components/HeaderLayout.jsx","statementMap":{"0":{"start":{"line":28,"column":19},"end":{"line":28,"column":null}},"1":{"start":{"line":30,"column":21},"end":{"line":361,"column":null}},"2":{"start":{"line":31,"column":25},"end":{"line":31,"column":null}},"3":{"start":{"line":32,"column":27},"end":{"line":32,"column":null}},"4":{"start":{"line":33,"column":34},"end":{"line":33,"column":null}},"5":{"start":{"line":34,"column":34},"end":{"line":34,"column":null}},"6":{"start":{"line":35,"column":46},"end":{"line":35,"column":null}},"7":{"start":{"line":36,"column":48},"end":{"line":36,"column":null}},"8":{"start":{"line":37,"column":34},"end":{"line":37,"column":null}},"9":{"start":{"line":38,"column":32},"end":{"line":38,"column":null}},"10":{"start":{"line":39,"column":26},"end":{"line":39,"column":null}},"11":{"start":{"line":40,"column":34},"end":{"line":40,"column":null}},"12":{"start":{"line":41,"column":28},"end":{"line":41,"column":null}},"13":{"start":{"line":42,"column":36},"end":{"line":42,"column":null}},"14":{"start":{"line":43,"column":19},"end":{"line":43,"column":null}},"15":{"start":{"line":46,"column":27},"end":{"line":49,"column":null}},"16":{"start":{"line":47,"column":4},"end":{"line":47,"column":null}},"17":{"start":{"line":48,"column":4},"end":{"line":48,"column":null}},"18":{"start":{"line":51,"column":2},"end":{"line":53,"column":null}},"19":{"start":{"line":52,"column":4},"end":{"line":52,"column":null}},"20":{"start":{"line":56,"column":28},"end":{"line":70,"column":null}},"21":{"start":{"line":57,"column":4},"end":{"line":69,"column":null}},"22":{"start":{"line":58,"column":6},"end":{"line":68,"column":null}},"23":{"start":{"line":59,"column":25},"end":{"line":59,"column":null}},"24":{"start":{"line":60,"column":8},"end":{"line":60,"column":null}},"25":{"start":{"line":61,"column":8},"end":{"line":61,"column":null}},"26":{"start":{"line":62,"column":8},"end":{"line":62,"column":null}},"27":{"start":{"line":63,"column":8},"end":{"line":63,"column":null}},"28":{"start":{"line":64,"column":8},"end":{"line":64,"column":null}},"29":{"start":{"line":65,"column":8},"end":{"line":65,"column":null}},"30":{"start":{"line":67,"column":8},"end":{"line":67,"column":null}},"31":{"start":{"line":72,"column":2},"end":{"line":100,"column":null}},"32":{"start":{"line":73,"column":4},"end":{"line":76,"column":null}},"33":{"start":{"line":74,"column":6},"end":{"line":74,"column":null}},"34":{"start":{"line":75,"column":6},"end":{"line":75,"column":null}},"35":{"start":{"line":78,"column":4},"end":{"line":99,"column":null}},"36":{"start":{"line":80,"column":28},"end":{"line":95,"column":null}},"37":{"start":{"line":81,"column":8},"end":{"line":94,"column":null}},"38":{"start":{"line":82,"column":27},"end":{"line":82,"column":null}},"39":{"start":{"line":83,"column":16},"end":{"line":88,"column":null}},"40":{"start":{"line":84,"column":12},"end":{"line":87,"column":null}},"41":{"start":{"line":89,"column":10},"end":{"line":89,"column":null}},"42":{"start":{"line":90,"column":35},"end":{"line":90,"column":null}},"43":{"start":{"line":91,"column":10},"end":{"line":91,"column":null}},"44":{"start":{"line":93,"column":10},"end":{"line":93,"column":null}},"45":{"start":{"line":97,"column":6},"end":{"line":97,"column":null}},"46":{"start":{"line":98,"column":6},"end":{"line":98,"column":null}},"47":{"start":{"line":103,"column":26},"end":{"line":105,"column":null}},"48":{"start":{"line":104,"column":4},"end":{"line":104,"column":null}},"49":{"start":{"line":108,"column":20},"end":{"line":110,"column":null}},"50":{"start":{"line":109,"column":4},"end":{"line":109,"column":null}},"51":{"start":{"line":113,"column":19},"end":{"line":116,"column":null}},"52":{"start":{"line":114,"column":4},"end":{"line":114,"column":null}},"53":{"start":{"line":115,"column":4},"end":{"line":115,"column":null}},"54":{"start":{"line":119,"column":23},"end":{"line":121,"column":null}},"55":{"start":{"line":120,"column":4},"end":{"line":120,"column":null}},"56":{"start":{"line":124,"column":23},"end":{"line":137,"column":null}},"57":{"start":{"line":125,"column":4},"end":{"line":135,"column":null}},"58":{"start":{"line":127,"column":8},"end":{"line":127,"column":null}},"59":{"start":{"line":128,"column":8},"end":{"line":128,"column":null}},"60":{"start":{"line":130,"column":8},"end":{"line":130,"column":null}},"61":{"start":{"line":131,"column":8},"end":{"line":131,"column":null}},"62":{"start":{"line":133,"column":8},"end":{"line":133,"column":null}},"63":{"start":{"line":134,"column":8},"end":{"line":134,"column":null}},"64":{"start":{"line":136,"column":4},"end":{"line":136,"column":null}},"65":{"start":{"line":139,"column":21},"end":{"line":158,"column":null}},"66":{"start":{"line":152,"column":52},"end":{"line":152,"column":77}},"67":{"start":{"line":160,"column":20},"end":{"line":173,"column":null}},"68":{"start":{"line":176,"column":23},"end":{"line":190,"column":null}},"69":{"start":{"line":177,"column":15},"end":{"line":177,"column":null}},"70":{"start":{"line":178,"column":4},"end":{"line":188,"column":null}},"71":{"start":{"line":179,"column":6},"end":{"line":181,"column":null}},"72":{"start":{"line":180,"column":8},"end":{"line":180,"column":null}},"73":{"start":{"line":182,"column":6},"end":{"line":184,"column":null}},"74":{"start":{"line":183,"column":8},"end":{"line":183,"column":null}},"75":{"start":{"line":185,"column":6},"end":{"line":187,"column":null}},"76":{"start":{"line":186,"column":8},"end":{"line":186,"column":null}},"77":{"start":{"line":189,"column":4},"end":{"line":189,"column":null}},"78":{"start":{"line":193,"column":23},"end":{"line":225,"column":null}},"79":{"start":{"line":194,"column":4},"end":{"line":194,"column":null}},"80":{"start":{"line":195,"column":20},"end":{"line":195,"column":null}},"81":{"start":{"line":197,"column":4},"end":{"line":223,"column":null}},"82":{"start":{"line":198,"column":6},"end":{"line":220,"column":null}},"83":{"start":{"line":200,"column":23},"end":{"line":203,"column":null}},"84":{"start":{"line":204,"column":10},"end":{"line":204,"column":null}},"85":{"start":{"line":205,"column":10},"end":{"line":205,"column":null}},"86":{"start":{"line":207,"column":28},"end":{"line":210,"column":null}},"87":{"start":{"line":211,"column":10},"end":{"line":211,"column":null}},"88":{"start":{"line":212,"column":10},"end":{"line":212,"column":null}},"89":{"start":{"line":214,"column":31},"end":{"line":217,"column":null}},"90":{"start":{"line":218,"column":10},"end":{"line":218,"column":null}},"91":{"start":{"line":219,"column":10},"end":{"line":219,"column":null}},"92":{"start":{"line":222,"column":6},"end":{"line":222,"column":null}},"93":{"start":{"line":224,"column":4},"end":{"line":224,"column":null}},"94":{"start":{"line":227,"column":2},"end":{"line":359,"column":null}},"95":{"start":{"line":268,"column":37},"end":{"line":268,"column":null}},"96":{"start":{"line":281,"column":37},"end":{"line":281,"column":null}},"97":{"start":{"line":296,"column":37},"end":{"line":296,"column":null}},"98":{"start":{"line":332,"column":30},"end":{"line":332,"column":null}},"99":{"start":{"line":340,"column":32},"end":{"line":340,"column":null}}},"fnMap":{"0":{"name":"(anonymous_0)","decl":{"start":{"line":30,"column":21},"end":{"line":30,"column":27}},"loc":{"start":{"line":30,"column":27},"end":{"line":361,"column":null}}},"1":{"name":"(anonymous_1)","decl":{"start":{"line":46,"column":27},"end":{"line":46,"column":28}},"loc":{"start":{"line":46,"column":38},"end":{"line":49,"column":null}}},"2":{"name":"(anonymous_2)","decl":{"start":{"line":51,"column":12},"end":{"line":51,"column":18}},"loc":{"start":{"line":51,"column":18},"end":{"line":53,"column":5}}},"3":{"name":"(anonymous_3)","decl":{"start":{"line":56,"column":28},"end":{"line":56,"column":35}},"loc":{"start":{"line":56,"column":44},"end":{"line":70,"column":null}}},"4":{"name":"(anonymous_4)","decl":{"start":{"line":72,"column":12},"end":{"line":72,"column":18}},"loc":{"start":{"line":72,"column":18},"end":{"line":100,"column":5}}},"5":{"name":"(anonymous_5)","decl":{"start":{"line":80,"column":28},"end":{"line":80,"column":40}},"loc":{"start":{"line":80,"column":40},"end":{"line":95,"column":null}}},"6":{"name":"(anonymous_6)","decl":{"start":{"line":83,"column":55},"end":{"line":83,"column":56}},"loc":{"start":{"line":83,"column":68},"end":{"line":88,"column":11}}},"7":{"name":"(anonymous_7)","decl":{"start":{"line":103,"column":26},"end":{"line":103,"column":27}},"loc":{"start":{"line":103,"column":37},"end":{"line":105,"column":null}}},"8":{"name":"(anonymous_8)","decl":{"start":{"line":108,"column":20},"end":{"line":108,"column":26}},"loc":{"start":{"line":108,"column":26},"end":{"line":110,"column":null}}},"9":{"name":"(anonymous_9)","decl":{"start":{"line":113,"column":19},"end":{"line":113,"column":25}},"loc":{"start":{"line":113,"column":25},"end":{"line":116,"column":null}}},"10":{"name":"(anonymous_10)","decl":{"start":{"line":119,"column":23},"end":{"line":119,"column":29}},"loc":{"start":{"line":119,"column":29},"end":{"line":121,"column":null}}},"11":{"name":"(anonymous_11)","decl":{"start":{"line":124,"column":23},"end":{"line":124,"column":24}},"loc":{"start":{"line":124,"column":39},"end":{"line":137,"column":null}}},"12":{"name":"(anonymous_12)","decl":{"start":{"line":152,"column":46},"end":{"line":152,"column":52}},"loc":{"start":{"line":152,"column":52},"end":{"line":152,"column":77}}},"13":{"name":"(anonymous_13)","decl":{"start":{"line":176,"column":23},"end":{"line":176,"column":24}},"loc":{"start":{"line":176,"column":37},"end":{"line":190,"column":null}}},"14":{"name":"(anonymous_14)","decl":{"start":{"line":193,"column":23},"end":{"line":193,"column":30}},"loc":{"start":{"line":193,"column":43},"end":{"line":225,"column":null}}},"15":{"name":"(anonymous_15)","decl":{"start":{"line":268,"column":26},"end":{"line":268,"column":27}},"loc":{"start":{"line":268,"column":37},"end":{"line":268,"column":null}}},"16":{"name":"(anonymous_16)","decl":{"start":{"line":281,"column":26},"end":{"line":281,"column":27}},"loc":{"start":{"line":281,"column":37},"end":{"line":281,"column":null}}},"17":{"name":"(anonymous_17)","decl":{"start":{"line":296,"column":26},"end":{"line":296,"column":27}},"loc":{"start":{"line":296,"column":37},"end":{"line":296,"column":null}}},"18":{"name":"(anonymous_18)","decl":{"start":{"line":332,"column":19},"end":{"line":332,"column":20}},"loc":{"start":{"line":332,"column":30},"end":{"line":332,"column":null}}},"19":{"name":"(anonymous_19)","decl":{"start":{"line":340,"column":21},"end":{"line":340,"column":22}},"loc":{"start":{"line":340,"column":32},"end":{"line":340,"column":null}}}},"branchMap":{"0":{"loc":{"start":{"line":33,"column":43},"end":{"line":33,"column":67}},"type":"binary-expr","locations":[{"start":{"line":33,"column":43},"end":{"line":33,"column":63}},{"start":{"line":33,"column":63},"end":{"line":33,"column":67}}]},"1":{"loc":{"start":{"line":57,"column":4},"end":{"line":69,"column":null}},"type":"if","locations":[{"start":{"line":57,"column":4},"end":{"line":69,"column":null}},{"start":{},"end":{}}]},"2":{"loc":{"start":{"line":73,"column":4},"end":{"line":76,"column":null}},"type":"if","locations":[{"start":{"line":73,"column":4},"end":{"line":76,"column":null}},{"start":{},"end":{}}]},"3":{"loc":{"start":{"line":78,"column":4},"end":{"line":99,"column":null}},"type":"if","locations":[{"start":{"line":78,"column":4},"end":{"line":99,"column":null}},{"start":{},"end":{}}]},"4":{"loc":{"start":{"line":83,"column":29},"end":{"line":83,"column":51}},"type":"binary-expr","locations":[{"start":{"line":83,"column":29},"end":{"line":83,"column":47}},{"start":{"line":83,"column":47},"end":{"line":83,"column":51}}]},"5":{"loc":{"start":{"line":125,"column":4},"end":{"line":135,"column":null}},"type":"switch","locations":[{"start":{"line":126,"column":6},"end":{"line":128,"column":null}},{"start":{"line":129,"column":6},"end":{"line":131,"column":null}},{"start":{"line":132,"column":6},"end":{"line":134,"column":null}}]},"6":{"loc":{"start":{"line":178,"column":4},"end":{"line":188,"column":null}},"type":"if","locations":[{"start":{"line":178,"column":4},"end":{"line":188,"column":null}},{"start":{},"end":{}}]},"7":{"loc":{"start":{"line":179,"column":6},"end":{"line":181,"column":null}},"type":"if","locations":[{"start":{"line":179,"column":6},"end":{"line":181,"column":null}},{"start":{},"end":{}}]},"8":{"loc":{"start":{"line":182,"column":6},"end":{"line":184,"column":null}},"type":"if","locations":[{"start":{"line":182,"column":6},"end":{"line":184,"column":null}},{"start":{},"end":{}}]},"9":{"loc":{"start":{"line":185,"column":6},"end":{"line":187,"column":null}},"type":"if","locations":[{"start":{"line":185,"column":6},"end":{"line":187,"column":null}},{"start":{},"end":{}}]},"10":{"loc":{"start":{"line":198,"column":6},"end":{"line":220,"column":null}},"type":"switch","locations":[{"start":{"line":199,"column":8},"end":{"line":205,"column":null}},{"start":{"line":206,"column":8},"end":{"line":212,"column":null}},{"start":{"line":213,"column":8},"end":{"line":219,"column":null}}]},"11":{"loc":{"start":{"line":258,"column":15},"end":{"line":258,"column":null}},"type":"cond-expr","locations":[{"start":{"line":258,"column":25},"end":{"line":258,"column":41}},{"start":{"line":258,"column":41},"end":{"line":258,"column":null}}]},"12":{"loc":{"start":{"line":304,"column":9},"end":{"line":326,"column":null}},"type":"binary-expr","locations":[{"start":{"line":304,"column":9},"end":{"line":304,"column":null}},{"start":{"line":305,"column":11},"end":{"line":326,"column":null}}]},"13":{"loc":{"start":{"line":305,"column":11},"end":{"line":326,"column":null}},"type":"cond-expr","locations":[{"start":{"line":306,"column":12},"end":{"line":316,"column":null}},{"start":{"line":318,"column":12},"end":{"line":326,"column":null}}]}},"s":{"0":0,"1":0,"2":0,"3":0,"4":0,"5":0,"6":0,"7":0,"8":0,"9":0,"10":0,"11":0,"12":0,"13":0,"14":0,"15":0,"16":0,"17":0,"18":0,"19":0,"20":0,"21":0,"22":0,"23":0,"24":0,"25":0,"26":0,"27":0,"28":0,"29":0,"30":0,"31":0,"32":0,"33":0,"34":0,"35":0,"36":0,"37":0,"38":0,"39":0,"40":0,"41":0,"42":0,"43":0,"44":0,"45":0,"46":0,"47":0,"48":0,"49":0,"50":0,"51":0,"52":0,"53":0,"54":0,"55":0,"56":0,"57":0,"58":0,"59":0,"60":0,"61":0,"62":0,"63":0,"64":0,"65":0,"66":0,"67":0,"68":0,"69":0,"70":0,"71":0,"72":0,"73":0,"74":0,"75":0,"76":0,"77":0,"78":0,"79":0,"80":0,"81":0,"82":0,"83":0,"84":0,"85":0,"86":0,"87":0,"88":0,"89":0,"90":0,"91":0,"92":0,"93":0,"94":0,"95":0,"96":0,"97":0,"98":0,"99":0},"f":{"0":0,"1":0,"2":0,"3":0,"4":0,"5":0,"6":0,"7":0,"8":0,"9":0,"10":0,"11":0,"12":0,"13":0,"14":0,"15":0,"16":0,"17":0,"18":0,"19":0},"b":{"0":[0,0],"1":[0,0],"2":[0,0],"3":[0,0],"4":[0,0],"5":[0,0,0],"6":[0,0],"7":[0,0],"8":[0,0],"9":[0,0],"10":[0,0,0],"11":[0,0],"12":[0,0],"13":[0,0]}}
,"/Users/ranga/personal/echohomes/frontend/src/components/InvoiceComponent.jsx": {"path":"/Users/ranga/personal/echohomes/frontend/src/components/InvoiceComponent.jsx","statementMap":{"0":{"start":{"line":6,"column":25},"end":{"line":80,"column":null}},"1":{"start":{"line":7,"column":30},"end":{"line":7,"column":null}},"2":{"start":{"line":8,"column":44},"end":{"line":8,"column":null}},"3":{"start":{"line":9,"column":28},"end":{"line":9,"column":null}},"4":{"start":{"line":11,"column":27},"end":{"line":11,"column":null}},"5":{"start":{"line":13,"column":2},"end":{"line":34,"column":null}},"6":{"start":{"line":14,"column":31},"end":{"line":21,"column":null}},"7":{"start":{"line":15,"column":6},"end":{"line":20,"column":null}},"8":{"start":{"line":16,"column":25},"end":{"line":16,"column":null}},"9":{"start":{"line":17,"column":8},"end":{"line":17,"column":null}},"10":{"start":{"line":19,"column":8},"end":{"line":19,"column":null}},"11":{"start":{"line":23,"column":31},"end":{"line":31,"column":null}},"12":{"start":{"line":24,"column":6},"end":{"line":30,"column":null}},"13":{"start":{"line":25,"column":25},"end":{"line":25,"column":null}},"14":{"start":{"line":26,"column":8},"end":{"line":26,"column":null}},"15":{"start":{"line":27,"column":8},"end":{"line":27,"column":null}},"16":{"start":{"line":29,"column":8},"end":{"line":29,"column":null}},"17":{"start":{"line":33,"column":4},"end":{"line":33,"column":null}},"18":{"start":{"line":36,"column":25},"end":{"line":46,"column":null}},"19":{"start":{"line":37,"column":4},"end":{"line":45,"column":null}},"20":{"start":{"line":39,"column":19},"end":{"line":39,"column":null}},"21":{"start":{"line":40,"column":6},"end":{"line":40,"column":null}},"22":{"start":{"line":41,"column":6},"end":{"line":41,"column":null}},"23":{"start":{"line":42,"column":6},"end":{"line":42,"column":null}},"24":{"start":{"line":43,"column":6},"end":{"line":43,"column":null}},"25":{"start":{"line":44,"column":6},"end":{"line":44,"column":null}},"26":{"start":{"line":48,"column":32},"end":{"line":60,"column":null}},"27":{"start":{"line":49,"column":4},"end":{"line":59,"column":null}},"28":{"start":{"line":51,"column":19},"end":{"line":51,"column":null}},"29":{"start":{"line":53,"column":21},"end":{"line":53,"column":null}},"30":{"start":{"line":54,"column":6},"end":{"line":54,"column":null}},"31":{"start":{"line":55,"column":6},"end":{"line":55,"column":null}},"32":{"start":{"line":56,"column":6},"end":{"line":56,"column":null}},"33":{"start":{"line":57,"column":6},"end":{"line":57,"column":null}},"34":{"start":{"line":58,"column":6},"end":{"line":58,"column":null}},"35":{"start":{"line":62,"column":2},"end":{"line":64,"column":null}},"36":{"start":{"line":63,"column":4},"end":{"line":63,"column":null}},"37":{"start":{"line":66,"column":2},"end":{"line":78,"column":null}}},"fnMap":{"0":{"name":"(anonymous_0)","decl":{"start":{"line":6,"column":25},"end":{"line":6,"column":26}},"loc":{"start":{"line":6,"column":44},"end":{"line":80,"column":null}}},"1":{"name":"(anonymous_1)","decl":{"start":{"line":13,"column":12},"end":{"line":13,"column":18}},"loc":{"start":{"line":13,"column":18},"end":{"line":34,"column":5}}},"2":{"name":"(anonymous_2)","decl":{"start":{"line":14,"column":31},"end":{"line":14,"column":38}},"loc":{"start":{"line":14,"column":51},"end":{"line":21,"column":null}}},"3":{"name":"(anonymous_3)","decl":{"start":{"line":23,"column":31},"end":{"line":23,"column":43}},"loc":{"start":{"line":23,"column":43},"end":{"line":31,"column":null}}},"4":{"name":"(anonymous_4)","decl":{"start":{"line":36,"column":25},"end":{"line":36,"column":31}},"loc":{"start":{"line":36,"column":31},"end":{"line":46,"column":null}}},"5":{"name":"(anonymous_5)","decl":{"start":{"line":48,"column":32},"end":{"line":48,"column":38}},"loc":{"start":{"line":48,"column":38},"end":{"line":60,"column":null}}}},"branchMap":{"0":{"loc":{"start":{"line":37,"column":4},"end":{"line":45,"column":null}},"type":"if","locations":[{"start":{"line":37,"column":4},"end":{"line":45,"column":null}},{"start":{},"end":{}}]},"1":{"loc":{"start":{"line":49,"column":4},"end":{"line":59,"column":null}},"type":"if","locations":[{"start":{"line":49,"column":4},"end":{"line":59,"column":null}},{"start":{},"end":{}}]},"2":{"loc":{"start":{"line":62,"column":2},"end":{"line":64,"column":null}},"type":"if","locations":[{"start":{"line":62,"column":2},"end":{"line":64,"column":null}},{"start":{},"end":{}}]}},"s":{"0":0,"1":0,"2":0,"3":0,"4":0,"5":0,"6":0,"7":0,"8":0,"9":0,"10":0,"11":0,"12":0,"13":0,"14":0,"15":0,"16":0,"17":0,"18":0,"19":0,"20":0,"21":0,"22":0,"23":0,"24":0,"25":0,"26":0,"27":0,"28":0,"29":0,"30":0,"31":0,"32":0,"33":0,"34":0,"35":0,"36":0,"37":0},"f":{"0":0,"1":0,"2":0,"3":0,"4":0,"5":0},"b":{"0":[0,0],"1":[0,0],"2":[0,0]}}
,"/Users/ranga/personal/echohomes/frontend/src/components/Login.jsx": {"path":"/Users/ranga/personal/echohomes/frontend/src/components/Login.jsx","statementMap":{"0":{"start":{"line":9,"column":15},"end":{"line":16,"column":null}},"1":{"start":{"line":17,"column":19},"end":{"line":22,"column":null}},"2":{"start":{"line":24,"column":14},"end":{"line":133,"column":null}},"3":{"start":{"line":25,"column":28},"end":{"line":25,"column":null}},"4":{"start":{"line":26,"column":34},"end":{"line":26,"column":null}},"5":{"start":{"line":27,"column":32},"end":{"line":27,"column":null}},"6":{"start":{"line":28,"column":32},"end":{"line":28,"column":null}},"7":{"start":{"line":30,"column":19},"end":{"line":30,"column":null}},"8":{"start":{"line":33,"column":22},"end":{"line":55,"column":null}},"9":{"start":{"line":34,"column":4},"end":{"line":34,"column":null}},"10":{"start":{"line":35,"column":4},"end":{"line":54,"column":null}},"11":{"start":{"line":36,"column":23},"end":{"line":39,"column":null}},"12":{"start":{"line":41,"column":27},"end":{"line":41,"column":null}},"13":{"start":{"line":42,"column":26},"end":{"line":42,"column":null}},"14":{"start":{"line":44,"column":46},"end":{"line":44,"column":null}},"15":{"start":{"line":45,"column":6},"end":{"line":45,"column":null}},"16":{"start":{"line":46,"column":6},"end":{"line":49,"column":null}},"17":{"start":{"line":50,"column":6},"end":{"line":50,"column":null}},"18":{"start":{"line":52,"column":6},"end":{"line":52,"column":null}},"19":{"start":{"line":53,"column":6},"end":{"line":53,"column":null}},"20":{"start":{"line":83,"column":2},"end":{"line":131,"column":null}},"21":{"start":{"line":96,"column":33},"end":{"line":96,"column":null}},"22":{"start":{"line":105,"column":33},"end":{"line":105,"column":null}}},"fnMap":{"0":{"name":"(anonymous_0)","decl":{"start":{"line":24,"column":14},"end":{"line":24,"column":20}},"loc":{"start":{"line":24,"column":20},"end":{"line":133,"column":null}}},"1":{"name":"(anonymous_1)","decl":{"start":{"line":33,"column":22},"end":{"line":33,"column":29}},"loc":{"start":{"line":33,"column":39},"end":{"line":55,"column":null}}},"2":{"name":"(anonymous_2)","decl":{"start":{"line":96,"column":22},"end":{"line":96,"column":23}},"loc":{"start":{"line":96,"column":33},"end":{"line":96,"column":null}}},"3":{"name":"(anonymous_3)","decl":{"start":{"line":105,"column":22},"end":{"line":105,"column":23}},"loc":{"start":{"line":105,"column":33},"end":{"line":105,"column":null}}}},"branchMap":{"0":{"loc":{"start":{"line":122,"column":13},"end":{"line":122,"column":null}},"type":"cond-expr","locations":[{"start":{"line":122,"column":23},"end":{"line":122,"column":41}},{"start":{"line":122,"column":41},"end":{"line":122,"column":null}}]},"1":{"loc":{"start":{"line":125,"column":9},"end":{"line":125,"column":null}},"type":"binary-expr","locations":[{"start":{"line":125,"column":9},"end":{"line":125,"column":20}},{"start":{"line":125,"column":20},"end":{"line":125,"column":null}}]}},"s":{"0":1,"1":1,"2":1,"3":6,"4":6,"5":6,"6":6,"7":6,"8":6,"9":1,"10":1,"11":1,"12":1,"13":1,"14":1,"15":1,"16":1,"17":1,"18":0,"19":0,"20":6,"21":1,"22":1},"f":{"0":6,"1":1,"2":1,"3":1},"b":{"0":[1,5],"1":[6,0]}}
,"/Users/ranga/personal/echohomes/frontend/src/components/NavigationLayout.jsx": {"path":"/Users/ranga/personal/echohomes/frontend/src/components/NavigationLayout.jsx","statementMap":{"0":{"start":{"line":7,"column":18},"end":{"line":7,"column":null}},"1":{"start":{"line":9,"column":25},"end":{"line":101,"column":null}},"2":{"start":{"line":10,"column":19},"end":{"line":10,"column":null}},"3":{"start":{"line":11,"column":19},"end":{"line":11,"column":null}},"4":{"start":{"line":12,"column":27},"end":{"line":12,"column":null}},"5":{"start":{"line":15,"column":16},"end":{"line":69,"column":null}},"6":{"start":{"line":73,"column":6},"end":{"line":73,"column":null}},"7":{"start":{"line":75,"column":2},"end":{"line":77,"column":null}},"8":{"start":{"line":76,"column":4},"end":{"line":76,"column":null}},"9":{"start":{"line":79,"column":2},"end":{"line":99,"column":null}}},"fnMap":{"0":{"name":"(anonymous_0)","decl":{"start":{"line":9,"column":25},"end":{"line":9,"column":31}},"loc":{"start":{"line":9,"column":31},"end":{"line":101,"column":null}}}},"branchMap":{"0":{"loc":{"start":{"line":75,"column":2},"end":{"line":77,"column":null}},"type":"if","locations":[{"start":{"line":75,"column":2},"end":{"line":77,"column":null}},{"start":{},"end":{}}]}},"s":{"0":0,"1":0,"2":0,"3":0,"4":0,"5":0,"6":0,"7":0,"8":0,"9":0},"f":{"0":0},"b":{"0":[0,0]}}
,"/Users/ranga/personal/echohomes/frontend/src/components/OrdersManagement.jsx": {"path":"/Users/ranga/personal/echohomes/frontend/src/components/OrdersManagement.jsx","statementMap":{"0":{"start":{"line":19,"column":29},"end":{"line":19,"column":null}},"1":{"start":{"line":21,"column":25},"end":{"line":600,"column":null}},"2":{"start":{"line":22,"column":19},"end":{"line":22,"column":null}},"3":{"start":{"line":23,"column":30},"end":{"line":23,"column":null}},"4":{"start":{"line":24,"column":34},"end":{"line":24,"column":null}},"5":{"start":{"line":25,"column":22},"end":{"line":25,"column":null}},"6":{"start":{"line":26,"column":40},"end":{"line":26,"column":null}},"7":{"start":{"line":27,"column":48},"end":{"line":27,"column":null}},"8":{"start":{"line":28,"column":68},"end":{"line":30,"column":null}},"9":{"start":{"line":31,"column":48},"end":{"line":31,"column":null}},"10":{"start":{"line":32,"column":36},"end":{"line":32,"column":null}},"11":{"start":{"line":33,"column":54},"end":{"line":33,"column":null}},"12":{"start":{"line":34,"column":46},"end":{"line":34,"column":null}},"13":{"start":{"line":35,"column":44},"end":{"line":35,"column":null}},"14":{"start":{"line":37,"column":27},"end":{"line":37,"column":null}},"15":{"start":{"line":40,"column":30},"end":{"line":87,"column":null}},"16":{"start":{"line":41,"column":20},"end":{"line":46,"column":null}},"17":{"start":{"line":41,"column":62},"end":{"line":46,"column":6}},"18":{"start":{"line":48,"column":19},"end":{"line":53,"column":null}},"19":{"start":{"line":49,"column":6},"end":{"line":51,"column":null}},"20":{"start":{"line":50,"column":8},"end":{"line":50,"column":null}},"21":{"start":{"line":52,"column":6},"end":{"line":52,"column":null}},"22":{"start":{"line":55,"column":4},"end":{"line":86,"column":null}},"23":{"start":{"line":56,"column":21},"end":{"line":56,"column":null}},"24":{"start":{"line":58,"column":23},"end":{"line":64,"column":null}},"25":{"start":{"line":66,"column":21},"end":{"line":66,"column":null}},"26":{"start":{"line":68,"column":6},"end":{"line":75,"column":null}},"27":{"start":{"line":77,"column":21},"end":{"line":79,"column":null}},"28":{"start":{"line":81,"column":6},"end":{"line":83,"column":null}},"29":{"start":{"line":82,"column":8},"end":{"line":82,"column":null}},"30":{"start":{"line":85,"column":6},"end":{"line":85,"column":null}},"31":{"start":{"line":90,"column":30},"end":{"line":109,"column":null}},"32":{"start":{"line":91,"column":4},"end":{"line":91,"column":null}},"33":{"start":{"line":91,"column":20},"end":{"line":91,"column":null}},"34":{"start":{"line":93,"column":4},"end":{"line":108,"column":null}},"35":{"start":{"line":94,"column":23},"end":{"line":94,"column":null}},"36":{"start":{"line":95,"column":30},"end":{"line":103,"column":null}},"37":{"start":{"line":96,"column":8},"end":{"line":101,"column":null}},"38":{"start":{"line":97,"column":10},"end":{"line":99,"column":null}},"39":{"start":{"line":98,"column":12},"end":{"line":98,"column":null}},"40":{"start":{"line":100,"column":10},"end":{"line":100,"column":null}},"41":{"start":{"line":102,"column":8},"end":{"line":102,"column":null}},"42":{"start":{"line":104,"column":6},"end":{"line":104,"column":null}},"43":{"start":{"line":105,"column":6},"end":{"line":105,"column":null}},"44":{"start":{"line":107,"column":6},"end":{"line":107,"column":null}},"45":{"start":{"line":112,"column":25},"end":{"line":124,"column":null}},"46":{"start":{"line":113,"column":23},"end":{"line":113,"column":null}},"47":{"start":{"line":115,"column":4},"end":{"line":123,"column":null}},"48":{"start":{"line":116,"column":23},"end":{"line":116,"column":null}},"49":{"start":{"line":117,"column":25},"end":{"line":117,"column":null}},"50":{"start":{"line":119,"column":6},"end":{"line":119,"column":null}},"51":{"start":{"line":119,"column":40},"end":{"line":119,"column":71}},"52":{"start":{"line":120,"column":6},"end":{"line":120,"column":null}},"53":{"start":{"line":122,"column":6},"end":{"line":122,"column":null}},"54":{"start":{"line":126,"column":2},"end":{"line":129,"column":null}},"55":{"start":{"line":127,"column":4},"end":{"line":127,"column":null}},"56":{"start":{"line":128,"column":4},"end":{"line":128,"column":null}},"57":{"start":{"line":132,"column":25},"end":{"line":142,"column":null}},"58":{"start":{"line":133,"column":19},"end":{"line":133,"column":null}},"59":{"start":{"line":135,"column":19},"end":{"line":137,"column":null}},"60":{"start":{"line":139,"column":4},"end":{"line":141,"column":null}},"61":{"start":{"line":140,"column":6},"end":{"line":140,"column":null}},"62":{"start":{"line":145,"column":24},"end":{"line":206,"column":null}},"63":{"start":{"line":161,"column":8},"end":{"line":161,"column":null}},"64":{"start":{"line":168,"column":27},"end":{"line":168,"column":null}},"65":{"start":{"line":169,"column":26},"end":{"line":169,"column":null}},"66":{"start":{"line":170,"column":35},"end":{"line":170,"column":null}},"67":{"start":{"line":172,"column":8},"end":{"line":178,"column":null}},"68":{"start":{"line":173,"column":10},"end":{"line":176,"column":null}},"69":{"start":{"line":180,"column":8},"end":{"line":186,"column":null}},"70":{"start":{"line":181,"column":10},"end":{"line":184,"column":null}},"71":{"start":{"line":188,"column":8},"end":{"line":191
[...]
26},"end":{"line":16,"column":null}},"5":{"start":{"line":17,"column":32},"end":{"line":17,"column":null}},"6":{"start":{"line":18,"column":40},"end":{"line":18,"column":null}},"7":{"start":{"line":20,"column":2},"end":{"line":30,"column":null}},"8":{"start":{"line":21,"column":4},"end":{"line":29,"column":null}},"9":{"start":{"line":26,"column":8},"end":{"line":26,"column":null}},"10":{"start":{"line":27,"column":8},"end":{"line":27,"column":null}},"11":{"start":{"line":33,"column":28},"end":{"line":38,"column":null}},"12":{"start":{"line":34,"column":30},"end":{"line":36,"column":null}},"13":{"start":{"line":35,"column":6},"end":{"line":35,"column":null}},"14":{"start":{"line":37,"column":4},"end":{"line":37,"column":null}},"15":{"start":{"line":41,"column":22},"end":{"line":58,"column":null}},"16":{"start":{"line":42,"column":4},"end":{"line":42,"column":null}},"17":{"start":{"line":44,"column":4},"end":{"line":54,"column":null}},"18":{"start":{"line":45,"column":6},"end":{"line":51,"column":null}},"19":{"start":{"line":53,"column":6},"end":{"line":53,"column":null}},"20":{"start":{"line":56,"column":4},"end":{"line":56,"column":null}},"21":{"start":{"line":57,"column":4},"end":{"line":57,"column":null}},"22":{"start":{"line":60,"column":17},"end":{"line":60,"column":null}},"23":{"start":{"line":62,"column":2},"end":{"line":162,"column":null}},"24":{"start":{"line":76,"column":25},"end":{"line":76,"column":null}},"25":{"start":{"line":91,"column":12},"end":{"line":91,"column":null}},"26":{"start":{"line":92,"column":12},"end":{"line":92,"column":null}},"27":{"start":{"line":106,"column":29},"end":{"line":106,"column":null}},"28":{"start":{"line":118,"column":29},"end":{"line":118,"column":null}},"29":{"start":{"line":130,"column":29},"end":{"line":130,"column":null}},"30":{"start":{"line":136,"column":10},"end":{"line":159,"column":null}},"31":{"start":{"line":155,"column":39},"end":{"line":155,"column":null}}},"fnMap":{"0":{"name":"(anonymous_0)","decl":{"start":{"line":6,"column":25},"end":{"line":6,"column":26}},"loc":{"start":{"line":6,"column":76},"end":{"line":164,"column":null}}},"1":{"name":"(anonymous_1)","decl":{"start":{"line":20,"column":12},"end":{"line":20,"column":18}},"loc":{"start":{"line":20,"column":18},"end":{"line":30,"column":5}}},"2":{"name":"(anonymous_2)","decl":{"start":{"line":25,"column":27},"end":{"line":25,"column":28}},"loc":{"start":{"line":25,"column":46},"end":{"line":28,"column":9}}},"3":{"name":"(anonymous_3)","decl":{"start":{"line":33,"column":28},"end":{"line":33,"column":29}},"loc":{"start":{"line":33,"column":46},"end":{"line":38,"column":null}}},"4":{"name":"(anonymous_4)","decl":{"start":{"line":34,"column":45},"end":{"line":34,"column":46}},"loc":{"start":{"line":35,"column":6},"end":{"line":35,"column":null}}},"5":{"name":"(anonymous_5)","decl":{"start":{"line":41,"column":22},"end":{"line":41,"column":34}},"loc":{"start":{"line":41,"column":34},"end":{"line":58,"column":null}}},"6":{"name":"(anonymous_6)","decl":{"start":{"line":76,"column":19},"end":{"line":76,"column":25}},"loc":{"start":{"line":76,"column":25},"end":{"line":76,"column":null}}},"7":{"name":"(anonymous_7)","decl":{"start":{"line":90,"column":31},"end":{"line":90,"column":32}},"loc":{"start":{"line":90,"column":50},"end":{"line":93,"column":13}}},"8":{"name":"(anonymous_8)","decl":{"start":{"line":106,"column":22},"end":{"line":106,"column":23}},"loc":{"start":{"line":106,"column":29},"end":{"line":106,"column":null}}},"9":{"name":"(anonymous_9)","decl":{"start":{"line":118,"column":22},"end":{"line":118,"column":23}},"loc":{"start":{"line":118,"column":29},"end":{"line":118,"column":null}}},"10":{"name":"(anonymous_10)","decl":{"start":{"line":130,"column":22},"end":{"line":130,"column":23}},"loc":{"start":{"line":130,"column":29},"end":{"line":130,"column":null}}},"11":{"name":"(anonymous_11)","decl":{"start":{"line":135,"column":25},"end":{"line":135,"column":26}},"loc":{"start":{"line":136,"column":10},"end":{"line":159,"column":null}}},"12":{"name":"(anonymous_12)","decl":{"start":{"line":155,"column":28},"end":{"line":155,"column":29}},"loc":{"start":{"line":155,"column":39},"end":{"line":155,"column":null}}}},"branchMap":{"0":{"loc":{"start":{"line":10,"column":4},"end":{"line":14,"column":null}},"type":"binary-expr","locations":[{"start":{"line":10,"column":4},"end":{"line":10,"column":26}},{"start":{"line":10,"column":26},"end":{"line":14,"column":null}}]},"1":{"loc":{"start":{"line":35,"column":6},"end":{"line":35,"column":null}},"type":"cond-expr","locations":[{"start":{"line":35,"column":20},"end":{"line":35,"column":45}},{"start":{"line":35,"column":45},"end":{"line":35,"column":null}}]},"2":{"loc":{"start":{"line":78,"column":11},"end":{"line":78,"column":null}},"type":"cond-expr","locations":[{"start":{"line":78,"column":21},"end":{"line":78,"column":37}},{"start":{"line":78,"column":37},"end":{"line":78,"column":null}}]}},"s":{"0":0,"1":0,"2":0,"3":0,"4":0,"5":0,"6":0,"7":0,"8":0,"9":0,"10":0,"11":0,"12":0,"13":0,"14":0,"15":0,"16":0,"17":0,"18":0,"19":0,"20":0,"21":0,"22":0,"23":0,"24":0,"25":0,"26":0,"27":0,"28":0,"29":0,"30":0,"31":0},"f":{"0":0,"1":0,"2":0,"3":0,"4":0,"5":0,"6":0,"7":0,"8":0,"9":0,"10":0,"11":0,"12":0},"b":{"0":[0,0],"1":[0,0],"2":[0,0]}}
,"/Users/ranga/personal/echohomes/frontend/src/components/VentureManagement/index.jsx": {"path":"/Users/ranga/personal/echohomes/frontend/src/components/VentureManagement/index.jsx","statementMap":{"0":{"start":{"line":14,"column":34},"end":{"line":14,"column":null}},"1":{"start":{"line":15,"column":48},"end":{"line":15,"column":null}},"2":{"start":{"line":16,"column":46},"end":{"line":16,"column":null}},"3":{"start":{"line":17,"column":54},"end":{"line":17,"column":null}},"4":{"start":{"line":18,"column":38},"end":{"line":18,"column":null}},"5":{"start":{"line":20,"column":27},"end":{"line":20,"column":null}},"6":{"start":{"line":23,"column":20},"end":{"line":25,"column":null}},"7":{"start":{"line":24,"column":4},"end":{"line":24,"column":null}},"8":{"start":{"line":28,"column":19},"end":{"line":35,"column":null}},"9":{"start":{"line":29,"column":4},"end":{"line":32,"column":null}},"10":{"start":{"line":33,"column":4},"end":{"line":33,"column":null}},"11":{"start":{"line":34,"column":4},"end":{"line":34,"column":null}},"12":{"start":{"line":38,"column":23},"end":{"line":40,"column":null}},"13":{"start":{"line":39,"column":4},"end":{"line":39,"column":null}},"14":{"start":{"line":43,"column":24},"end":{"line":46,"column":null}},"15":{"start":{"line":44,"column":4},"end":{"line":44,"column":null}},"16":{"start":{"line":45,"column":4},"end":{"line":45,"column":null}},"17":{"start":{"line":49,"column":23},"end":{"line":57,"column":null}},"18":{"start":{"line":50,"column":4},"end":{"line":53,"column":null}},"19":{"start":{"line":54,"column":4},"end":{"line":54,"column":null}},"20":{"start":{"line":55,"column":4},"end":{"line":55,"column":null}},"21":{"start":{"line":56,"column":4},"end":{"line":56,"column":null}},"22":{"start":{"line":60,"column":27},"end":{"line":63,"column":null}},"23":{"start":{"line":61,"column":4},"end":{"line":61,"column":null}},"24":{"start":{"line":62,"column":4},"end":{"line":62,"column":null}},"25":{"start":{"line":66,"column":24},"end":{"line":88,"column":null}},"26":{"start":{"line":67,"column":4},"end":{"line":67,"column":null}},"27":{"start":{"line":67,"column":13},"end":{"line":67,"column":null}},"28":{"start":{"line":69,"column":28},"end":{"line":72,"column":null}},"29":{"start":{"line":74,"column":4},"end":{"line":77,"column":null}},"30":{"start":{"line":78,"column":4},"end":{"line":85,"column":null}},"31":{"start":{"line":79,"column":6},"end":{"line":82,"column":null}},"32":{"start":{"line":83,"column":6},"end":{"line":83,"column":null}},"33":{"start":{"line":84,"column":6},"end":{"line":84,"column":null}},"34":{"start":{"line":87,"column":4},"end":{"line":87,"column":null}},"35":{"start":{"line":91,"column":24},"end":{"line":98,"column":null}},"36":{"start":{"line":92,"column":4},"end":{"line":97,"column":null}},"37":{"start":{"line":93,"column":23},"end":{"line":93,"column":null}},"38":{"start":{"line":94,"column":6},"end":{"line":94,"column":null}},"39":{"start":{"line":96,"column":6},"end":{"line":96,"column":null}},"40":{"start":{"line":101,"column":2},"end":{"line":103,"column":null}},"41":{"start":{"line":102,"column":4},"end":{"line":102,"column":null}},"42":{"start":{"line":105,"column":2},"end":{"line":190,"column":null}},"43":{"start":{"line":139,"column":14},"end":{"line":184,"column":null}},"44":{"start":{"line":154,"column":30},"end":{"line":154,"column":null}},"45":{"start":{"line":162,"column":43},"end":{"line":162,"column":null}},"46":{"start":{"line":179,"column":20},"end":{"line":181,"column":null}}},"fnMap":{"0":{"name":"VentureManagement","decl":{"start":{"line":13,"column":9},"end":{"line":13,"column":29}},"loc":{"start":{"line":13,"column":29},"end":{"line":192,"column":null}}},"1":{"name":"(anonymous_1)","decl":{"start":{"line":23,"column":20},"end":{"line":23,"column":26}},"loc":{"start":{"line":23,"column":26},"end":{"line":25,"column":null}}},"2":{"name":"(anonymous_2)","decl":{"start":{"line":28,"column":19},"end":{"line":28,"column":25}},"loc":{"start":{"line":28,"column":25},"end":{"line":35,"column":null}}},"3":{"name":"(anonymous_3)","decl":{"start":{"line":38,"column":23},"end":{"line":38,"column":29}},"loc":{"start":{"line":38,"column":29},"end":{"line":40,"column":null}}},"4":{"name":"(anonymous_4)","decl":{"start":{"line":43,"column":24},"end":{"line":43,"column":25}},"loc":{"start":{"line":43,"column":37},"end":{"line":46,"column":null}}},"5":{"name":"(anonymous_5)","decl":{"start":{"line":49,"column":23},"end":{"line":49,"column":29}},"loc":{"start":{"line":49,"column":29},"end":{"line":57,"column":null}}},"6":{"name":"(anonymous_6)","decl":{"start":{"line":60,"column":27},"end":{"line":60,"column":33}},"loc":{"start":{"line":60,"column":33},"end":{"line":63,"column":null}}},"7":{"name":"(anonymous_7)","decl":{"start":{"line":66,"column":24},"end":{"line":66,"column":31}},"loc":{"start":{"line":66,"column":38},"end":{"line":88,"column":null}}},"8":{"name":"(anonymous_8)","decl":{"start":{"line":91,"column":24},"end":{"line":91,"column":36}},"loc":{"start":{"line":91,"column":36},"end":{"line":98,"column":null}}},"9":{"name":"(anonymous_9)","decl":{"start":{"line":101,"column":12},"end":{"line":101,"column":18}},"loc":{"start":{"line":101,"column":18},"end":{"line":103,"column":5}}},"10":{"name":"(anonymous_10)","decl":{"start":{"line":138,"column":26},"end":{"line":138,"column":27}},"loc":{"start":{"line":139,"column":14},"end":{"line":184,"column":null}}},"11":{"name":"(anonymous_11)","decl":{"start":{"line":153,"column":37},"end":{"line":153,"column":43}},"loc":{"start":{"line":153,"column":43},"end":{"line":155,"column":null}}},"12":{"name":"(anonymous_12)","decl":{"start":{"line":162,"column":37},"end":{"line":162,"column":43}},"loc":{"start":{"line":162,"column":43},"end":{"line":162,"column":null}}},"13":{"name":"(anonymous_13)","decl":{"start":{"line":178,"column":44},"end":{"line":178,"column":45}},"loc":{"start":{"line":179,"column":20},"end":{"line":181,"column":null}}}},"branchMap":{"0":{"loc":{"start":{"line":67,"column":4},"end":{"line":67,"column":null}},"type":"if","locations":[{"start":{"line":67,"column":4},"end":{"line":67,"column":null}},{"start":{},"end":{}}]},"1":{"loc":{"start":{"line":78,"column":4},"end":{"line":85,"column":null}},"type":"if","locations":[{"start":{"line":78,"column":4},"end":{"line":85,"column":null}},{"start":{},"end":{}}]},"2":{"loc":{"start":{"line":118,"column":9},"end":{"line":123,"column":null}},"type":"binary-expr","locations":[{"start":{"line":118,"column":9},"end":{"line":118,"column":null}},{"start":{"line":119,"column":10},"end":{"line":123,"column":null}}]},"3":{"loc":{"start":{"line":125,"column":9},"end":{"line":131,"column":null}},"type":"binary-expr","locations":[{"start":{"line":125,"column":9},"end":{"line":125,"column":null}},{"start":{"line":126,"column":10},"end":{"line":131,"column":null}}]},"4":{"loc":{"start":{"line":135,"column":9},"end":{"line":135,"column":null}},"type":"binary-expr","locations":[{"start":{"line":135,"column":9},"end":{"line":135,"column":34}},{"start":{"line":135,"column":34},"end":{"line":135,"column":null}}]},"5":{"loc":{"start":{"line":136,"column":9},"end":{"line":186,"column":null}},"type":"binary-expr","locations":[{"start":{"line":136,"column":9},"end":{"line":136,"column":null}},{"start":{"line":137,"column":10},"end":{"line":186,"column":null}}]}},"s":{"0":0,"1":0,"2":0,"3":0,"4":0,"5":0,"6":0,"7":0,"8":0,"9":0,"10":0,"11":0,"12":0,"13":0,"14":0,"15":0,"16":0,"17":0,"18":0,"19":0,"20":0,"21":0,"22":0,"23":0,"24":0,"25":0,"26":0,"27":0,"28":0,"29":0,"30":0,"31":0,"32":0,"33":0,"34":0,"35":0,"36":0,"37":0,"38":0,"39":0,"40":0,"41":0,"42":0,"43":0,"44":0,"45":0,"46":0},"f":{"0":0,"1":0,"2":0,"3":0,"4":0,"5":0,"6":0,"7":0,"8":0,"9":0,"10":0,"11":0,"12":0,"13":0},"b":{"0":[0,0],"1":[0,0],"2":[0,0],"3":[0,0],"4":[0,0],"5":[0,0]}}
,"/Users/ranga/personal/echohomes/frontend/src/config/i18n.js": {"path":"/Users/ranga/personal/echohomes/frontend/src/config/i18n.js","statementMap":{"0":{"start":{"line":7,"column":18},"end":{"line":17,"column":1}},"1":{"start":{"line":19,"column":0},"end":{"line":26,"column":3}}},"fnMap":{},"branchMap":{},"s":{"0":0,"1":0},"f":{},"b":{}}
,"/Users/ranga/personal/echohomes/frontend/src/helpers/axiosInstance.js": {"path":"/Users/ranga/personal/echohomes/frontend/src/helpers/axiosInstance.js","statementMap":{"0":{"start":{"line":5,"column":21},"end":{"line":12,"column":1}},"1":{"start":{"line":6,"column":26},"end":{"line":6,"column":58}},"2":{"start":{"line":7,"column":2},"end":{"line":10,"column":3}},"3":{"start":{"line":8,"column":4},"end":{"line":8,"column":56}},"4":{"start":{"line":9,"column":4},"end":{"line":9,"column":16}},"5":{"start":{"line":11,"column":2},"end":{"line":11,"column":37}},"6":{"start":{"line":15,"column":22},"end":{"line":17,"column":2}},"7":{"start":{"line":20,"column":23},"end":{"line":20,"column":46}},"8":{"start":{"line":23,"column":0},"end":{"line":37,"column":2}},"9":{"start":{"line":26,"column":4},"end":{"line":31,"column":5}},"10":{"start":{"line":27,"column":20},"end":{"line":27,"column":40}},"11":{"start":{"line":28,"column":6},"end":{"line":30,"column":7}},"12":{"start":{"line":29,"column":8},"end":{"line":29,"column":60}},"13":{"start":{"line":32,"column":4},"end":{"line":32,"column":18}},"14":{"start":{"line":35,"column":4},"end":{"line":35,"column":33}}},"fnMap":{"0":{"name":"(anonymous_0)","decl":{"start":{"line":5,"column":21},"end":{"line":5,"column":26}},"loc":{"start":{"line":5,"column":33},"end":{"line":12,"column":1}}},"1":{"name":"(anonymous_1)","decl":{"start":{"line":24,"column":2},"end":{"line":24,"column":7}},"loc":{"start":{"line":24,"column":20},"end":{"line":33,"column":3}}},"2":{"name":"(anonymous_2)","decl":{"start":{"line":34,"column":2},"end":{"line":34,"column":3}},"loc":{"start":{"line":34,"column":13},"end":{"line":36,"column":3}}}},"branchMap":{"0":{"loc":{"start":{"line":7,"column":2},"end":{"line":10,"column":3}},"type":"if","locations":[{"start":{"line":7,"column":2},"end":{"line":10,"column":3}},{"start":{},"end":{}}]},"1":{"loc":{"start":{"line":26,"column":4},"end":{"line":31,"column":5}},"type":"if","locations":[{"start":{"line":26,"column":4},"end":{"line":31,"column":5}},{"start":{},"end":{}}]},"2":{"loc":{"start":{"line":28,"column":6},"end":{"line":30,"column":7}},"type":"if","locations":[{"start":{"line":28,"column":6},"end":{"line":30,"column":7}},{"start":{},"end":{}}]}},"s":{"0":4,"1":2,"2":2,"3":1,"4":1,"5":1,"6":4,"7":4,"8":4,"9":3,"10":2,"11":2,"12":1,"13":3,"14":0},"f":{"0":2,"1":3,"2":0},"b":{"0":[1,1],"1":[2,1],"2":[1,1]}}
,"/Users/ranga/personal/echohomes/frontend/src/tests/mocks/mockApiHandlers.js": {"path":"/Users/ranga/personal/echohomes/frontend/src/tests/mocks/mockApiHandlers.js","statementMap":{"0":{"start":{"line":3,"column":24},"end":{"line":7,"column":1}},"1":{"start":{"line":5,"column":4},"end":{"line":5,"column":65}}},"fnMap":{"0":{"name":"(anonymous_0)","decl":{"start":{"line":4,"column":33},"end":{"line":4,"column":34}},"loc":{"start":{"line":4,"column":52},"end":{"line":6,"column":3}}}},"branchMap":{},"s":{"0":5,"1":0},"f":{"0":0},"b":{}}
,"/Users/ranga/personal/echohomes/frontend/src/utils/constants.js": {"path":"/Users/ranga/personal/echohomes/frontend/src/utils/constants.js","statementMap":{"0":{"start":{"line":1,"column":25},"end":{"line":5,"column":1}},"1":{"start":{"line":7,"column":25},"end":{"line":7,"column":26}}},"fnMap":{},"branchMap":{},"s":{"0":1,"1":1},"f":{},"b":{}}
,"/Users/ranga/personal/echohomes/frontend/src/utils/useLocalStorage.jsx": {"path":"/Users/ranga/personal/echohomes/frontend/src/utils/useLocalStorage.jsx","statementMap":{"0":{"start":{"line":5,"column":40},"end":{"line":13,"column":null}},"1":{"start":{"line":6,"column":4},"end":{"line":12,"column":null}},"2":{"start":{"line":7,"column":19},"end":{"line":7,"column":null}},"3":{"start":{"line":8,"column":6},"end":{"line":8,"column":null}},"4":{"start":{"line":10,"column":6},"end":{"line":10,"column":null}},"5":{"start":{"line":11,"column":6},"end":{"line":11,"column":null}},"6":{"start":{"line":15,"column":2},"end":{"line":25,"column":null}},"7":{"start":{"line":16,"column":26},"end":{"line":21,"column":null}},"8":{"start":{"line":17,"column":22},"end":{"line":17,"column":null}},"9":{"start":{"line":18,"column":6},"end":{"line":20,"column":null}},"10":{"start":{"line":19,"column":8},"end":{"line":19,"column":null}},"11":{"start":{"line":23,"column":4},"end":{"line":23,"column":null}},"12":{"start":{"line":24,"column":4},"end":{"line":24,"column":null}},"13":{"start":{"line":24,"column":17},"end":{"line":24,"column":null}},"14":{"start":{"line":28,"column":2},"end":{"line":35,"column":null}},"15":{"start":{"line":29,"column":4},"end":{"line":34,"column":null}},"16":{"start":{"line":30,"column":6},"end":{"line":30,"column":null}},"17":{"start":{"line":31,"column":6},"end":{"line":31,"column":null}},"18":{"start":{"line":33,"column":6},"end":{"line":33,"column":null}},"19":{"start":{"line":38,"column":2},"end":{"line":38,"column":null}}},"fnMap":{"0":{"name":"useLocalStorage","decl":{"start":{"line":3,"column":9},"end":{"line":3,"column":25}},"loc":{"start":{"line":3,"column":44},"end":{"line":39,"column":null}}},"1":{"name":"(anonymous_1)","decl":{"start":{"line":5,"column":49},"end":{"line":5,"column":55}},"loc":{"start":{"line":5,"column":55},"end":{"line":13,"column":3}}},"2":{"name":"(anonymous_2)","decl":{"start":{"line":15,"column":12},"end":{"line":15,"column":18}},"loc":{"start":{"line":15,"column":18},"end":{"line":25,"column":5}}},"3":{"name":"(anonymous_3)","decl":{"start":{"line":16,"column":26},"end":{"line":16,"column":32}},"loc":{"start":{"line":16,"column":32},"end":{"line":21,"column":null}}},"4":{"name":"(anonymous_4)","decl":{"start":{"line":24,"column":11},"end":{"line":24,"column":17}},"loc":{"start":{"line":24,"column":17},"end":{"line":24,"column":null}}},"5":{"name":"(anonymous_5)","decl":{"start":{"line":28,"column":12},"end":{"line":28,"column":18}},"loc":{"start":{"line":28,"column":18},"end":{"line":35,"column":5}}}},"branchMap":{"0":{"loc":{"start":{"line":8,"column":13},"end":{"line":8,"column":null}},"type":"cond-expr","locations":[{"start":{"line":8,"column":20},"end":{"line":8,"column":39}},{"start":{"line":8,"column":39},"end":{"line":8,"column":null}}]},"1":{"loc":{"start":{"line":18,"column":6},"end":{"line":20,"column":null}},"type":"if","locations":[{"start":{"line":18,"column":6},"end":{"line":20,"column":null}},{"start":{},"end":{}}]}},"s":{"0":0,"1":0,"2":0,"3":0,"4":0,"5":0,"6":0,"7":0,"8":0,"9":0,"10":0,"11":0,"12":0,"13":0,"14":0,"15":0,"16":0,"17":0,"18":0,"19":0},"f":{"0":0,"1":0,"2":0,"3":0,"4":0,"5":0},"b":{"0":[0,0],"1":[0,0]}}
}
