<?xml version="1.0" encoding="UTF-8"?>
<coverage generated="1725626944801" clover="3.2.0">
  <project timestamp="1725626944801" name="All files">
    <metrics statements="309" coveredstatements="111" conditionals="105" coveredconditionals="17" methods="45" coveredmethods="12" elements="459" coveredelements="140" complexity="0" loc="309" ncloc="309" packages="1" files="1" classes="1"/>
    <file name="app.js" path="/Users/ranga/personal/echohomes/backend/src/app.js">
      <metrics statements="309" coveredstatements="111" conditionals="105" coveredconditionals="17" methods="45" coveredmethods="12"/>
      <line num="1" count="19" type="stmt"/>
      <line num="2" count="19" type="stmt"/>
      <line num="3" count="19" type="stmt"/>
      <line num="4" count="19" type="stmt"/>
      <line num="5" count="19" type="stmt"/>
      <line num="7" count="19" type="stmt"/>
      <line num="9" count="19" type="stmt"/>
      <line num="10" count="19" type="stmt"/>
      <line num="11" count="19" type="stmt"/>
      <line num="12" count="19" type="stmt"/>
      <line num="15" count="19" type="stmt"/>
      <line num="20" count="19" type="stmt"/>
      <line num="23" count="19" type="stmt"/>
      <line num="25" count="19" type="stmt"/>
      <line num="29" count="19" type="stmt"/>
      <line num="30" count="19" type="stmt"/>
      <line num="33" count="19" type="cond" truecount="3" falsecount="1"/>
      <line num="34" count="0" type="stmt"/>
      <line num="41" count="19" type="stmt"/>
      <line num="42" count="38" type="stmt"/>
      <line num="43" count="38" type="cond" truecount="2" falsecount="0"/>
      <line num="45" count="38" type="cond" truecount="2" falsecount="0"/>
      <line num="46" count="36" type="stmt"/>
      <line num="49" count="2" type="stmt"/>
      <line num="50" count="0" type="cond" truecount="0" falsecount="2"/>
      <line num="51" count="0" type="stmt"/>
      <line num="53" count="0" type="stmt"/>
      <line num="54" count="0" type="stmt"/>
      <line num="55" count="0" type="stmt"/>
      <line num="59" count="19" type="stmt"/>
      <line num="60" count="3" type="stmt"/>
      <line num="62" count="3" type="stmt"/>
      <line num="66" count="3" type="cond" truecount="2" falsecount="0"/>
      <line num="67" count="1" type="stmt"/>
      <line num="71" count="19" type="stmt"/>
      <line num="72" count="4" type="stmt"/>
      <line num="77" count="4" type="cond" truecount="2" falsecount="0"/>
      <line num="78" count="1" type="stmt"/>
      <line num="82" count="19" type="stmt"/>
      <line num="83" count="1" type="stmt"/>
      <line num="84" count="1" type="stmt"/>
      <line num="89" count="1" type="cond" truecount="1" falsecount="1"/>
      <line num="90" count="0" type="stmt"/>
      <line num="94" count="19" type="stmt"/>
      <line num="96" count="1" type="stmt"/>
      <line num="98" count="1" type="stmt"/>
      <line num="103" count="1" type="cond" truecount="1" falsecount="1"/>
      <line num="105" count="0" type="stmt"/>
      <line num="106" count="0" type="stmt"/>
      <line num="108" count="0" type="cond" truecount="0" falsecount="2"/>
      <line num="110" count="0" type="cond" truecount="0" falsecount="2"/>
      <line num="138" count="0" type="stmt"/>
      <line num="140" count="0" type="cond" truecount="0" falsecount="2"/>
      <line num="142" count="0" type="stmt"/>
      <line num="150" count="19" type="stmt"/>
      <line num="151" count="4" type="stmt"/>
      <line num="153" count="4" type="stmt"/>
      <line num="155" count="4" type="stmt"/>
      <line num="161" count="4" type="cond" truecount="2" falsecount="0"/>
      <line num="162" count="1" type="stmt"/>
      <line num="163" count="1" type="stmt"/>
      <line num="168" count="3" type="cond" truecount="1" falsecount="1"/>
      <line num="170" count="0" type="stmt"/>
      <line num="173" count="3" type="stmt"/>
      <line num="176" count="2" type="stmt"/>
      <line num="179" count="2" type="stmt"/>
      <line num="184" count="2" type="cond" truecount="1" falsecount="1"/>
      <line num="185" count="0" type="stmt"/>
      <line num="189" count="0" type="stmt"/>
      <line num="193" count="2" type="stmt"/>
      <line num="194" count="2" type="stmt"/>
      <line num="210" count="2" type="stmt"/>
      <line num="211" count="2" type="stmt"/>
      <line num="227" count="2" type="stmt"/>
      <line num="242" count="1" type="stmt"/>
      <line num="244" count="2" type="stmt"/>
      <line num="245" count="2" type="stmt"/>
      <line num="250" count="19" type="stmt"/>
      <line num="251" count="2" type="stmt"/>
      <line num="253" count="2" type="stmt"/>
      <line num="254" count="2" type="stmt"/>
      <line num="255" count="1" type="stmt"/>
      <line num="257" count="1" type="stmt"/>
      <line num="258" count="1" type="stmt"/>
      <line num="263" count="19" type="stmt"/>
      <line num="264" count="2" type="stmt"/>
      <line num="266" count="2" type="stmt"/>
      <line num="267" count="2" type="stmt"/>
      <line num="268" count="1" type="stmt"/>
      <line num="270" count="1" type="stmt"/>
      <line num="271" count="1" type="stmt"/>
      <line num="276" count="19" type="stmt"/>
      <line num="277" count="2" type="stmt"/>
      <line num="279" count="2" type="stmt"/>
      <line num="280" count="2" type="stmt"/>
      <line num="281" count="1" type="stmt"/>
      <line num="283" count="1" type="stmt"/>
      <line num="284" count="1" type="stmt"/>
      <line num="289" count="19" type="stmt"/>
      <line num="293" count="0" type="cond" truecount="0" falsecount="1"/>
      <line num="294" count="0" type="stmt"/>
      <line num="296" count="0" type="stmt"/>
      <line num="298" count="0" type="stmt"/>
      <line num="304" count="0" type="cond" truecount="0" falsecount="2"/>
      <line num="305" count="0" type="stmt"/>
      <line num="306" count="0" type="stmt"/>
      <line num="311" count="0" type="cond" truecount="0" falsecount="2"/>
      <line num="313" count="0" type="stmt"/>
      <line num="316" count="0" type="stmt"/>
      <line num="319" count="0" type="stmt"/>
      <line num="322" count="0" type="stmt"/>
      <line num="327" count="0" type="cond" truecount="0" falsecount="2"/>
      <line num="328" count="0" type="stmt"/>
      <line num="332" count="0" type="stmt"/>
      <line num="336" count="0" type="stmt"/>
      <line num="337" count="0" type="stmt"/>
      <line num="349" count="0" type="stmt"/>
      <line num="365" count="0" type="stmt"/>
      <line num="368" count="0" type="stmt"/>
      <line num="369" count="0" type="stmt"/>
      <line num="375" count="19" type="stmt"/>
      <line num="376" count="0" type="stmt"/>
      <line num="378" count="0" type="stmt"/>
      <line num="384" count="0" type="cond" truecount="0" falsecount="2"/>
      <line num="385" count="0" type="stmt"/>
      <line num="388" count="0" type="stmt"/>
      <line num="392" count="19" type="stmt"/>
      <line num="396" count="0" type="stmt"/>
      <line num="399" count="0" type="stmt"/>
      <line num="406" count="0" type="stmt"/>
      <line num="407" count="0" type="stmt"/>
      <line num="408" count="0" type="cond" truecount="0" falsecount="2"/>
      <line num="409" count="0" type="stmt"/>
      <line num="411" count="0" type="stmt"/>
      <line num="415" count="0" type="stmt"/>
      <line num="420" count="0" type="cond" truecount="0" falsecount="2"/>
      <line num="421" count="0" type="stmt"/>
      <line num="424" count="0" type="stmt"/>
      <line num="429" count="19" type="stmt"/>
      <line num="430" count="0" type="stmt"/>
      <line num="431" count="0" type="stmt"/>
      <line num="436" count="0" type="cond" truecount="0" falsecount="2"/>
      <line num="437" count="0" type="stmt"/>
      <line num="440" count="0" type="stmt"/>
      <line num="444" count="19" type="stmt"/>
      <line num="445" count="0" type="stmt"/>
      <line num="446" count="0" type="stmt"/>
      <line num="448" count="0" type="cond" truecount="0" falsecount="2"/>
      <line num="454" count="0" type="stmt"/>
      <line num="460" count="0" type="cond" truecount="0" falsecount="2"/>
      <line num="461" count="0" type="stmt"/>
      <line num="464" count="0" type="stmt"/>
      <line num="468" count="19" type="stmt"/>
      <line num="469" count="0" type="stmt"/>
      <line num="470" count="0" type="stmt"/>
      <line num="472" count="0" type="stmt"/>
      <line num="480" count="0" type="cond" truecount="0" falsecount="2"/>
      <line num="481" count="0" type="stmt"/>
      <line num="484" count="0" type="stmt"/>
      <line num="488" count="19" type="stmt"/>
      <line num="489" count="0" type="stmt"/>
      <line num="491" count="0" type="stmt"/>
      <line num="496" count="0" type="cond" truecount="0" falsecount="2"/>
      <line num="497" count="0" type="stmt"/>
      <line num="500" count="0" type="stmt"/>
      <line num="504" count="19" type="stmt"/>
      <line num="505" count="0" type="stmt"/>
      <line num="506" count="0" type="stmt"/>
      <line num="511" count="0" type="cond" truecount="0" falsecount="2"/>
      <line num="512" count="0" type="stmt"/>
      <line num="515" count="0" type="stmt"/>
      <line num="519" count="19" type="stmt"/>
      <line num="520" count="0" type="stmt"/>
      <line num="521" count="0" type="stmt"/>
      <line num="527" count="0" type="cond" truecount="0" falsecount="2"/>
      <line num="528" count="0" type="stmt"/>
      <line num="531" count="0" type="stmt"/>
      <line num="535" count="19" type="stmt"/>
      <line num="545" count="0" type="stmt"/>
      <line num="547" count="0" type="stmt"/>
      <line num="560" count="0" type="cond" truecount="0" falsecount="2"/>
      <line num="561" count="0" type="stmt"/>
      <line num="564" count="0" type="stmt"/>
      <line num="568" count="19" type="stmt"/>
      <line num="569" count="0" type="stmt"/>
      <line num="571" count="0" type="stmt"/>
      <line num="576" count="0" type="cond" truecount="0" falsecount="2"/>
      <line num="577" count="0" type="stmt"/>
      <line num="580" count="0" type="stmt"/>
      <line num="584" count="19" type="stmt"/>
      <line num="585" count="0" type="stmt"/>
      <line num="587" count="0" type="stmt"/>
      <line num="593" count="0" type="cond" truecount="0" falsecount="2"/>
      <line num="594" count="0" type="stmt"/>
      <line num="597" count="0" type="stmt"/>
      <line num="601" count="19" type="stmt"/>
      <line num="602" count="0" type="stmt"/>
      <line num="603" count="0" type="stmt"/>
      <line num="608" count="0" type="cond" truecount="0" falsecount="2"/>
      <line num="609" count="0" type="stmt"/>
      <line num="612" count="0" type="stmt"/>
      <line num="616" count="19" type="stmt"/>
      <line num="617" count="0" type="stmt"/>
      <line num="618" count="0" type="stmt"/>
      <line num="625" count="0" type="cond" truecount="0" falsecount="2"/>
      <line num="626" count="0" type="stmt"/>
      <line num="629" count="0" type="stmt"/>
      <line num="633" count="19" type="stmt"/>
      <line num="641" count="0" type="stmt"/>
      <line num="643" count="0" type="stmt"/>
      <line num="652" count="0" type="cond" truecount="0" falsecount="2"/>
      <line num="653" count="0" type="stmt"/>
      <line num="656" count="0" type="stmt"/>
      <line num="660" count="19" type="stmt"/>
      <line num="661" count="0" type="stmt"/>
      <line num="662" count="0" type="stmt"/>
      <line num="663" count="0" type="stmt"/>
      <line num="675" count="0" type="cond" truecount="0" falsecount="2"/>
      <line num="676" count="0" type="stmt"/>
      <line num="679" count="0" type="stmt"/>
      <line num="683" count="19" type="stmt"/>
      <line num="684" count="0" type="stmt"/>
      <line num="685" count="0" type="stmt"/>
      <line num="700" count="0" type="cond" truecount="0" falsecount="2"/>
      <line num="701" count="0" type="stmt"/>
      <line num="704" count="0" type="stmt"/>
      <line num="708" count="19" type="stmt"/>
      <line num="709" count="0" type="stmt"/>
      <line num="711" count="0" type="stmt"/>
      <line num="717" count="0" type="cond" truecount="0" falsecount="2"/>
      <line num="718" count="0" type="stmt"/>
      <line num="721" count="0" type="stmt"/>
      <line num="725" count="19" type="stmt"/>
      <line num="734" count="0" type="stmt"/>
      <line num="735" count="0" type="stmt"/>
      <line num="744" count="0" type="stmt"/>
      <line num="749" count="0" type="cond" truecount="0" falsecount="2"/>
      <line num="750" count="0" type="stmt"/>
      <line num="754" count="0" type="stmt"/>
      <line num="769" count="0" type="cond" truecount="0" falsecount="2"/>
      <line num="770" count="0" type="stmt"/>
      <line num="774" count="0" type="stmt"/>
      <line num="776" count="0" type="stmt"/>
      <line num="779" count="0" type="stmt"/>
      <line num="781" count="0" type="cond" truecount="0" falsecount="2"/>
      <line num="782" count="0" type="stmt"/>
      <line num="787" count="0" type="stmt"/>
      <line num="791" count="19" type="stmt"/>
      <line num="800" count="0" type="stmt"/>
      <line num="801" count="0" type="stmt"/>
      <line num="810" count="0" type="stmt"/>
      <line num="815" count="0" type="cond" truecount="0" falsecount="2"/>
      <line num="816" count="0" type="stmt"/>
      <line num="820" count="0" type="stmt"/>
      <line num="836" count="0" type="cond" truecount="0" falsecount="2"/>
      <line num="837" count="0" type="stmt"/>
      <line num="841" count="0" type="stmt"/>
      <line num="843" count="0" type="stmt"/>
      <line num="846" count="0" type="stmt"/>
      <line num="848" count="0" type="cond" truecount="0" falsecount="2"/>
      <line num="849" count="0" type="stmt"/>
      <line num="854" count="0" type="stmt"/>
      <line num="858" count="19" type="stmt"/>
      <line num="859" count="0" type="stmt"/>
      <line num="861" count="0" type="stmt"/>
      <line num="867" count="0" type="cond" truecount="0" falsecount="2"/>
      <line num="868" count="0" type="stmt"/>
      <line num="871" count="0" type="stmt"/>
      <line num="875" count="0" type="stmt"/>
      <line num="879" count="19" type="stmt"/>
      <line num="880" count="0" type="stmt"/>
      <line num="882" count="0" type="cond" truecount="0" falsecount="2"/>
      <line num="883" count="0" type="stmt"/>
      <line num="886" count="0" type="stmt"/>
      <line num="888" count="0" type="stmt"/>
      <line num="892" count="19" type="stmt"/>
      <line num="904" count="0" type="stmt"/>
      <line num="906" count="0" type="stmt"/>
      <line num="921" count="0" type="cond" truecount="0" falsecount="2"/>
      <line num="922" count="0" type="stmt"/>
      <line num="924" count="0" type="stmt"/>
      <line num="928" count="19" type="stmt"/>
      <line num="929" count="0" type="stmt"/>
      <line num="931" count="0" type="stmt"/>
      <line num="938" count="0" type="cond" truecount="0" falsecount="2"/>
      <line num="939" count="0" type="stmt"/>
      <line num="941" count="0" type="stmt"/>
      <line num="945" count="19" type="stmt"/>
      <line num="946" count="0" type="stmt"/>
      <line num="947" count="0" type="stmt"/>
      <line num="949" count="0" type="stmt"/>
      <line num="957" count="0" type="cond" truecount="0" falsecount="2"/>
      <line num="958" count="0" type="stmt"/>
      <line num="961" count="0" type="stmt"/>
      <line num="965" count="19" type="stmt"/>
      <line num="966" count="0" type="stmt"/>
      <line num="968" count="0" type="stmt"/>
      <line num="973" count="0" type="cond" truecount="0" falsecount="2"/>
      <line num="974" count="0" type="stmt"/>
      <line num="976" count="0" type="stmt"/>
      <line num="980" count="19" type="stmt"/>
      <line num="981" count="0" type="stmt"/>
      <line num="982" count="0" type="stmt"/>
      <line num="987" count="0" type="cond" truecount="0" falsecount="2"/>
      <line num="988" count="0" type="stmt"/>
      <line num="991" count="0" type="stmt"/>
      <line num="995" count="19" type="stmt"/>
      <line num="996" count="1" type="stmt"/>
      <line num="999" count="19" type="stmt"/>
    </file>
  </project>
</coverage>
