{"/Users/ranga/personal/echohomes/backend/src/app.js": {"path":"/Users/ranga/personal/echohomes/backend/src/app.js","statementMap":{"0":{"start":{"line":1,"column":16},"end":{"line":1,"column":34}},"1":{"start":{"line":2,"column":13},"end":{"line":2,"column":28}},"2":{"start":{"line":3,"column":25},"end":{"line":3,"column":57}},"3":{"start":{"line":4,"column":15},"end":{"line":4,"column":40}},"4":{"start":{"line":5,"column":19},"end":{"line":5,"column":41}},"5":{"start":{"line":7,"column":0},"end":{"line":7,"column":27}},"6":{"start":{"line":9,"column":12},"end":{"line":9,"column":21}},"7":{"start":{"line":10,"column":0},"end":{"line":10,"column":16}},"8":{"start":{"line":11,"column":0},"end":{"line":11,"column":24}},"9":{"start":{"line":12,"column":0},"end":{"line":12,"column":27}},"10":{"start":{"line":15,"column":0},"end":{"line":19,"column":2}},"11":{"start":{"line":20,"column":15},"end":{"line":20,"column":63}},"12":{"start":{"line":23,"column":0},"end":{"line":23,"column":46}},"13":{"start":{"line":25,"column":17},"end":{"line":28,"column":1}},"14":{"start":{"line":29,"column":20},"end":{"line":29,"column":44}},"15":{"start":{"line":30,"column":20},"end":{"line":30,"column":44}},"16":{"start":{"line":33,"column":0},"end":{"line":35,"column":1}},"17":{"start":{"line":34,"column":2},"end":{"line":34,"column":79}},"18":{"start":{"line":41,"column":26},"end":{"line":56,"column":1}},"19":{"start":{"line":42,"column":21},"end":{"line":42,"column":49}},"20":{"start":{"line":43,"column":16},"end":{"line":43,"column":54}},"21":{"start":{"line":45,"column":2},"end":{"line":47,"column":3}},"22":{"start":{"line":46,"column":4},"end":{"line":46,"column":31}},"23":{"start":{"line":49,"column":26},"end":{"line":49,"column":60}},"24":{"start":{"line":50,"column":2},"end":{"line":52,"column":3}},"25":{"start":{"line":51,"column":4},"end":{"line":51,"column":31}},"26":{"start":{"line":53,"column":19},"end":{"line":53,"column":23}},"27":{"start":{"line":54,"column":2},"end":{"line":54,"column":18}},"28":{"start":{"line":55,"column":2},"end":{"line":55,"column":9}},"29":{"start":{"line":59,"column":0},"end":{"line":68,"column":3}},"30":{"start":{"line":60,"column":20},"end":{"line":60,"column":28}},"31":{"start":{"line":62,"column":26},"end":{"line":64,"column":4}},"32":{"start":{"line":66,"column":2},"end":{"line":66,"column":67}},"33":{"start":{"line":66,"column":13},"end":{"line":66,"column":67}},"34":{"start":{"line":67,"column":2},"end":{"line":67,"column":70}},"35":{"start":{"line":71,"column":0},"end":{"line":79,"column":3}},"36":{"start":{"line":72,"column":26},"end":{"line":75,"column":4}},"37":{"start":{"line":77,"column":2},"end":{"line":77,"column":67}},"38":{"start":{"line":77,"column":13},"end":{"line":77,"column":67}},"39":{"start":{"line":78,"column":2},"end":{"line":78,"column":63}},"40":{"start":{"line":82,"column":0},"end":{"line":91,"column":3}},"41":{"start":{"line":83,"column":30},"end":{"line":83,"column":38}},"42":{"start":{"line":84,"column":26},"end":{"line":87,"column":4}},"43":{"start":{"line":89,"column":2},"end":{"line":89,"column":67}},"44":{"start":{"line":89,"column":13},"end":{"line":89,"column":67}},"45":{"start":{"line":90,"column":2},"end":{"line":90,"column":50}},"46":{"start":{"line":94,"column":0},"end":{"line":147,"column":3}},"47":{"start":{"line":96,"column":4},"end":{"line":96,"column":12}},"48":{"start":{"line":98,"column":38},"end":{"line":101,"column":4}},"49":{"start":{"line":103,"column":2},"end":{"line":103,"column":67}},"50":{"start":{"line":103,"column":13},"end":{"line":103,"column":67}},"51":{"start":{"line":105,"column":19},"end":{"line":105,"column":29}},"52":{"start":{"line":106,"column":17},"end":{"line":106,"column":24}},"53":{"start":{"line":108,"column":16},"end":{"line":108,"column":57}},"54":{"start":{"line":110,"column":4},"end":{"line":137,"column":9}},"55":{"start":{"line":138,"column":32},"end":{"line":138,"column":76}},"56":{"start":{"line":140,"column":2},"end":{"line":140,"column":79}},"57":{"start":{"line":140,"column":19},"end":{"line":140,"column":79}},"58":{"start":{"line":142,"column":2},"end":{"line":146,"column":5}},"59":{"start":{"line":150,"column":0},"end":{"line":247,"column":3}},"60":{"start":{"line":151,"column":33},"end":{"line":151,"column":41}},"61":{"start":{"line":153,"column":2},"end":{"line":246,"column":3}},"62":{"start":{"line":155,"column":45},"end":{"line":159,"column":15}},"63":{"start":{"line":161,"column":4},"end":{"line":164,"column":5}},"64":{"start":{"line":162,"column":6},"end":{"line":162,"column":63}},"65":{"start":{"line":163,"column":6},"end":{"line":163,"column":64}},"66":{"start":{"line":168,"column":4},"end":{"line":191,"column":5}},"67":{"start":{"line":170,"column":6},"end":{"line":170,"column":43}},"68":{"start":{"line":173,"column":23},"end":{"line":175,"column":8}},"69":{"start":{"line":176,"column":6},"end":{"line":176,"column":31}},"70":{"start":{"line":179,"column":37},"end":{"line":182,"column":33}},"71":{"start":{"line":184,"column":6},"end":{"line":190,"column":7}},"72":{"start":{"line":185,"column":8},"end":{"line":188,"column":10}},"73":{"start":{"line":189,"column":8},"end":{"line":189,"column":68}},"74":{"start":{"line":193,"column":23},"end":{"line":208,"column":6}},"75":{"start":{"line":194,"column":6},"end":{"line":207,"column":8}},"76":{"start":{"line":210,"column":4},"end":{"line":225,"column":7}},"77":{"start":{"line":211,"column":6},"end":{"line":224,"column":9}},"78":{"start":{"line":227,"column":20},"end":{"line":240,"column":6}},"79":{"start":{"line":242,"column":4},"end":{"line":242,"column":33}},"80":{"start":{"line":244,"column":4},"end":{"line":244,"column":61}},"81":{"start":{"line":245,"column":4},"end":{"line":245,"column":51}},"82":{"start":{"line":250,"column":0},"end":{"line":260,"column":3}},"83":{"start":{"line":251,"column":24},"end":{"line":251,"column":34}},"84":{"start":{"line":253,"column":2},"end":{"line":259,"column":3}},"85":{"start":{"line":254,"column":20},"end":{"line":254,"column":61}},"86":{"start":{"line":255,"column":4},"end":{"line":255,"column":70}},"87":{"start":{"line":257,"column":4},"end":{"line":257,"column":54}},"88":{"start":{"line":258,"column":4},"end":{"line":258,"column":51}},"89":{"start":{"line":263,"column":0},"end":{"line":273,"column":3}},"90":{"start":{"line":264,"column":23},"end":{"line":264,"column":33}},"91":{"start":{"line":266,"column":2},"end":{"line":272,"column":3}},"92":{"start":{"line":267,"column":20},"end":{"line":267,"column":59}},"93":{"start":{"line":268,"column":4},"end":{"line":268,"column":50}},"94":{"start":{"line":270,"column":4},"end":{"line":270,"column":54}},"95":{"start":{"line":271,"column":4},"end":{"line":271,"column":51}},"96":{"start":{"line":276,"column":0},"end":{"line":286,"column":3}},"97":{"start":{"line":277,"column":17},"end":{"line":277,"column":27}},"98":{"start":{"line":279,"column":2},"end":{"line":285,"column":3}},"99":{"start":{"line":280,"column":26},"end":{"line":280,"column":66}},"100":{"start":{"line":281,"column":4},"end":{"line":281,"column":32}},"101":{"start":{"line":283,"column":4},"end":{"line":283,"column":54}},"102":{"start":{"line":284,"column":4},"end":{"line":284,"column":51}},"103":{"start":{"line":289,"column":0},"end":{"line":371,"column":2}},"104":{"start":{"line":293,"column":41},"end":{"line":293,"column":49}},"105":{"start":{"line":294,"column":20},"end":{"line":294,"column":28}},"106":{"start":{"line":296,"column":4},"end":{"line":369,"column":5}},"107":{"start":{"line":298,"column":47},"end":{"line":302,"column":17}},"108":{"start":{"line":304,"column":6},"end":{"line":307,"column":7}},"109":{"start":{"line":305,"column":8},"end":{"line":305,"column":65}},"110":{"start":{"line":306,"column":8},"end":{"line":306,"column":66}},"111":{"start":{"line":311,"column":6},"end":{"line":334,"column":7}},"112":{"start":{"line":313,"column":8},"end":{"line":313,"column":45}},"113":{"start":{"line":316,"column":25},"end":{"line":318,"column":10}},"114":{"start":{"line":319,"column":8},"end":{"line":319,"column":33}},"115":{"start":{"line":322,"column":39},"end":{"line":325,"column":44}},"116":{"start":{"line":327,"column":8},"end":{"line":333,"column":9}},"117":{"start":{"line":328,"column":10},"end":{"line":331,"column":12}},"118":{"start":{"line":332,"column":10},"end":{"line":332,"column":70}},"119":{"start":{"line":336,"column":25},"end":{"line":347,"column":8}},"120":{"start":{"line":337,"column":8},"end":{"line":346,"column":10}},"121":{"start":{"line":349,"column":22},"end":{"line":363,"column":8}},"122":{"start":{"line":365,"column":6},"end":{"line":365,"column":35}},"123":{"start":{"line":367,"column":6},"end":{"line":367,"column":63}},"124":{"start":{"line":368,"column":6},"end":{"line":368,"column":53}},"125":{"start":{"line":374,"column":0},"end":{"line":388,"column":3}},"126":{"start":{"line":375,"column":17},"end":{"line":375,"column":27}},"127":{"start":{"line":377,"column":26},"end":{"line":381,"column":13}},"128":{"start":{"line":383,"column":2},"end":{"line":385,"column":3}},"129":{"start":{"line":384,"column":4},"end":{"line":384,"column":58}},"130":{"start":{"line":387,"column":2},"end":{"line":387,"column":17}},"131":{"start":{"line":391,"column":0},"end":{"line":425,"column":2}},"132":{"start":{"line":395,"column":42},"end":{"line":395,"column":50}},"133":{"start":{"line":398,"column":28},"end":{"line":402,"column":15}},"134":{"start":{"line":405,"column":22},"end":{"line":405,"column":38}},"135":{"start":{"line":406,"column":4},"end":{"line":411,"column":7}},"136":{"start":{"line":407,"column":6},"end":{"line":409,"column":7}},"137":{"start":{"line":408,"column":8},"end":{"line":408,"column":30}},"138":{"start":{"line":410,"column":6},"end":{"line":410,"column":19}},"139":{"start":{"line":414,"column":40},"end":{"line":417,"column":25}},"140":{"start":{"line":419,"column":4},"end":{"line":421,"column":5}},"141":{"start":{"line":420,"column":6},"end":{"line":420,"column":60}},"142":{"start":{"line":423,"column":4},"end":{"line":423,"column":47}},"143":{"start":{"line":428,"column":0},"end":{"line":440,"column":3}},"144":{"start":{"line":429,"column":45},"end":{"line":429,"column":53}},"145":{"start":{"line":430,"column":26},"end":{"line":433,"column":33}},"146":{"start":{"line":435,"column":2},"end":{"line":437,"column":3}},"147":{"start":{"line":436,"column":4},"end":{"line":436,"column":58}},"148":{"start":{"line":439,"column":2},"end":{"line":439,"column":45}},"149":{"start":{"line":443,"column":0},"end":{"line":464,"column":3}},"150":{"start":{"line":444,"column":19},"end":{"line":444,"column":29}},"151":{"start":{"line":445,"column":15},"end":{"line":445,"column":23}},"152":{"start":{"line":447,"column":4},"end":{"line":451,"column":18}},"153":{"start":{"line":453,"column":26},"end":{"line":457,"column":13}},"154":{"start":{"line":459,"column":2},"end":{"line":461,"column":3}},"155":{"start":{"line":460,"column":4},"end":{"line":460,"column":58}},"156":{"start":{"line":463,"column":2},"end":{"line":463,"column":38}},"157":{"start":{"line":467,"column":0},"end":{"line":484,"column":3}},"158":{"start":{"line":468,"column":53},"end":{"line":468,"column":61}},"159":{"start":{"line":469,"column":15},"end":{"line":469,"column":23}},"160":{"start":{"line":471,"column":26},"end":{"line":477,"column":4}},"161":{"start":{"line":479,"column":2},"end":{"line":481,"column":3}},"162":{"start":{"line":480,"column":4},"end":{"line":480,"column":58}},"163":{"start":{"line":483,"column":2},"end":{"line":483,"column":29}},"164":{"start":{"line":487,"column":0},"end":{"line":500,"column":3}},"165":{"start":{"line":488,"column":64},"end":{"line":488,"column":72}},"166":{"start":{"line":490,"column":26},"end":{"line":493,"column":32}},"167":{"start":{"line":495,"column":2},"end":{"line":497,"column":3}},"168":{"start":{"line":496,"column":4},"end":{"line":496,"column":58}},"169":{"start":{"line":499,"column":2},"end":{"line":499,"column":45}},"170":{"start":{"line":503,"column":0},"end":{"line":515,"column":3}},"171":{"start":{"line":504,"column":18},"end":{"line":504,"column":26}},"172":{"start":{"line":505,"column":26},"end":{"line":508,"column":33}},"173":{"start":{"line":510,"column":2},"end":{"line":512,"column":3}},"174":{"start":{"line":511,"column":4},"end":{"line":511,"column":58}},"175":{"start":{"line":514,"column":2},"end":{"line":514,"column":17}},"176":{"start":{"line":518,"column":0},"end":{"line":531,"column":3}},"177":{"start":{"line":519,"column":17},"end":{"line":519,"column":27}},"178":{"start":{"line":520,"column":26},"end":{"line":524,"column":13}},"179":{"start":{"line":526,"column":2},"end":{"line":528,"column":3}},"180":{"start":{"line":527,"column":4},"end":{"line":527,"column":58}},"181":{"start":{"line":530,"column":2},"end":{"line":530,"column":17}},"182":{"start":{"line":534,"column":0},"end":{"line":564,"column":3}},"183":{"start":{"line":544,"column":6},"end":{"line":544,"column":14}},"184":{"start":{"line":546,"column":26},"end":{"line":557,"column":35}},"185":{"start":{"line":559,"column":2},"end":{"line":561,"column":3}},"186":{"start":{"line":560,"column":4},"end":{"line":560,"column":58}},"187":{"start":{"line":563,"column":2},"end":{"line":563,"column":45}},"188":{"start":{"line":567,"column":0},"end":{"line":580,"column":3}},"189":{"start":{"line":568,"column":25},"end":{"line":568,"column":34}},"190":{"start":{"line":570,"column":26},"end":{"line":573,"column":57}},"191":{"start":{"line":575,"column":2},"end":{"line":577,"column":3}},"192":{"start":{"line":576,"column":4},"end":{"line":576,"column":58}},"193":{"start":{"line":579,"column":2},"end":{"line":579,"column":17}},"194":{"start":{"line":583,"column":0},"end":{"line":597,"column":3}},"195":{"start":{"line":584,"column":17},"end":{"line":584,"column":27}},"196":{"start":{"line":586,"column":26},"end":{"line":590,"column":13}},"197":{"start":{"line":592,"column":2},"end":{"line":594,"column":3}},"198":{"start":{"line":593,"column":4},"end":{"line":593,"column":58}},"199":{"start":{"line":596,"column":2},"end":{"line":596,"column":17}},"200":{"start":{"line":600,"column":0},"end":{"line":612,"column":3}},"201":{"start":{"line":601,"column":20},"end":{"line":601,"column":40}},"202":{"start":{"line":602,"column":26},"end":{"line":605,"column":32}},"203":{"start":{"line":607,"column":2},"end":{"line":609,"column":3}},"204":{"start":{"line":608,"column":4},"end":{"line":608,"column":58}},"205":{"start":{"line":611,"column":2},"end":{"line":611,"column":17}},"206":{"start":{"line":615,"column":0},"end":{"line":629,"column":3}},"207":{"start":{"line":616,"column":20},"end":{"line":616,"column":40}},"208":{"start":{"line":617,"column":26},"end":{"line":622,"column":32}},"209":{"start":{"line":624,"column":2},"end":{"line":626,"column":3}},"210":{"start":{"line":625,"column":4},"end":{"line":625,"column":58}},"211":{"start":{"line":628,"column":2},"end":{"line":628,"column":17}},"212":{"start":{"line":632,"column":0},"end":{"line":656,"column":3}},"213":{"start":{"line":640,"column":6},"end":{"line":640,"column":14}},"214":{"start":{"line":642,"column":26},"end":{"line":649,"column":4}},"215":{"start":{"line":651,"column":2},"end":{"line":653,"column":3}},"216":{"start":{"line":652,"column":4},"end":{"line":652,"column":58}},"217":{"start":{"line":655,"column":2},"end":{"line":655,"column":50}},"218":{"start":{"line":659,"column":0},"end":{"line":679,"column":3}},"219":{"start":{"line":660,"column":22},"end":{"line":660,"column":30}},"220":{"start":{"line":661,"column":25},"end":{"line":661,"column":35}},"221":{"start":{"line":662,"column":26},"end":{"line":672,"column":33}},"222":{"start":{"line":674,"column":2},"end":{"line":676,"column":3}},"223":{"start":{"line":675,"column":4},"end":{"line":675,"column":58}},"224":{"start":{"line":678,"column":2},"end":{"line":678,"column":17}},"225":{"start":{"line":682,"column":0},"end":{"line":704,"column":3}},"226":{"start":{"line":683,"column":19},"end":{"line":683,"column":27}},"227":{"start":{"line":684,"column":26},"end":{"line":697,"column":35}},"228":{"start":{"line":699,"column":2},"end":{"line":701,"column":3}},"229":{"start":{"line":700,"column":4},"end":{"line":700,"column":58}},"230":{"start":{"line":703,"column":2},"end":{"line":703,"column":17}},"231":{"start":{"line":707,"column":0},"end":{"line":721,"column":3}},"232":{"start":{"line":708,"column":17},"end":{"line":708,"column":27}},"233":{"start":{"line":710,"column":26},"end":{"line":714,"column":13}},"234":{"start":{"line":716,"column":2},"end":{"line":718,"column":3}},"235":{"start":{"line":717,"column":4},"end":{"line":717,"column":58}},"236":{"start":{"line":720,"column":2},"end":{"line":720,"column":17}},"237":{"start":{"line":724,"column":0},"end":{"line":787,"column":3}},"238":{"start":{"line":733,"column":6},"end":{"line":733,"column":14}},"239":{"start":{"line":734,"column":14},"end":{"line":740,"column":3}},"240":{"start":{"line":743,"column":50},"end":{"line":746,"column":4}},"241":{"start":{"line":748,"column":2},"end":{"line":750,"column":3}},"242":{"start":{"line":749,"column":4},"end":{"line":749,"column":69}},"243":{"start":{"line":753,"column":26},"end":{"line":766,"column":4}},"244":{"start":{"line":768,"column":2},"end":{"line":770,"column":3}},"245":{"start":{"line":769,"column":4},"end":{"line":769,"column":58}},"246":{"start":{"line":773,"column":2},"end":{"line":784,"column":4}},"247":{"start":{"line":775,"column":6},"end":{"line":775,"column":32}},"248":{"start":{"line":778,"column":6},"end":{"line":778,"column":27}},"249":{"start":{"line":780,"column":6},"end":{"line":782,"column":7}},"250":{"start":{"line":781,"column":8},"end":{"line":781,"column":43}},"251":{"start":{"line":786,"column":2},"end":{"line":786,"column":29}},"252":{"start":{"line":790,"column":0},"end":{"line":854,"column":3}},"253":{"start":{"line":799,"column":6},"end":{"line":799,"column":14}},"254":{"start":{"line":800,"column":14},"end":{"line":806,"column":3}},"255":{"start":{"line":809,"column":50},"end":{"line":812,"column":4}},"256":{"start":{"line":814,"column":2},"end":{"line":816,"column":3}},"257":{"start":{"line":815,"column":4},"end":{"line":815,"column":69}},"258":{"start":{"line":819,"column":26},"end":{"line":833,"column":4}},"259":{"start":{"line":835,"column":2},"end":{"line":837,"column":3}},"260":{"start":{"line":836,"column":4},"end":{"line":836,"column":58}},"261":{"start":{"line":840,"column":2},"end":{"line":851,"column":4}},"262":{"start":{"line":842,"column":6},"end":{"line":842,"column":32}},"263":{"start":{"line":845,"column":6},"end":{"line":845,"column":27}},"264":{"start":{"line":847,"column":6},"end":{"line":849,"column":7}},"265":{"start":{"line":848,"column":8},"end":{"line":848,"column":43}},"266":{"start":{"line":853,"column":2},"end":{"line":853,"column":29}},"267":{"start":{"line":857,"column":0},"end":{"line":875,"column":3}},"268":{"start":{"line":858,"column":23},"end":{"line":858,"column":31}},"269":{"start":{"line":860,"column":26},"end":{"line":864,"column":13}},"270":{"start":{"line":866,"column":2},"end":{"line":868,"column":3}},"271":{"start":{"line":867,"column":4},"end":{"line":867,"column":58}},"272":{"start":{"line":870,"column":18},"end":{"line":872,"column":3}},"273":{"start":{"line":874,"column":2},"end":{"line":874,"column":20}},"274":{"start":{"line":878,"column":0},"end":{"line":888,"column":3}},"275":{"start":{"line":879,"column":32},"end":{"line":879,"column":40}},"276":{"start":{"line":881,"column":2},"end":{"line":883,"column":3}},"277":{"start":{"line":882,"column":4},"end":{"line":882,"column":58}},"278":{"start":{"line":885,"column":18},"end":{"line":885,"column":76}},"279":{"start":{"line":887,"column":2},"end":{"line":887,"column":20}},"280":{"start":{"line":891,"column":0},"end":{"line":924,"column":3}},"281":{"start":{"line":903,"column":6},"end":{"line":903,"column":14}},"282":{"start":{"line":905,"column":26},"end":{"line":918,"column":29}},"283":{"start":{"line":920,"column":2},"end":{"line":922,"column":3}},"284":{"start":{"line":921,"column":4},"end":{"line":921,"column":58}},"285":{"start":{"line":923,"column":2},"end":{"line":923,"column":45}},"286":{"start":{"line":927,"column":0},"end":{"line":941,"column":3}},"287":{"start":{"line":928,"column":33},"end":{"line":928,"column":41}},"288":{"start":{"line":930,"column":26},"end":{"line":935,"column":29}},"289":{"start":{"line":937,"column":2},"end":{"line":939,"column":3}},"290":{"start":{"line":938,"column":4},"end":{"line":938,"column":58}},"291":{"start":{"line":940,"column":2},"end":{"line":940,"column":45}},"292":{"start":{"line":944,"column":0},"end":{"line":961,"column":3}},"293":{"start":{"line":945,"column":43},"end":{"line":945,"column":51}},"294":{"start":{"line":946,"column":15},"end":{"line":946,"column":23}},"295":{"start":{"line":948,"column":26},"end":{"line":954,"column":4}},"296":{"start":{"line":956,"column":2},"end":{"line":958,"column":3}},"297":{"start":{"line":957,"column":4},"end":{"line":957,"column":58}},"298":{"start":{"line":960,"column":2},"end":{"line":960,"column":50}},"299":{"start":{"line":964,"column":0},"end":{"line":976,"column":3}},"300":{"start":{"line":965,"column":55},"end":{"line":965,"column":63}},"301":{"start":{"line":967,"column":26},"end":{"line":970,"column":33}},"302":{"start":{"line":972,"column":2},"end":{"line":974,"column":3}},"303":{"start":{"line":973,"column":4},"end":{"line":973,"column":58}},"304":{"start":{"line":975,"column":2},"end":{"line":975,"column":45}},"305":{"start":{"line":979,"column":0},"end":{"line":991,"column":3}},"306":{"start":{"line":980,"column":25},"end":{"line":980,"column":34}},"307":{"start":{"line":981,"column":26},"end":{"line":984,"column":33}},"308":{"start":{"line":986,"column":2},"end":{"line":988,"column":3}},"309":{"start":{"line":987,"column":4},"end":{"line":987,"column":58}},"310":{"start":{"line":990,"column":2},"end":{"line":990,"column":17}},"311":{"start":{"line":994,"column":0},"end":{"line":996,"column":3}},"312":{"start":{"line":995,"column":2},"end":{"line":995,"column":37}},"313":{"start":{"line":998,"column":0},"end":{"line":998,"column":21}}},"fnMap":{"0":{"name":"(anonymous_0)","decl":{"start":{"line":41,"column":26},"end":{"line":41,"column":27}},"loc":{"start":{"line":41,"column":52},"end":{"line":56,"column":1}},"line":41},"1":{"name":"(anonymous_1)","decl":{"start":{"line":59,"column":23},"end":{"line":59,"column":24}},"loc":{"start":{"line":59,"column":43},"end":{"line":68,"column":1}},"line":59},"2":{"name":"(anonymous_2)","decl":{"start":{"line":71,"column":28},"end":{"line":71,"column":29}},"loc":{"start":{"line":71,"column":48},"end":{"line":79,"column":1}},"line":71},"3":{"name":"(anonymous_3)","decl":{"start":{"line":82,"column":19},"end":{"line":82,"column":20}},"loc":{"start":{"line":82,"column":39},"end":{"line":91,"column":1}},"line":82},"4":{"name":"(anonymous_4)","decl":{"start":{"line":94,"column":22},"end":{"line":94,"column":23}},"loc":{"start":{"line":94,"column":42},"end":{"line":147,"column":1}},"line":94},"5":{"name":"(anonymous_5)","decl":{"start":{"line":150,"column":37},"end":{"line":150,"column":38}},"loc":{"start":{"line":150,"column":57},"end":{"line":247,"column":1}},"line":150},"6":{"name":"(anonymous_6)","decl":{"start":{"line":193,"column":57},"end":{"line":193,"column":58}},"loc":{"start":{"line":193,"column":69},"end":{"line":208,"column":5}},"line":193},"7":{"name":"(anonymous_7)","decl":{"start":{"line":210,"column":41},"end":{"line":210,"column":42}},"loc":{"start":{"line":210,"column":52},"end":{"line":225,"column":5}},"line":210},"8":{"name":"(anonymous_8)","decl":{"start":{"line":250,"column":35},"end":{"line":250,"column":36}},"loc":{"start":{"line":250,"column":55},"end":{"line":260,"column":1}},"line":250},"9":{"name":"(anonymous_9)","decl":{"start":{"line":263,"column":34},"end":{"line":263,"column":35}},"loc":{"start":{"line":263,"column":54},"end":{"line":273,"column":1}},"line":263},"10":{"name":"(anonymous_10)","decl":{"start":{"line":276,"column":35},"end":{"line":276,"column":36}},"loc":{"start":{"line":276,"column":55},"end":{"line":286,"column":1}},"line":276},"11":{"name":"(anonymous_11)","decl":{"start":{"line":292,"column":2},"end":{"line":292,"column":3}},"loc":{"start":{"line":292,"column":22},"end":{"line":370,"column":3}},"line":292},"12":{"name":"(anonymous_12)","decl":{"start":{"line":336,"column":36},"end":{"line":336,"column":37}},"loc":{"start":{"line":336,"column":47},"end":{"line":347,"column":7}},"line":336},"13":{"name":"(anonymous_13)","decl":{"start":{"line":374,"column":44},"end":{"line":374,"column":45}},"loc":{"start":{"line":374,"column":64},"end":{"line":388,"column":1}},"line":374},"14":{"name":"(anonymous_14)","decl":{"start":{"line":394,"column":2},"end":{"line":394,"column":3}},"loc":{"start":{"line":394,"column":22},"end":{"line":424,"column":3}},"line":394},"15":{"name":"(anonymous_15)","decl":{"start":{"line":406,"column":34},"end":{"line":406,"column":35}},"loc":{"start":{"line":406,"column":45},"end":{"line":411,"column":5}},"line":406},"16":{"name":"(anonymous_16)","decl":{"start":{"line":428,"column":46},"end":{"line":428,"column":47}},"loc":{"start":{"line":428,"column":66},"end":{"line":440,"column":1}},"line":428},"17":{"name":"(anonymous_17)","decl":{"start":{"line":443,"column":46},"end":{"line":443,"column":47}},"loc":{"start":{"line":443,"column":66},"end":{"line":464,"column":1}},"line":443},"18":{"name":"(anonymous_18)","decl":{"start":{"line":467,"column":43},"end":{"line":467,"column":44}},"loc":{"start":{"line":467,"column":63},"end":{"line":484,"column":1}},"line":467},"19":{"name":"(anonymous_19)","decl":{"start":{"line":487,"column":46},"end":{"line":487,"column":47}},"loc":{"start":{"line":487,"column":66},"end":{"line":500,"column":1}},"line":487},"20":{"name":"(anonymous_20)","decl":{"start":{"line":503,"column":40},"end":{"line":503,"column":41}},"loc":{"start":{"line":503,"column":60},"end":{"line":515,"column":1}},"line":503},"21":{"name":"(anonymous_21)","decl":{"start":{"line":518,"column":44},"end":{"line":518,"column":45}},"loc":{"start":{"line":518,"column":64},"end":{"line":531,"column":1}},"line":518},"22":{"name":"(anonymous_22)","decl":{"start":{"line":534,"column":47},"end":{"line":534,"column":48}},"loc":{"start":{"line":534,"column":67},"end":{"line":564,"column":1}},"line":534},"23":{"name":"(anonymous_23)","decl":{"start":{"line":567,"column":41},"end":{"line":567,"column":42}},"loc":{"start":{"line":567,"column":61},"end":{"line":580,"column":1}},"line":567},"24":{"name":"(anonymous_24)","decl":{"start":{"line":583,"column":45},"end":{"line":583,"column":46}},"loc":{"start":{"line":583,"column":65},"end":{"line":597,"column":1}},"line":583},"25":{"name":"(anonymous_25)","decl":{"start":{"line":600,"column":38},"end":{"line":600,"column":39}},"loc":{"start":{"line":600,"column":58},"end":{"line":612,"column":1}},"line":600},"26":{"name":"(anonymous_26)","decl":{"start":{"line":615,"column":38},"end":{"line":615,"column":39}},"loc":{"start":{"line":615,"column":58},"end":{"line":629,"column":1}},"line":615},"27":{"name":"(anonymous_27)","decl":{"start":{"line":632,"column":39},"end":{"line":632,"column":40}},"loc":{"start":{"line":632,"column":59},"end":{"line":656,"column":1}},"line":632},"28":{"name":"(anonymous_28)","decl":{"start":{"line":659,"column":59},"end":{"line":659,"column":60}},"loc":{"start":{"line":659,"column":79},"end":{"line":679,"column":1}},"line":659},"29":{"name":"(anonymous_29)","decl":{"start":{"line":682,"column":47},"end":{"line":682,"column":48}},"loc":{"start":{"line":682,"column":67},"end":{"line":704,"column":1}},"line":682},"30":{"name":"(anonymous_30)","decl":{"start":{"line":707,"column":42},"end":{"line":707,"column":43}},"loc":{"start":{"line":707,"column":62},"end":{"line":721,"column":1}},"line":707},"31":{"name":"(anonymous_31)","decl":{"start":{"line":724,"column":39},"end":{"line":724,"column":40}},"loc":{"start":{"line":724,"column":59},"end":{"line":787,"column":1}},"line":724},"32":{"name":"(anonymous_32)","decl":{"start":{"line":774,"column":4},"end":{"line":774,"column":5}},"loc":{"start":{"line":774,"column":10},"end":{"line":776,"column":5}},"line":774},"33":{"name":"(anonymous_33)","decl":{"start":{"line":777,"column":4},"end":{"line":777,"column":5}},"loc":{"start":{"line":777,"column":15},"end":{"line":783,"column":5}},"line":777},"34":{"name":"(anonymous_34)","decl":{"start":{"line":790,"column":48},"end":{"line":790,"column":49}},"loc":{"start":{"line":790,"column":68},"end":{"line":854,"column":1}},"line":790},"35":{"name":"(anonymous_35)","decl":{"start":{"line":841,"column":4},"end":{"line":841,"column":5}},"loc":{"start":{"line":841,"column":10},"end":{"line":843,"column":5}},"line":841},"36":{"name":"(anonymous_36)","decl":{"start":{"line":844,"column":4},"end":{"line":844,"column":5}},"loc":{"start":{"line":844,"column":15},"end":{"line":850,"column":5}},"line":844},"37":{"name":"(anonymous_37)","decl":{"start":{"line":857,"column":47},"end":{"line":857,"column":48}},"loc":{"start":{"line":857,"column":67},"end":{"line":875,"column":1}},"line":857},"38":{"name":"(anonymous_38)","decl":{"start":{"line":878,"column":51},"end":{"line":878,"column":52}},"loc":{"start":{"line":878,"column":71},"end":{"line":888,"column":1}},"line":878},"39":{"name":"(anonymous_39)","decl":{"start":{"line":891,"column":44},"end":{"line":891,"column":45}},"loc":{"start":{"line":891,"column":64},"end":{"line":924,"column":1}},"line":891},"40":{"name":"(anonymous_40)","decl":{"start":{"line":927,"column":54},"end":{"line":927,"column":55}},"loc":{"start":{"line":927,"column":74},"end":{"line":941,"column":1}},"line":927},"41":{"name":"(anonymous_41)","decl":{"start":{"line":944,"column":43},"end":{"line":944,"column":44}},"loc":{"start":{"line":944,"column":63},"end":{"line":961,"column":1}},"line":944},"42":{"name":"(anonymous_42)","decl":{"start":{"line":964,"column":46},"end":{"line":964,"column":47}},"loc":{"start":{"line":964,"column":66},"end":{"line":976,"column":1}},"line":964},"43":{"name":"(anonymous_43)","decl":{"start":{"line":979,"column":40},"end":{"line":979,"column":41}},"loc":{"start":{"line":979,"column":60},"end":{"line":991,"column":1}},"line":979},"44":{"name":"(anonymous_44)","decl":{"start":{"line":994,"column":13},"end":{"line":994,"column":14}},"loc":{"start":{"line":994,"column":27},"end":{"line":996,"column":1}},"line":994}},"branchMap":{"0":{"loc":{"start":{"line":33,"column":0},"end":{"line":35,"column":1}},"type":"if","locations":[{"start":{"line":33,"column":0},"end":{"line":35,"column":1}},{"start":{},"end":{}}],"line":33},"1":{"loc":{"start":{"line":33,"column":4},"end":{"line":33,"column":32}},"type":"binary-expr","locations":[{"start":{"line":33,"column":4},"end":{"line":33,"column":16}},{"start":{"line":33,"column":20},"end":{"line":33,"column":32}}],"line":33},"2":{"loc":{"start":{"line":43,"column":16},"end":{"line":43,"column":54}},"type":"binary-expr","locations":[{"start":{"line":43,"column":16},"end":{"line":43,"column":26}},{"start":{"line":43,"column":30},"end":{"line":43,"column":54}}],"line":43},"3":{"loc":{"start":{"line":45,"column":2},"end":{"line":47,"column":3}},"type":"if","locations":[{"start":{"line":45,"column":2},"end":{"line":47,"column":3}},{"start":{},"end":{}}],"line":45},"4":{"loc":{"start":{"line":50,"column":2},"end":{"line":52,"column":3}},"type":"if","locations":[{"start":{"line":50,"column":2},"end":{"line":52,"column":3}},{"start":{},"end":{}}],"line":50},"5":{"loc":{"start":{"line":66,"column":2},"end":{"line":66,"column":67}},"type":"if","locations":[{"start":{"line":66,"column":2},"end":{"line":66,"column":67}},{"start":{},"end":{}}],"line":66},"6":{"loc":{"start":{"line":77,"column":2},"end":{"line":77,"column":67}},"type":"if","locations":[{"start":{"line":77,"column":2},"end":{"line":77,"column":67}},{"start":{},"end":{}}],"line":77},"7":{"loc":{"start":{"line":89,"column":2},"end":{"line":89,"column":67}},"type":"if","locations":[{"start":{"line":89,"column":2},"end":{"line":89,"column":67}},{"start":{},"end":{}}],"line":89},"8":{"loc":{"start":{"line":103,"column":2},"end":{"line":103,"column":67}},"type":"if","locations":[{"start":{"line":103,"column":2},"end":{"line":103,"column":67}},{"start":{},"end":{}}],"line":103},"9":{"loc":{"start":{"line":108,"column":16},"end":{"line":108,"column":57}},"type":"cond-expr","locations":[{"start":{"line":108,"column":33},"end":{"line":108,"column":43}},{"start":{"line":108,"column":46},"end":{"line":108,"column":57}}],"line":108},"10":{"loc":{"start":{"line":110,"column":4},"end":{"line":137,"column":9}},"type":"cond-expr","locations":[{"start":{"line":111,"column":8},"end":{"line":123,"column":9}},{"start":{"line":124,"column":8},"end":{"line":137,"column":9}}],"line":110},"11":{"loc":{"start":{"line":140,"column":2},"end":{"line":140,"column":79}},"type":"if","locations":[{"start":{"line":140,"column":2},"end":{"line":140,"column":79}},{"start":{},"end":{}}],"line":140},"12":{"loc":{"start":{"line":144,"column":6},"end":{"line":144,"column":45}},"type":"cond-expr","locations":[{"start":{"line":144,"column":23},"end":{"line":144,"column":32}},{"start":{"line":144,"column":35},"end":{"line":144,"column":45}}],"line":144},"13":{"loc":{"start":{"line":161,"column":4},"end":{"line":164,"column":5}},"type":"if","locations":[{"start":{"line":161,"column":4},"end":{"line":164,"column":5}},{"start":{},"end":{}}],"line":161},"14":{"loc":{"start":{"line":168,"column":4},"end":{"line":191,"column":5}},"type":"if","locations":[{"start":{"line":168,"column":4},"end":{"line":191,"column":5}},{"start":{"line":171,"column":11},"end":{"line":191,"column":5}}],"line":168},"15":{"loc":{"start":{"line":184,"column":6},"end":{"line":190,"column":7}},"type":"if","locations":[{"start":{"line":184,"column":6},"end":{"line":190,"column":7}},{"start":{},"end":{}}],"line":184},"16":{"loc":{"start":{"line":293,"column":12},"end":{"line":293,"column":23}},"type":"default-arg","locations":[{"start":{"line":293,"column":21},"end":{"line":293,"column":23}}],"line":293},"17":{"loc":{"start":{"line":304,"column":6},"end":{"line":307,"column":7}},"type":"if","locations":[{"start":{"line":304,"column":6},"end":{"line":307,"column":7}},{"start":{},"end":{}}],"line":304},"18":{"loc":{"start":{"line":311,"column":6},"end":{"line":334,"column":7}},"type":"if","locations":[{"start":{"line":311,"column":6},"end":{"line":334,"column":7}},{"start":{"line":314,"column":13},"end":{"line":334,"column":7}}],"line":311},"19":{"loc":{"start":{"line":327,"column":8},"end":{"line":333,"column":9}},"type":"if","locations":[{"start":{"line":327,"column":8},"end":{"line":333,"column":9}},{"start":{},"end":{}}],"line":327},"20":{"loc":{"start":{"line":383,"column":2},"end":{"line":385,"column":3}},"type":"if","locations":[{"start":{"line":383,"column":2},"end":{"line":385,"column":3}},{"start":{},"end":{}}],"line":383},"21":{"loc":{"start":{"line":407,"column":6},"end":{"line":409,"column":7}},"type":"if","locations":[{"start":{"line":407,"column":6},"end":{"line":409,"column":7}},{"start":{},"end":{}}],"line":407},"22":{"loc":{"start":{"line":419,"column":4},"end":{"line":421,"column":5}},"type":"if","locations":[{"start":{"line":419,"column":4},"end":{"line":421,"column":5}},{"start":{},"end":{}}],"line":419},"23":{"loc":{"start":{"line":435,"column":2},"end":{"line":437,"column":3}},"type":"if","locations":[{"start":{"line":435,"column":2},"end":{"line":437,"column":3}},{"start":{},"end":{}}],"line":435},"24":{"loc":{"start":{"line":447,"column":4},"end":{"line":451,"column":18}},"type":"cond-expr","locations":[{"start":{"line":448,"column":8},"end":{"line":448,"column":20}},{"start":{"line":449,"column":8},"end":{"line":451,"column":18}}],"line":447},"25":{"loc":{"start":{"line":449,"column":8},"end":{"line":451,"column":18}},"type":"cond-expr","locations":[{"start":{"line":450,"column":8},"end":{"line":450,"column":21}},{"start":{"line":451,"column":8},"end":{"line":451,"column":18}}],"line":449},"26":{"loc":{"start":{"line":459,"column":2},"end":{"line":461,"column":3}},"type":"if","locations":[{"start":{"line":459,"column":2},"end":{"line":461,"column":3}},{"start":{},"end":{}}],"line":459},"27":{"loc":{"start":{"line":479,"column":2},"end":{"line":481,"column":3}},"type":"if","locations":[{"start":{"line":479,"column":2},"end":{"line":481,"column":3}},{"start":{},"end":{}}],"line":479},"28":{"loc":{"start":{"line":495,"column":2},"end":{"line":497,"column":3}},"type":"if","locations":[{"start":{"line":495,"column":2},"end":{"line":497,"column":3}},{"start":{},"end":{}}],"line":495},"29":{"loc":{"start":{"line":510,"column":2},"end":{"line":512,"column":3}},"type":"if","locations":[{"start":{"line":510,"column":2},"end":{"line":512,"column":3}},{"start":{},"end":{}}],"line":510},"30":{"loc":{"start":{"line":526,"column":2},"end":{"line":528,"column":3}},"type":"if","locations":[{"start":{"line":526,"column":2},"end":{"line":528,"column":3}},{"start":{},"end":{}}],"line":526},"31":{"loc":{"start":{"line":559,"column":2},"end":{"line":561,"column":3}},"type":"if","locations":[{"start":{"line":559,"column":2},"end":{"line":561,"column":3}},{"start":{},"end":{}}],"line":559},"32":{"loc":{"start":{"line":575,"column":2},"end":{"line":577,"column":3}},"type":"if","locations":[{"start":{"line":575,"column":2},"end":{"line":577,"column":3}},{"start":{},"end":{}}],"line":575},"33":{"loc":{"start":{"line":592,"column":2},"end":{"line":594,"column":3}},"type":"if","locations":[{"start":{"line":592,"column":2},"end":{"line":594,"column":3}},{"start":{},"end":{}}],"line":592},"34":{"loc":{"start":{"line":607,"column":2},"end":{"line":609,"column":3}},"type":"if","locations":[{"start":{"line":607,"column":2},"end":{"line":609,"column":3}},{"start":{},"end":{}}],"line":607},"35":{"loc":{"start":{"line":624,"column":2},"end":{"line":626,"column":3}},"type":"if","locations":[{"start":{"line":624,"column":2},"end":{"line":626,"column":3}},{"start":{},"end":{}}],"line":624},"36":{"loc":{"start":{"line":651,"column":2},"end":{"line":653,"column":3}},"type":"if","locations":[{"start":{"line":651,"column":2},"end":{"line":653,"column":3}},{"start":{},"end":{}}],"line":651},"37":{"loc":{"start":{"line":674,"column":2},"end":{"line":676,"column":3}},"type":"if","locations":[{"start":{"line":674,"column":2},"end":{"line":676,"column":3}},{"start":{},"end":{}}],"line":674},"38":{"loc":{"start":{"line":699,"column":2},"end":{"line":701,"column":3}},"type":"if","locations":[{"start":{"line":699,"column":2},"end":{"line":701,"column":3}},{"start":{},"end":{}}],"line":699},"39":{"loc":{"start":{"line":716,"column":2},"end":{"line":718,"column":3}},"type":"if","locations":[{"start":{"line":716,"column":2},"end":{"line":718,"column":3}},{"start":{},"end":{}}],"line":716},"40":{"loc":{"start":{"line":748,"column":2},"end":{"line":750,"column":3}},"type":"if","locations":[{"start":{"line":748,"column":2},"end":{"line":750,"column":3}},{"start":{},"end":{}}],"line":748},"41":{"loc":{"start":{"line":768,"column":2},"end":{"line":770,"column":3}},"type":"if","locations":[{"start":{"line":768,"column":2},"end":{"line":770,"column":3}},{"start":{},"end":{}}],"line":768},"42":{"loc":{"start":{"line":780,"column":6},"end":{"line":782,"column":7}},"type":"if","locations":[{"start":{"line":780,"column":6},"end":{"line":782,"column":7}},{"start":{},"end":{}}],"line":780},"43":{"loc":{"start":{"line":814,"column":2},"end":{"line":816,"column":3}},"type":"if","locations":[{"start":{"line":814,"column":2},"end":{"line":816,"column":3}},{"start":{},"end":{}}],"line":814},"44":{"loc":{"start":{"line":835,"column":2},"end":{"line":837,"column":3}},"type":"if","locations":[{"start":{"line":835,"column":2},"end":{"line":837,"column":3}},{"start":{},"end":{}}],"line":835},"45":{"loc":{"start":{"line":847,"column":6},"end":{"line":849,"column":7}},"type":"if","locations":[{"start":{"line":847,"column":6},"end":{"line":849,"column":7}},{"start":{},"end":{}}],"line":847},"46":{"loc":{"start":{"line":866,"column":2},"end":{"line":868,"column":3}},"type":"if","locations":[{"start":{"line":866,"column":2},"end":{"line":868,"column":3}},{"start":{},"end":{}}],"line":866},"47":{"loc":{"start":{"line":881,"column":2},"end":{"line":883,"column":3}},"type":"if","locations":[{"start":{"line":881,"column":2},"end":{"line":883,"column":3}},{"start":{},"end":{}}],"line":881},"48":{"loc":{"start":{"line":920,"column":2},"end":{"line":922,"column":3}},"type":"if","locations":[{"start":{"line":920,"column":2},"end":{"line":922,"column":3}},{"start":{},"end":{}}],"line":920},"49":{"loc":{"start":{"line":937,"column":2},"end":{"line":939,"column":3}},"type":"if","locations":[{"start":{"line":937,"column":2},"end":{"line":939,"column":3}},{"start":{},"end":{}}],"line":937},"50":{"loc":{"start":{"line":956,"column":2},"end":{"line":958,"column":3}},"type":"if","locations":[{"start":{"line":956,"column":2},"end":{"line":958,"column":3}},{"start":{},"end":{}}],"line":956},"51":{"loc":{"start":{"line":972,"column":2},"end":{"line":974,"column":3}},"type":"if","locations":[{"start":{"line":972,"column":2},"end":{"line":974,"column":3}},{"start":{},"end":{}}],"line":972},"52":{"loc":{"start":{"line":986,"column":2},"end":{"line":988,"column":3}},"type":"if","locations":[{"start":{"line":986,"column":2},"end":{"line":988,"column":3}},{"start":{},"end":{}}],"line":986}},"s":{"0":6,"1":6,"2":6,"3":6,"4":6,"5":6,"6":6,"7":6,"8":6,"9":6,"10":6,"11":6,"12":6,"13":6,"14":6,"15":6,"16":6,"17":0,"18":6,"19":0,"20":0,"21":0,"22":0,"23":0,"24":0,"25":0,"26":0,"27":0,"28":0,"29":6,"30":3,"31":3,"32":3,"33":2,"34":1,"35":6,"36":4,"37":4,"38":3,"39":1,"40":6,"41":1,"42":1,"43":1,"44":1,"45":0,"46":6,"47":1,"48":1,"49":1,"50":1,"51":0,"52":0,"53":0,"54":0,"55":0,"56":0,"57":0,"58":0,"59":6,"60":4,"61":4,"62":4,"63":4,"64":1,"65":1,"66":3,"67":0,"68":3,"69":2,"70":2,"71":2,"72":0,"73":0,"74":2,"75":2,"76":2,"77":2,"78":2,"79":1,"80":2,"81":2,"82":6,"83":2,"84":2,"85":2,"86":1,"87":1,"88":1,"89":6,"90":2,"91":2,"92":2,"93":1,"94":1,"95":1,"96":6,"97":0,"98":0,"99":0,"100":0,"101":0,"102":0,"103":6,"104":0,"105":0,"106":0,"107":0,"108":0,"109":0,"110":0,"111":0,"112":0,"113":0,"114":0,"115":0,"116":0,"117":0,"118":0,"119":0,"120":0,"121":0,"122":0,"123":0,"124":0,"125":6,"126":0,"127":0,"128":0,"129":0,"130":0,"131":6,"132":0,"133":0,"134":0,"135":0,"136":0,"137":0,"138":0,"139":0,"140":0,"141":0,"142":0,"143":6,"144":0,"145":0,"146":0,"147":0,"148":0,"149":6,"150":0,"151":0,"152":0,"153":0,"154":0,"155":0,"156":0,"157":6,"158":0,"159":0,"160":0,"161":0,"162":0,"163":0,"164":6,"165":0,"166":0,"167":0,"168":0,"169":0,"170":6,"171":0,"172":0,"173":0,"174":0,"175":0,"176":6,"177":0,"178":0,"179":0,"180":0,"181":0,"182":6,"183":0,"184":0,"185":0,"186":0,"187":0,"188":6,"189":0,"190":0,"191":0,"192":0,"193":0,"194":6,"195":0,"196":0,"197":0,"198":0,"199":0,"200":6,"201":0,"202":0,"203":0,"204":0,"205":0,"206":6,"207":0,"208":0,"209":0,"210":0,"211":0,"212":6,"213":0,"214":0,"215":0,"216":0,"217":0,"218":6,"219":0,"220":0,"221":0,"222":0,"223":0,"224":0,"225":6,"226":0,"227":0,"228":0,"229":0,"230":0,"231":6,"232":0,"233":0,"234":0,"235":0,"236":0,"237":6,"238":0,"239":0,"240":0,"241":0,"242":0,"243":0,"244":0,"245":0,"246":0,"247":0,"248":0,"249":0,"250":0,"251":0,"252":6,"253":0,"254":0,"255":0,"256":0,"257":0,"258":0,"259":0,"260":0,"261":0,"262":0,"263":0,"264":0,"265":0,"266":0,"267":6,"268":0,"269":0,"270":0,"271":0,"272":0,"273":0,"274":6,"275":0,"276":0,"277":0,"278":0,"279":0,"280":6,"281":0,"282":0,"283":0,"284":0,"285":0,"286":6,"287":0,"288":0,"289":0,"290":0,"291":0,"292":6,"293":0,"294":0,"295":0,"296":0,"297":0,"298":0,"299":6,"300":0,"301":0,"302":0,"303":0,"304":0,"305":6,"306":0,"307":0,"308":0,"309":0,"310":0,"311":6,"312":1,"313":6},"f":{"0":0,"1":3,"2":4,"3":1,"4":1,"5":4,"6":2,"7":2,"8":2,"9":2,"10":0,"11":0,"12":0,"13":0,"14":0,"15":0,"16":0,"17":0,"18":0,"19":0,"20":0,"21":0,"22":0,"23":0,"24":0,"25":0,"26":0,"27":0,"28":0,"29":0,"30":0,"31":0,"32":0,"33":0,"34":0,"35":0,"36":0,"37":0,"38":0,"39":0,"40":0,"41":0,"42":0,"43":0,"44":1},"b":{"0":[0,6],"1":[6,6],"2":[0,0],"3":[0,0],"4":[0,0],"5":[2,1],"6":[3,1],"7":[1,0],"8":[1,0],"9":[0,0],"10":[0,0],"11":[0,0],"12":[0,0],"13":[1,3],"14":[0,3],"15":[0,2],"16":[0],"17":[0,0],"18":[0,0],"19":[0,0],"20":[0,0],"21":[0,0],"22":[0,0],"23":[0,0],"24":[0,0],"25":[0,0],"26":[0,0],"27":[0,0],"28":[0,0],"29":[0,0],"30":[0,0],"31":[0,0],"32":[0,0],"33":[0,0],"34":[0,0],"35":[0,0],"36":[0,0],"37":[0,0],"38":[0,0],"39":[0,0],"40":[0,0],"41":[0,0],"42":[0,0],"43":[0,0],"44":[0,0],"45":[0,0],"46":[0,0],"47":[0,0],"48":[0,0],"49":[0,0],"50":[0,0],"51":[0,0],"52":[0,0]},"_coverageSchema":"1a1c01bbd47fc00a2c39e90264f33305004495a9","hash":"865615584cc39748410cbf98ae427b46a36c9996"}
}
