TN:
SF:src/app.js
FN:41,(anonymous_0)
FN:59,(anonymous_1)
FN:71,(anonymous_2)
FN:82,(anonymous_3)
FN:94,(anonymous_4)
FN:150,(anonymous_5)
FN:193,(anonymous_6)
FN:210,(anonymous_7)
FN:250,(anonymous_8)
FN:263,(anonymous_9)
FN:276,(anonymous_10)
FN:292,(anonymous_11)
FN:336,(anonymous_12)
FN:375,(anonymous_13)
FN:395,(anonymous_14)
FN:407,(anonymous_15)
FN:429,(anonymous_16)
FN:444,(anonymous_17)
FN:468,(anonymous_18)
FN:488,(anonymous_19)
FN:504,(anonymous_20)
FN:519,(anonymous_21)
FN:535,(anonymous_22)
FN:568,(anonymous_23)
FN:584,(anonymous_24)
FN:601,(anonymous_25)
FN:616,(anonymous_26)
FN:633,(anonymous_27)
FN:660,(anonymous_28)
FN:683,(anonymous_29)
FN:708,(anonymous_30)
FN:725,(anonymous_31)
FN:775,(anonymous_32)
FN:778,(anonymous_33)
FN:791,(anonymous_34)
FN:842,(anonymous_35)
FN:845,(anonymous_36)
FN:858,(anonymous_37)
FN:879,(anonymous_38)
FN:892,(anonymous_39)
FN:928,(anonymous_40)
FN:945,(anonymous_41)
FN:965,(anonymous_42)
FN:980,(anonymous_43)
FN:995,(anonymous_44)
FNF:45
FNH:12
FNDA:36,(anonymous_0)
FNDA:3,(anonymous_1)
FNDA:4,(anonymous_2)
FNDA:1,(anonymous_3)
FNDA:1,(anonymous_4)
FNDA:4,(anonymous_5)
FNDA:2,(anonymous_6)
FNDA:2,(anonymous_7)
FNDA:2,(anonymous_8)
FNDA:2,(anonymous_9)
FNDA:2,(anonymous_10)
FNDA:0,(anonymous_11)
FNDA:0,(anonymous_12)
FNDA:0,(anonymous_13)
FNDA:0,(anonymous_14)
FNDA:0,(anonymous_15)
FNDA:0,(anonymous_16)
FNDA:0,(anonymous_17)
FNDA:0,(anonymous_18)
FNDA:0,(anonymous_19)
FNDA:0,(anonymous_20)
FNDA:0,(anonymous_21)
FNDA:0,(anonymous_22)
FNDA:0,(anonymous_23)
FNDA:0,(anonymous_24)
FNDA:0,(anonymous_25)
FNDA:0,(anonymous_26)
FNDA:0,(anonymous_27)
FNDA:0,(anonymous_28)
FNDA:0,(anonymous_29)
FNDA:0,(anonymous_30)
FNDA:0,(anonymous_31)
FNDA:0,(anonymous_32)
FNDA:0,(anonymous_33)
FNDA:0,(anonymous_34)
FNDA:0,(anonymous_35)
FNDA:0,(anonymous_36)
FNDA:0,(anonymous_37)
FNDA:0,(anonymous_38)
FNDA:0,(anonymous_39)
FNDA:0,(anonymous_40)
FNDA:0,(anonymous_41)
FNDA:0,(anonymous_42)
FNDA:0,(anonymous_43)
FNDA:1,(anonymous_44)
DA:1,18
DA:2,18
DA:3,18
DA:4,18
DA:5,18
DA:7,18
DA:9,18
DA:10,18
DA:11,18
DA:12,18
DA:15,18
DA:20,18
DA:23,18
DA:25,18
DA:29,18
DA:30,18
DA:33,18
DA:34,0
DA:41,18
DA:42,36
DA:43,36
DA:45,36
DA:46,36
DA:49,0
DA:50,0
DA:51,0
DA:53,0
DA:54,0
DA:55,0
DA:59,18
DA:60,3
DA:62,3
DA:66,3
DA:67,1
DA:71,18
DA:72,4
DA:77,4
DA:78,1
DA:82,18
DA:83,1
DA:84,1
DA:89,1
DA:90,0
DA:94,18
DA:96,1
DA:98,1
DA:103,1
DA:105,0
DA:106,0
DA:108,0
DA:110,0
DA:138,0
DA:140,0
DA:142,0
DA:150,18
DA:151,4
DA:153,4
DA:155,4
DA:161,4
DA:162,1
DA:163,1
DA:168,3
DA:170,0
DA:173,3
DA:176,2
DA:179,2
DA:184,2
DA:185,0
DA:189,0
DA:193,2
DA:194,2
DA:210,2
DA:211,2
DA:227,2
DA:242,1
DA:244,2
DA:245,2
DA:250,18
DA:251,2
DA:253,2
DA:254,2
DA:255,1
DA:257,1
DA:258,1
DA:263,18
DA:264,2
DA:266,2
DA:267,2
DA:268,1
DA:270,1
DA:271,1
DA:276,18
DA:277,2
DA:279,2
DA:280,2
DA:281,1
DA:283,1
DA:284,1
DA:289,18
DA:293,0
DA:294,0
DA:296,0
DA:298,0
DA:304,0
DA:305,0
DA:306,0
DA:311,0
DA:313,0
DA:316,0
DA:319,0
DA:322,0
DA:327,0
DA:328,0
DA:332,0
DA:336,0
DA:337,0
DA:349,0
DA:365,0
DA:368,0
DA:369,0
DA:375,18
DA:376,0
DA:378,0
DA:384,0
DA:385,0
DA:388,0
DA:392,18
DA:396,0
DA:399,0
DA:406,0
DA:407,0
DA:408,0
DA:409,0
DA:411,0
DA:415,0
DA:420,0
DA:421,0
DA:424,0
DA:429,18
DA:430,0
DA:431,0
DA:436,0
DA:437,0
DA:440,0
DA:444,18
DA:445,0
DA:446,0
DA:448,0
DA:454,0
DA:460,0
DA:461,0
DA:464,0
DA:468,18
DA:469,0
DA:470,0
DA:472,0
DA:480,0
DA:481,0
DA:484,0
DA:488,18
DA:489,0
DA:491,0
DA:496,0
DA:497,0
DA:500,0
DA:504,18
DA:505,0
DA:506,0
DA:511,0
DA:512,0
DA:515,0
DA:519,18
DA:520,0
DA:521,0
DA:527,0
DA:528,0
DA:531,0
DA:535,18
DA:545,0
DA:547,0
DA:560,0
DA:561,0
DA:564,0
DA:568,18
DA:569,0
DA:571,0
DA:576,0
DA:577,0
DA:580,0
DA:584,18
DA:585,0
DA:587,0
DA:593,0
DA:594,0
DA:597,0
DA:601,18
DA:602,0
DA:603,0
DA:608,0
DA:609,0
DA:612,0
DA:616,18
DA:617,0
DA:618,0
DA:625,0
DA:626,0
DA:629,0
DA:633,18
DA:641,0
DA:643,0
DA:652,0
DA:653,0
DA:656,0
DA:660,18
DA:661,0
DA:662,0
DA:663,0
DA:675,0
DA:676,0
DA:679,0
DA:683,18
DA:684,0
DA:685,0
DA:700,0
DA:701,0
DA:704,0
DA:708,18
DA:709,0
DA:711,0
DA:717,0
DA:718,0
DA:721,0
DA:725,18
DA:734,0
DA:735,0
DA:744,0
DA:749,0
DA:750,0
DA:754,0
DA:769,0
DA:770,0
DA:774,0
DA:776,0
DA:779,0
DA:781,0
DA:782,0
DA:787,0
DA:791,18
DA:800,0
DA:801,0
DA:810,0
DA:815,0
DA:816,0
DA:820,0
DA:836,0
DA:837,0
DA:841,0
DA:843,0
DA:846,0
DA:848,0
DA:849,0
DA:854,0
DA:858,18
DA:859,0
DA:861,0
DA:867,0
DA:868,0
DA:871,0
DA:875,0
DA:879,18
DA:880,0
DA:882,0
DA:883,0
DA:886,0
DA:888,0
DA:892,18
DA:904,0
DA:906,0
DA:921,0
DA:922,0
DA:924,0
DA:928,18
DA:929,0
DA:931,0
DA:938,0
DA:939,0
DA:941,0
DA:945,18
DA:946,0
DA:947,0
DA:949,0
DA:957,0
DA:958,0
DA:961,0
DA:965,18
DA:966,0
DA:968,0
DA:973,0
DA:974,0
DA:976,0
DA:980,18
DA:981,0
DA:982,0
DA:987,0
DA:988,0
DA:991,0
DA:995,18
DA:996,1
DA:999,18
LF:309
LH:110
BRDA:33,0,0,0
BRDA:33,0,1,18
BRDA:33,1,0,18
BRDA:33,1,1,18
BRDA:43,2,0,36
BRDA:43,2,1,0
BRDA:45,3,0,36
BRDA:45,3,1,0
BRDA:50,4,0,0
BRDA:50,4,1,0
BRDA:66,5,0,2
BRDA:66,5,1,1
BRDA:77,6,0,3
BRDA:77,6,1,1
BRDA:89,7,0,1
BRDA:89,7,1,0
BRDA:103,8,0,1
BRDA:103,8,1,0
BRDA:108,9,0,0
BRDA:108,9,1,0
BRDA:110,10,0,0
BRDA:110,10,1,0
BRDA:140,11,0,0
BRDA:140,11,1,0
BRDA:144,12,0,0
BRDA:144,12,1,0
BRDA:161,13,0,1
BRDA:161,13,1,3
BRDA:168,14,0,0
BRDA:168,14,1,3
BRDA:184,15,0,0
BRDA:184,15,1,2
BRDA:293,16,0,0
BRDA:304,17,0,0
BRDA:304,17,1,0
BRDA:311,18,0,0
BRDA:311,18,1,0
BRDA:327,19,0,0
BRDA:327,19,1,0
BRDA:384,20,0,0
BRDA:384,20,1,0
BRDA:408,21,0,0
BRDA:408,21,1,0
BRDA:420,22,0,0
BRDA:420,22,1,0
BRDA:436,23,0,0
BRDA:436,23,1,0
BRDA:448,24,0,0
BRDA:448,24,1,0
BRDA:450,25,0,0
BRDA:450,25,1,0
BRDA:460,26,0,0
BRDA:460,26,1,0
BRDA:480,27,0,0
BRDA:480,27,1,0
BRDA:496,28,0,0
BRDA:496,28,1,0
BRDA:511,29,0,0
BRDA:511,29,1,0
BRDA:527,30,0,0
BRDA:527,30,1,0
BRDA:560,31,0,0
BRDA:560,31,1,0
BRDA:576,32,0,0
BRDA:576,32,1,0
BRDA:593,33,0,0
BRDA:593,33,1,0
BRDA:608,34,0,0
BRDA:608,34,1,0
BRDA:625,35,0,0
BRDA:625,35,1,0
BRDA:652,36,0,0
BRDA:652,36,1,0
BRDA:675,37,0,0
BRDA:675,37,1,0
BRDA:700,38,0,0
BRDA:700,38,1,0
BRDA:717,39,0,0
BRDA:717,39,1,0
BRDA:749,40,0,0
BRDA:749,40,1,0
BRDA:769,41,0,0
BRDA:769,41,1,0
BRDA:781,42,0,0
BRDA:781,42,1,0
BRDA:815,43,0,0
BRDA:815,43,1,0
BRDA:836,44,0,0
BRDA:836,44,1,0
BRDA:848,45,0,0
BRDA:848,45,1,0
BRDA:867,46,0,0
BRDA:867,46,1,0
BRDA:882,47,0,0
BRDA:882,47,1,0
BRDA:921,48,0,0
BRDA:921,48,1,0
BRDA:938,49,0,0
BRDA:938,49,1,0
BRDA:957,50,0,0
BRDA:957,50,1,0
BRDA:973,51,0,0
BRDA:973,51,1,0
BRDA:987,52,0,0
BRDA:987,52,1,0
BRF:105
BRH:15
end_of_record
