TN:
SF:src/app.js
FN:41,(anonymous_0)
FN:59,(anonymous_1)
FN:71,(anonymous_2)
FN:82,(anonymous_3)
FN:94,(anonymous_4)
FN:150,(anonymous_5)
FN:193,(anonymous_6)
FN:210,(anonymous_7)
FN:250,(anonymous_8)
FN:263,(anonymous_9)
FN:276,(anonymous_10)
FN:292,(anonymous_11)
FN:336,(anonymous_12)
FN:374,(anonymous_13)
FN:394,(anonymous_14)
FN:406,(anonymous_15)
FN:428,(anonymous_16)
FN:443,(anonymous_17)
FN:467,(anonymous_18)
FN:487,(anonymous_19)
FN:503,(anonymous_20)
FN:518,(anonymous_21)
FN:534,(anonymous_22)
FN:567,(anonymous_23)
FN:583,(anonymous_24)
FN:600,(anonymous_25)
FN:615,(anonymous_26)
FN:632,(anonymous_27)
FN:659,(anonymous_28)
FN:682,(anonymous_29)
FN:707,(anonymous_30)
FN:724,(anonymous_31)
FN:774,(anonymous_32)
FN:777,(anonymous_33)
FN:790,(anonymous_34)
FN:841,(anonymous_35)
FN:844,(anonymous_36)
FN:857,(anonymous_37)
FN:878,(anonymous_38)
FN:891,(anonymous_39)
FN:927,(anonymous_40)
FN:944,(anonymous_41)
FN:964,(anonymous_42)
FN:979,(anonymous_43)
FN:994,(anonymous_44)
FNF:45
FNH:10
FNDA:0,(anonymous_0)
FNDA:3,(anonymous_1)
FNDA:4,(anonymous_2)
FNDA:1,(anonymous_3)
FNDA:1,(anonymous_4)
FNDA:4,(anonymous_5)
FNDA:2,(anonymous_6)
FNDA:2,(anonymous_7)
FNDA:2,(anonymous_8)
FNDA:2,(anonymous_9)
FNDA:0,(anonymous_10)
FNDA:0,(anonymous_11)
FNDA:0,(anonymous_12)
FNDA:0,(anonymous_13)
FNDA:0,(anonymous_14)
FNDA:0,(anonymous_15)
FNDA:0,(anonymous_16)
FNDA:0,(anonymous_17)
FNDA:0,(anonymous_18)
FNDA:0,(anonymous_19)
FNDA:0,(anonymous_20)
FNDA:0,(anonymous_21)
FNDA:0,(anonymous_22)
FNDA:0,(anonymous_23)
FNDA:0,(anonymous_24)
FNDA:0,(anonymous_25)
FNDA:0,(anonymous_26)
FNDA:0,(anonymous_27)
FNDA:0,(anonymous_28)
FNDA:0,(anonymous_29)
FNDA:0,(anonymous_30)
FNDA:0,(anonymous_31)
FNDA:0,(anonymous_32)
FNDA:0,(anonymous_33)
FNDA:0,(anonymous_34)
FNDA:0,(anonymous_35)
FNDA:0,(anonymous_36)
FNDA:0,(anonymous_37)
FNDA:0,(anonymous_38)
FNDA:0,(anonymous_39)
FNDA:0,(anonymous_40)
FNDA:0,(anonymous_41)
FNDA:0,(anonymous_42)
FNDA:0,(anonymous_43)
FNDA:1,(anonymous_44)
DA:1,6
DA:2,6
DA:3,6
DA:4,6
DA:5,6
DA:7,6
DA:9,6
DA:10,6
DA:11,6
DA:12,6
DA:15,6
DA:20,6
DA:23,6
DA:25,6
DA:29,6
DA:30,6
DA:33,6
DA:34,0
DA:41,6
DA:42,0
DA:43,0
DA:45,0
DA:46,0
DA:49,0
DA:50,0
DA:51,0
DA:53,0
DA:54,0
DA:55,0
DA:59,6
DA:60,3
DA:62,3
DA:66,3
DA:67,1
DA:71,6
DA:72,4
DA:77,4
DA:78,1
DA:82,6
DA:83,1
DA:84,1
DA:89,1
DA:90,0
DA:94,6
DA:96,1
DA:98,1
DA:103,1
DA:105,0
DA:106,0
DA:108,0
DA:110,0
DA:138,0
DA:140,0
DA:142,0
DA:150,6
DA:151,4
DA:153,4
DA:155,4
DA:161,4
DA:162,1
DA:163,1
DA:168,3
DA:170,0
DA:173,3
DA:176,2
DA:179,2
DA:184,2
DA:185,0
DA:189,0
DA:193,2
DA:194,2
DA:210,2
DA:211,2
DA:227,2
DA:242,1
DA:244,2
DA:245,2
DA:250,6
DA:251,2
DA:253,2
DA:254,2
DA:255,1
DA:257,1
DA:258,1
DA:263,6
DA:264,2
DA:266,2
DA:267,2
DA:268,1
DA:270,1
DA:271,1
DA:276,6
DA:277,0
DA:279,0
DA:280,0
DA:281,0
DA:283,0
DA:284,0
DA:289,6
DA:293,0
DA:294,0
DA:296,0
DA:298,0
DA:304,0
DA:305,0
DA:306,0
DA:311,0
DA:313,0
DA:316,0
DA:319,0
DA:322,0
DA:327,0
DA:328,0
DA:332,0
DA:336,0
DA:337,0
DA:349,0
DA:365,0
DA:367,0
DA:368,0
DA:374,6
DA:375,0
DA:377,0
DA:383,0
DA:384,0
DA:387,0
DA:391,6
DA:395,0
DA:398,0
DA:405,0
DA:406,0
DA:407,0
DA:408,0
DA:410,0
DA:414,0
DA:419,0
DA:420,0
DA:423,0
DA:428,6
DA:429,0
DA:430,0
DA:435,0
DA:436,0
DA:439,0
DA:443,6
DA:444,0
DA:445,0
DA:447,0
DA:453,0
DA:459,0
DA:460,0
DA:463,0
DA:467,6
DA:468,0
DA:469,0
DA:471,0
DA:479,0
DA:480,0
DA:483,0
DA:487,6
DA:488,0
DA:490,0
DA:495,0
DA:496,0
DA:499,0
DA:503,6
DA:504,0
DA:505,0
DA:510,0
DA:511,0
DA:514,0
DA:518,6
DA:519,0
DA:520,0
DA:526,0
DA:527,0
DA:530,0
DA:534,6
DA:544,0
DA:546,0
DA:559,0
DA:560,0
DA:563,0
DA:567,6
DA:568,0
DA:570,0
DA:575,0
DA:576,0
DA:579,0
DA:583,6
DA:584,0
DA:586,0
DA:592,0
DA:593,0
DA:596,0
DA:600,6
DA:601,0
DA:602,0
DA:607,0
DA:608,0
DA:611,0
DA:615,6
DA:616,0
DA:617,0
DA:624,0
DA:625,0
DA:628,0
DA:632,6
DA:640,0
DA:642,0
DA:651,0
DA:652,0
DA:655,0
DA:659,6
DA:660,0
DA:661,0
DA:662,0
DA:674,0
DA:675,0
DA:678,0
DA:682,6
DA:683,0
DA:684,0
DA:699,0
DA:700,0
DA:703,0
DA:707,6
DA:708,0
DA:710,0
DA:716,0
DA:717,0
DA:720,0
DA:724,6
DA:733,0
DA:734,0
DA:743,0
DA:748,0
DA:749,0
DA:753,0
DA:768,0
DA:769,0
DA:773,0
DA:775,0
DA:778,0
DA:780,0
DA:781,0
DA:786,0
DA:790,6
DA:799,0
DA:800,0
DA:809,0
DA:814,0
DA:815,0
DA:819,0
DA:835,0
DA:836,0
DA:840,0
DA:842,0
DA:845,0
DA:847,0
DA:848,0
DA:853,0
DA:857,6
DA:858,0
DA:860,0
DA:866,0
DA:867,0
DA:870,0
DA:874,0
DA:878,6
DA:879,0
DA:881,0
DA:882,0
DA:885,0
DA:887,0
DA:891,6
DA:903,0
DA:905,0
DA:920,0
DA:921,0
DA:923,0
DA:927,6
DA:928,0
DA:930,0
DA:937,0
DA:938,0
DA:940,0
DA:944,6
DA:945,0
DA:946,0
DA:948,0
DA:956,0
DA:957,0
DA:960,0
DA:964,6
DA:965,0
DA:967,0
DA:972,0
DA:973,0
DA:975,0
DA:979,6
DA:980,0
DA:981,0
DA:986,0
DA:987,0
DA:990,0
DA:994,6
DA:995,1
DA:998,6
LF:309
LH:100
BRDA:33,0,0,0
BRDA:33,0,1,6
BRDA:33,1,0,6
BRDA:33,1,1,6
BRDA:43,2,0,0
BRDA:43,2,1,0
BRDA:45,3,0,0
BRDA:45,3,1,0
BRDA:50,4,0,0
BRDA:50,4,1,0
BRDA:66,5,0,2
BRDA:66,5,1,1
BRDA:77,6,0,3
BRDA:77,6,1,1
BRDA:89,7,0,1
BRDA:89,7,1,0
BRDA:103,8,0,1
BRDA:103,8,1,0
BRDA:108,9,0,0
BRDA:108,9,1,0
BRDA:110,10,0,0
BRDA:110,10,1,0
BRDA:140,11,0,0
BRDA:140,11,1,0
BRDA:144,12,0,0
BRDA:144,12,1,0
BRDA:161,13,0,1
BRDA:161,13,1,3
BRDA:168,14,0,0
BRDA:168,14,1,3
BRDA:184,15,0,0
BRDA:184,15,1,2
BRDA:293,16,0,0
BRDA:304,17,0,0
BRDA:304,17,1,0
BRDA:311,18,0,0
BRDA:311,18,1,0
BRDA:327,19,0,0
BRDA:327,19,1,0
BRDA:383,20,0,0
BRDA:383,20,1,0
BRDA:407,21,0,0
BRDA:407,21,1,0
BRDA:419,22,0,0
BRDA:419,22,1,0
BRDA:435,23,0,0
BRDA:435,23,1,0
BRDA:447,24,0,0
BRDA:447,24,1,0
BRDA:449,25,0,0
BRDA:449,25,1,0
BRDA:459,26,0,0
BRDA:459,26,1,0
BRDA:479,27,0,0
BRDA:479,27,1,0
BRDA:495,28,0,0
BRDA:495,28,1,0
BRDA:510,29,0,0
BRDA:510,29,1,0
BRDA:526,30,0,0
BRDA:526,30,1,0
BRDA:559,31,0,0
BRDA:559,31,1,0
BRDA:575,32,0,0
BRDA:575,32,1,0
BRDA:592,33,0,0
BRDA:592,33,1,0
BRDA:607,34,0,0
BRDA:607,34,1,0
BRDA:624,35,0,0
BRDA:624,35,1,0
BRDA:651,36,0,0
BRDA:651,36,1,0
BRDA:674,37,0,0
BRDA:674,37,1,0
BRDA:699,38,0,0
BRDA:699,38,1,0
BRDA:716,39,0,0
BRDA:716,39,1,0
BRDA:748,40,0,0
BRDA:748,40,1,0
BRDA:768,41,0,0
BRDA:768,41,1,0
BRDA:780,42,0,0
BRDA:780,42,1,0
BRDA:814,43,0,0
BRDA:814,43,1,0
BRDA:835,44,0,0
BRDA:835,44,1,0
BRDA:847,45,0,0
BRDA:847,45,1,0
BRDA:866,46,0,0
BRDA:866,46,1,0
BRDA:881,47,0,0
BRDA:881,47,1,0
BRDA:920,48,0,0
BRDA:920,48,1,0
BRDA:937,49,0,0
BRDA:937,49,1,0
BRDA:956,50,0,0
BRDA:956,50,1,0
BRDA:972,51,0,0
BRDA:972,51,1,0
BRDA:986,52,0,0
BRDA:986,52,1,0
BRF:105
BRH:13
end_of_record
